<?xml version="1.0" encoding="utf-8"?><testsuites name="pytest tests"><testsuite name="pytest" errors="0" failures="1" skipped="0" tests="4" time="0.088" timestamp="2026-06-12T11:59:14.687581+03:00" hostname="HavvaGulsen"><testcase classname="tests.critical.test_claude_phase5_critical_contracts" name="test_security_and_mail_contracts_are_covered" time="0.001" /><testcase classname="tests.critical.test_claude_phase5_critical_contracts" name="test_phase5_quality_gate_exists" time="0.000"><failure message="assert 'CRITICAL_TEST_PATTERNS' in 'from __future__ import annotations\n\nfrom pathlib import Path\n\n\nROOT = Path(__file__).resolve().parents[2]\n\nREQ...gnment_reminders&quot;,\n    &quot;build_mail_system_health_snapshot&quot;,\n]\n# BYS360_A5_P2D5_PHASE5_LIVE_CONTRACTS_ANCHOR_END\n\n'">tests\critical\test_claude_phase5_critical_contracts.py:120: in test_phase5_quality_gate_exists
    assert "CRITICAL_TEST_PATTERNS" in source
E   assert 'CRITICAL_TEST_PATTERNS' in 'from __future__ import annotations\n\nfrom pathlib import Path\n\n\nROOT = Path(__file__).resolve().parents[2]\n\nREQ...gnment_reminders",\n    "build_mail_system_health_snapshot",\n]\n# BYS360_A5_P2D5_PHASE5_LIVE_CONTRACTS_ANCHOR_END\n\n'</failure></testcase><testcase classname="tests.critical.test_claude_phase6_sql_performance_contracts" name="test_phase6_quality_gate_exists" time="0.000" /><testcase classname="tests.critical.test_claude_phase7_final_gate_contracts" name="test_phase7_quality_script_exists" time="0.000" /></testsuite></testsuites>