<?xml version="1.0" encoding="utf-8"?><testsuites name="pytest tests"><testsuite name="pytest" errors="0" failures="19" skipped="2" tests="732" time="30.844" timestamp="2026-06-12T09:43:52.967600+03:00" hostname="HavvaGulsen"><testcase classname="tests.architecture.test_ai_dashboard_panels_split" name="test_dashboard_panels_facade_is_thin" time="0.001" /><testcase classname="tests.architecture.test_ai_dashboard_panels_split" name="test_dashboard_panel_parts_are_not_monoliths" time="0.001" /><testcase classname="tests.architecture.test_ai_dashboard_panels_split" name="test_dashboard_panels_public_exports_exist" time="0.000"><failure message="assert 'build_repository_dashboard_ai_panel' in '\n&quot;&quot;&quot;AI panel public facade.\n\nBu modül eski import yolunu korur; gerçek üreticiler küçük dosyalara bölünmüştür.\nYe...ld_announcements_ai_panel&quot;,\n    &quot;build_announcement_form_ai_panel&quot;,\n    &quot;build_dashboard_ai_operations_bridge&quot;,\n]\n'">tests\architecture\test_ai_dashboard_panels_split.py:33: in test_dashboard_panels_public_exports_exist
    assert public_name in facade_text
E   assert 'build_repository_dashboard_ai_panel' in '\n"""AI panel public facade.\n\nBu modül eski import yolunu korur; gerçek üreticiler küçük dosyalara bölünmüştür.\nYe...ld_announcements_ai_panel",\n    "build_announcement_form_ai_panel",\n    "build_dashboard_ai_operations_bridge",\n]\n'</failure></testcase><testcase classname="tests.architecture.test_android_responsive_release_suite_p5d" name="test_android_responsive_release_suite_p5d_files_exist" time="0.000" /><testcase classname="tests.architecture.test_android_responsive_targeted_templates_p5c" name="test_android_responsive_targeted_templates_p5c_files_exist" time="0.000" /><testcase classname="tests.architecture.test_android_responsive_visual_regression_evidence_suite_p6b" name="test_android_responsive_visual_regression_evidence_suite_p6b_report_ok" time="0.000"><skipped type="pytest.skip" message="P6B report is generated by the repair/quality gate before targeted pytest.">C:\bys360\project\tests\architecture\test_android_responsive_visual_regression_evidence_suite_p6b.py:14: P6B report is generated by the repair/quality gate before targeted pytest.</skipped></testcase><testcase classname="tests.architecture.test_android_responsive_visual_regression_evidence_suite_p6b_v2" name="test_android_responsive_visual_regression_evidence_suite_p6b_v2_report_ok" time="0.000"><skipped type="pytest.skip" message="P6B V2 report is generated by the repair/quality gate before targeted pytest.">C:\bys360\project\tests\architecture\test_android_responsive_visual_regression_evidence_suite_p6b_v2.py:14: P6B V2 report is generated by the repair/quality gate before targeted pytest.</skipped></testcase><testcase classname="tests.architecture.test_architecture_scope_p2e" name="test_architecture_scope_conftest_exists_and_documents_active_gate" time="0.000" /><testcase classname="tests.architecture.test_architecture_scope_p2e" name="test_architecture_scope_keeps_current_mobile_gates_active" time="0.001" /><testcase classname="tests.architecture.test_core_refactor_faz1_contract" name="test_faz1_operational_helpers_are_outside_app_init" time="0.000" /><testcase classname="tests.architecture.test_core_refactor_faz1_contract" name="test_faz1_schema_guard_contract_survives_faz5_pipeline" time="0.000" /><testcase classname="tests.architecture.test_core_refactor_faz3_contract" name="test_schema_contract_is_outside_app_init" time="0.000" /><testcase classname="tests.architecture.test_core_refactor_faz3_contract" name="test_application_pipeline_uses_schema_contract" time="0.000" /><testcase classname="tests.architecture.test_core_refactor_faz4_contract" name="test_factory_setup_is_outside_app_init" time="0.000" /><testcase classname="tests.architecture.test_core_refactor_faz4_contract" name="test_application_pipeline_calls_factory_helpers" time="0.000" /><testcase classname="tests.architecture.test_login_home_redirect_contract" name="test_login_success_redirects_to_home_not_dashboard" time="0.000" /><testcase classname="tests.architecture.test_login_home_redirect_contract" name="test_first_login_security_flows_are_preserved" time="0.000" /><testcase classname="tests.architecture.test_login_home_redirect_contract" name="test_home_route_and_template_exist" time="0.000" /><testcase classname="tests.architecture.test_login_home_redirect_contract" name="test_root_index_keeps_authenticated_user_on_home" time="0.000" /><testcase classname="tests.architecture.test_message_faz10_closure_contract" name="test_message_lifecycle_service_exists_and_exports_contract" time="0.000" /><testcase classname="tests.architecture.test_message_faz10_closure_contract" name="test_message_routes_use_lifecycle_service_bridge" time="0.000" /><testcase classname="tests.architecture.test_message_faz10_closure_contract" name="test_message_routes_no_longer_hold_direct_edit_delete_db_mutation" time="0.000" /><testcase classname="tests.architecture.test_message_faz10_closure_contract" name="test_message_live_endpoints_are_preserved" time="0.000" /><testcase classname="tests.architecture.test_message_faz10_closure_contract" name="test_message_route_is_below_refactor_line_budget" time="0.000" /><testcase classname="tests.architecture.test_message_faz3_route_service_bridge" name="test_message_routes_use_service_bridge_for_low_risk_helpers" time="0.000" /><testcase classname="tests.architecture.test_message_faz3_route_service_bridge" name="test_message_live_write_flows_remain_in_route_in_phase3" time="0.000" /><testcase classname="tests.architecture.test_message_faz3_route_service_bridge" name="test_message_serialization_payload_keeps_mobile_contract" time="0.000" /><testcase classname="tests.architecture.test_message_faz5_compose_contract" name="test_compose_service_exports_expected_helpers" time="0.000" /><testcase classname="tests.architecture.test_message_faz5_compose_contract" name="test_routes_use_compose_service_bridge" time="0.000" /><testcase classname="tests.architecture.test_message_faz5_compose_contract" name="test_compose_service_does_not_take_over_send_writes" time="0.000" /><testcase classname="tests.architecture.test_message_faz5_compose_contract" name="test_live_send_routes_remain_present" time="0.000" /><testcase classname="tests.architecture.test_message_faz6_thread_live_contract" name="test_message_faz6_thread_detail_service_exists" time="0.000" /><testcase classname="tests.architecture.test_message_faz6_thread_live_contract" name="test_message_faz6_routes_use_service_bridge" time="0.000" /><testcase classname="tests.architecture.test_message_faz6_thread_live_contract" name="test_message_faz6_exports_are_public" time="0.000" /><testcase classname="tests.architecture.test_message_faz7_typing_reaction_contract" name="test_message_faz7_service_files_exist" time="0.000" /><testcase classname="tests.architecture.test_message_faz7_typing_reaction_contract" name="test_message_faz7_route_uses_service_bridge" time="0.000" /><testcase classname="tests.architecture.test_message_faz7_typing_reaction_contract" name="test_message_faz7_exports_service_functions" time="0.000" /><testcase classname="tests.architecture.test_message_faz7_typing_reaction_contract" name="test_message_faz7_typing_contract_guards" time="0.000" /><testcase classname="tests.architecture.test_message_faz7_typing_reaction_contract" name="test_message_faz7_reaction_contract_guards" time="0.000" /><testcase classname="tests.architecture.test_message_faz8_state_bridge_contract" name="test_faz8_state_service_functions_exist" time="0.000" /><testcase classname="tests.architecture.test_message_faz8_state_bridge_contract" name="test_faz8_state_functions_exported" time="0.000" /><testcase classname="tests.architecture.test_message_faz8_state_bridge_contract" name="test_faz8_routes_use_state_services" time="0.000" /><testcase classname="tests.architecture.test_message_faz8_state_bridge_contract" name="test_faz8_critical_write_routes_still_exist" time="0.000" /><testcase classname="tests.architecture.test_message_faz9_send_bridge_contract" name="test_message_send_service_exists" time="0.000" /><testcase classname="tests.architecture.test_message_faz9_send_bridge_contract" name="test_send_service_handles_commit_rollback_and_attachment_cleanup" time="0.000" /><testcase classname="tests.architecture.test_message_faz9_send_bridge_contract" name="test_route_uses_send_service_bridge_without_losing_tokens" time="0.000" /><testcase classname="tests.architecture.test_message_faz9_send_bridge_contract" name="test_service_exports_are_public" time="0.000" /><testcase classname="tests.architecture.test_message_live_contract" name="test_message_route_file_exists" time="0.000" /><testcase classname="tests.architecture.test_message_live_contract" name="test_message_live_endpoints_keep_guards" time="0.007" /><testcase classname="tests.architecture.test_message_live_contract" name="test_message_write_impls_are_present_for_future_refactor" time="0.002" /><testcase classname="tests.architecture.test_message_live_contract" name="test_message_db_writes_do_not_skip_basic_safety_keywords" time="0.001"><failure message="AssertionError: messages_send_impl commit sözleşmesi korunmalı&#10;assert 'db.session.commit' in 'def messages_send_impl(thread_id):\n    participant = _participant_for_thread(thread_id)\n\n    if not participant:\n...aj gönderilirken hata oluştu: {exc}&quot;, &quot;danger&quot;)\n\n    return _redirect_message_destination(thread_id=thread_id)\n\n\n'">tests\architecture\test_message_live_contract.py:82: in test_message_db_writes_do_not_skip_basic_safety_keywords
    assert "db.session.commit" in block, f"{function_name} commit sözleşmesi korunmalı"
E   AssertionError: messages_send_impl commit sözleşmesi korunmalı
E   assert 'db.session.commit' in 'def messages_send_impl(thread_id):\n    participant = _participant_for_thread(thread_id)\n\n    if not participant:\n...aj gönderilirken hata oluştu: {exc}", "danger")\n\n    return _redirect_message_destination(thread_id=thread_id)\n\n\n'</failure></testcase><testcase classname="tests.architecture.test_message_live_contract" name="test_message_send_attachment_and_notification_contract" time="0.001"><failure message="assert '_save_message_attachment' in 'def messages_send_impl(thread_id):\n    participant = _participant_for_thread(thread_id)\n\n    if not participant:\n...aj gönderilirken hata oluştu: {exc}&quot;, &quot;danger&quot;)\n\n    return _redirect_message_destination(thread_id=thread_id)\n\n\n'">tests\architecture\test_message_live_contract.py:90: in test_message_send_attachment_and_notification_contract
    assert "_save_message_attachment" in block
E   assert '_save_message_attachment' in 'def messages_send_impl(thread_id):\n    participant = _participant_for_thread(thread_id)\n\n    if not participant:\n...aj gönderilirken hata oluştu: {exc}", "danger")\n\n    return _redirect_message_destination(thread_id=thread_id)\n\n\n'</failure></testcase><testcase classname="tests.architecture.test_message_live_contract" name="test_message_service_file_security_symbols_exist" time="0.001"><failure message="AssertionError: message_service dosya güvenliği sözleşmesi eksik: resolve_message_attachment_download&#10;assert 'resolve_message_attachment_download' in 'from __future__ import annotations\n\n\n\nfrom app.core.datetime_utils import utc_now\nimport mimetypes\nimport uuid\...s:\n            continue\n        seen_survey_ids.add(survey_id)\n        visible.append(survey)\n    return visible\n'">tests\architecture\test_message_live_contract.py:106: in test_message_service_file_security_symbols_exist
    assert symbol in text, f"message_service dosya güvenliği sözleşmesi eksik: {symbol}"
E   AssertionError: message_service dosya güvenliği sözleşmesi eksik: resolve_message_attachment_download
E   assert 'resolve_message_attachment_download' in 'from __future__ import annotations\n\n\n\nfrom app.core.datetime_utils import utc_now\nimport mimetypes\nimport uuid\...s:\n            continue\n        seen_survey_ids.add(survey_id)\n        visible.append(survey)\n    return visible\n'</failure></testcase><testcase classname="tests.architecture.test_mobile_api_auth_dashboard_assistant_response_p3b_v3" name="test_mobile_auth_dashboard_assistant_response_gate_p3b_v3" time="1.849" /><testcase classname="tests.architecture.test_mobile_api_auth_guard_matrix_p4a" name="test_mobile_api_auth_guard_matrix_p4a" time="1.719" /><testcase classname="tests.architecture.test_mobile_api_behavior_smoke_p2b" name="test_mobile_domain_files_exist_and_compile" time="0.010" /><testcase classname="tests.architecture.test_mobile_api_behavior_smoke_p2b" name="test_mobile_route_contract_and_domain_ownership" time="0.002" /><testcase classname="tests.architecture.test_mobile_api_behavior_smoke_p2b" name="test_mobile_routes_py_is_facade_only" time="0.000" /><testcase classname="tests.architecture.test_mobile_api_contract_p2a" name="test_mobile_api_domain_contract_is_stable" time="0.019" /><testcase classname="tests.architecture.test_mobile_api_contract_p2a" name="test_mobile_api_expected_domains_compile" time="0.037" /><testcase classname="tests.architecture.test_mobile_api_performance_response_p3e" name="test_mobile_performance_response_gate_p3e" time="0.340" /><testcase classname="tests.architecture.test_mobile_api_personnel_kpi_communication_response_p3c_v2" name="test_mobile_personnel_kpi_communication_response_gate_p3c_v2" time="0.328" /><testcase classname="tests.architecture.test_mobile_api_request_level_smoke_p2c" name="test_mobile_api_request_level_smoke_contract_gate" time="0.154" /><testcase classname="tests.architecture.test_mobile_api_request_level_smoke_p2c_v3" name="test_mobile_api_request_level_smoke_contract_gate_v3" time="0.205" /><testcase classname="tests.architecture.test_mobile_api_request_scenarios_p3a" name="test_mobile_api_request_scenario_gate_p3a" time="2.936" /><testcase classname="tests.architecture.test_mobile_api_response_suite_p3f" name="test_mobile_api_response_suite_p3f" time="2.886" /><testcase classname="tests.architecture.test_mobile_api_role_boundary_matrix_p4b_v3" name="test_mobile_api_role_boundary_matrix_p4b_v3" time="2.054" /><testcase classname="tests.architecture.test_mobile_api_support_survey_notifications_response_p3d" name="test_mobile_support_survey_notifications_response_gate_p3d" time="0.464" /><testcase classname="tests.architecture.test_mobile_auth_dashboard_assistant_response_p3b_v2" name="test_mobile_auth_dashboard_assistant_response_gate_p3b_v2" time="4.045" /><testcase classname="tests.architecture.test_pytest_standard_p2d" name="test_pytest_standard_files_exist" time="0.000" /><testcase classname="tests.architecture.test_pytest_standard_p2d" name="test_mobile_architecture_tests_exist" time="0.000" /><testcase classname="tests.architecture.test_settings_faz1_service_contract" name="test_boolean_normalization_contract" time="0.000" /><testcase classname="tests.architecture.test_settings_faz1_service_contract" name="test_sensitive_value_is_masked" time="0.000" /><testcase classname="tests.architecture.test_settings_faz1_service_contract" name="test_menu_key_normalization_contract" time="0.000" /><testcase classname="tests.architecture.test_settings_faz1_service_contract" name="test_definition_contract" time="0.000" /><testcase classname="tests.architecture.test_settings_faz1_service_contract" name="test_change_payload_masks_sensitive_value" time="0.000" /><testcase classname="tests.architecture.test_survey_faz10_closure_contract" name="test_survey_route_contract_is_still_present" time="0.008" /><testcase classname="tests.architecture.test_survey_faz10_closure_contract" name="test_survey_service_exports_faz10_helpers" time="0.000" /><testcase classname="tests.architecture.test_survey_faz10_closure_contract" name="test_survey_route_is_below_closure_budget" time="0.001" /><testcase classname="tests.architecture.test_survey_faz5_results_service_contract" name="test_results_service_functions_exist" time="0.003" /><testcase classname="tests.architecture.test_survey_faz5_results_service_contract" name="test_results_service_is_exported" time="0.000" /><testcase classname="tests.architecture.test_survey_faz5_results_service_contract" name="test_routes_use_results_service_bridge" time="0.000" /><testcase classname="tests.architecture.test_survey_faz5_results_service_contract" name="test_survey_results_route_is_thin" time="0.004" /><testcase classname="tests.architecture.test_survey_faz5_results_service_contract" name="test_csv_export_route_is_thin" time="0.005" /><testcase classname="tests.architecture.test_survey_faz8_submission_bridge_contract" name="test_survey_submit_uses_submission_service_bridge" time="0.000" /><testcase classname="tests.architecture.test_survey_faz8_submission_bridge_contract" name="test_route_keeps_token_before_service_write" time="0.000" /><testcase classname="tests.architecture.test_survey_faz8_submission_bridge_contract" name="test_inline_answer_write_removed_from_route_submit" time="0.000" /><testcase classname="tests.architecture.test_survey_faz8_submission_bridge_contract" name="test_submission_service_owns_response_and_answer_write" time="0.000" /><testcase classname="tests.architecture.test_survey_faz8_submission_bridge_contract" name="test_package_exports_submission_bridge" time="0.000" /><testcase classname="tests.architecture.test_survey_faz9_state_bridge_contract" name="test_survey_state_service_exports_required_functions" time="0.000" /><testcase classname="tests.architecture.test_survey_faz9_state_bridge_contract" name="test_survey_routes_use_state_service_bridge" time="0.000" /><testcase classname="tests.architecture.test_survey_faz9_state_bridge_contract" name="test_survey_state_service_keeps_response_delete_guards" time="0.000" /><testcase classname="tests.behavior.test_async_pulse_refresh_behavior" name="test_save_pulse_entry_schedules_async_refresh_without_inline" time="0.000" /><testcase classname="tests.behavior.test_feedback_campaign_behavior" name="test_campaign_assignment_all_user_role_and_unit_behavior" time="0.000" /><testcase classname="tests.behavior.test_feedback_campaign_behavior" name="test_anonymous_campaign_submission_does_not_store_user_id" time="0.001" /><testcase classname="tests.behavior.test_feedback_campaign_behavior" name="test_required_campaign_question_blocks_empty_submission" time="0.000" /><testcase classname="tests.behavior.test_hr_date_rules_behavior" name="test_leave_date_ranges_overlap_on_shared_day" time="0.000" /><testcase classname="tests.behavior.test_hr_date_rules_behavior" name="test_leave_date_ranges_do_not_overlap_when_separate" time="0.000" /><testcase classname="tests.behavior.test_hr_date_rules_behavior" name="test_invalid_ranges_are_not_treated_as_overlap" time="0.000" /><testcase classname="tests.communication.test_communication_route_contracts" name="test_expected_routes_exist[phase4_routes.py-expected_routes0]" time="0.002" /><testcase classname="tests.communication.test_communication_route_contracts" name="test_expected_routes_exist[phase5_routes.py-expected_routes1]" time="0.001" /><testcase classname="tests.communication.test_communication_route_contracts" name="test_expected_routes_exist[feedback_routes.py-expected_routes2]" time="0.003" /><testcase classname="tests.communication.test_communication_route_contracts" name="test_feedback_export_uses_utf8_sig" time="0.000" /><testcase classname="tests.communication.test_communication_route_contracts" name="test_phase4_export_uses_utf8_sig" time="0.000" /><testcase classname="tests.communication.test_communication_route_contracts" name="test_no_direct_query_get_usage_in_communication_and_services" time="0.042"><failure message="AssertionError: query.get() kullanılan dosyalar bulundu: ['app\\services\\assignment_sync_service.py', 'app\\services\\corporate_information_center.py', 'app\\services\\instagram_portal_sync.py', 'app\\services\\leave_delegation_service.py', 'app\\services\\ai\\query_adapters.py', 'app\\services\\ai_decision\\category_group_center.py', 'app\\services\\messages\\compose.py', 'app\\services\\performance\\v2_1_6_category_period_integration.py', 'app\\services\\performance_v2\\chain.py', 'app\\services\\performance_v2\\sync_service.py']&#10;assert ['app\\servic...nter.py', ...] == []&#10;  &#10;  Left contains 10 more items, first extra item: 'app\\services\\assignment_sync_service.py'&#10;  Use -v to get more diff">tests\communication\test_communication_route_contracts.py:102: in test_no_direct_query_get_usage_in_communication_and_services
    assert offenders == [], f"query.get() kullanılan dosyalar bulundu: {offenders}"
E   AssertionError: query.get() kullanılan dosyalar bulundu: ['app\\services\\assignment_sync_service.py', 'app\\services\\corporate_information_center.py', 'app\\services\\instagram_portal_sync.py', 'app\\services\\leave_delegation_service.py', 'app\\services\\ai\\query_adapters.py', 'app\\services\\ai_decision\\category_group_center.py', 'app\\services\\messages\\compose.py', 'app\\services\\performance\\v2_1_6_category_period_integration.py', 'app\\services\\performance_v2\\chain.py', 'app\\services\\performance_v2\\sync_service.py']
E   assert ['app\\servic...nter.py', ...] == []
E     
E     Left contains 10 more items, first extra item: 'app\\services\\assignment_sync_service.py'
E     Use -v to get more diff</failure></testcase><testcase classname="tests.communication.test_feedback_contracts" name="test_feedback_routes_contains_core_handlers" time="0.000" /><testcase classname="tests.communication.test_feedback_contracts" name="test_feedback_service_contains_phase6_foundations" time="0.000" /><testcase classname="tests.communication.test_feedback_contracts" name="test_feedback_menu_contract_notes_present" time="0.000" /><testcase classname="tests.communication.test_phase8_route_contracts" name="test_phase8_routes_file_exists" time="0.000" /><testcase classname="tests.communication.test_phase8_route_contracts" name="test_phase8_templates_exist" time="0.000" /><testcase classname="tests.communication.test_phase9_route_contracts" name="test_phase9_expected_routes_exist" time="0.001" /><testcase classname="tests.communication.test_phase9_route_contracts" name="test_phase9_service_has_release_markdown_builder" time="0.000" /><testcase classname="tests.communication.test_phase9b_route_contracts" name="test_phase9b_routes_exist" time="0.001" /><testcase classname="tests.communication.test_phase9b_route_contracts" name="test_phase9b_templates_exist" time="0.000" /><testcase classname="tests.communication.test_phase9c_route_contracts" name="test_phase9c_routes_file_exists" time="0.000" /><testcase classname="tests.communication.test_phase9c_route_contracts" name="test_phase9c_templates_exist" time="0.000" /><testcase classname="tests.communication.test_phase9d_route_contracts" name="test_phase9d_routes_file_exists" time="0.000" /><testcase classname="tests.communication.test_phase9d_route_contracts" name="test_phase9d_templates_exist" time="0.000" /><testcase classname="tests.critical.test_claude_phase5_critical_contracts" name="test_live_settings_contract_is_covered" time="0.002" /><testcase classname="tests.critical.test_claude_phase5_critical_contracts" name="test_performance_manager_constitution_contract_is_covered" time="0.000" /><testcase classname="tests.critical.test_claude_phase5_critical_contracts" name="test_performance_visibility_and_chain_fields_remain_present" time="0.000" /><testcase classname="tests.critical.test_claude_phase5_critical_contracts" name="test_feedback_pulse_campaign_contract_is_covered" time="0.007" /><testcase classname="tests.critical.test_claude_phase5_critical_contracts" name="test_message_and_survey_contract_is_covered" time="0.004" /><testcase classname="tests.critical.test_claude_phase5_critical_contracts" name="test_ai_decision_support_contract_is_covered" time="0.002" /><testcase classname="tests.critical.test_claude_phase5_critical_contracts" name="test_security_and_mail_contracts_are_covered" time="0.000"><failure message="AssertionError: assert 'get_smtp_settings' in set()">tests\critical\test_claude_phase5_critical_contracts.py:112: in test_security_and_mail_contracts_are_covered
    assert name in mail_defs
E   AssertionError: assert 'get_smtp_settings' in set()</failure></testcase><testcase classname="tests.critical.test_claude_phase5_critical_contracts" name="test_phase5_quality_gate_exists" time="0.000"><failure message="AssertionError: assert False&#10; +  where False = exists()&#10; +    where exists = WindowsPath('C:/bys360/project/scripts/quality/check_critical_services_phase5_gate.py').exists">tests\critical\test_claude_phase5_critical_contracts.py:117: in test_phase5_quality_gate_exists
    assert gate.exists()
E   AssertionError: assert False
E    +  where False = exists()
E    +    where exists = WindowsPath('C:/bys360/project/scripts/quality/check_critical_services_phase5_gate.py').exists</failure></testcase><testcase classname="tests.critical.test_claude_phase6_sql_performance_contracts" name="test_phase6_index_catalog_covers_live_core_tables" time="0.001" /><testcase classname="tests.critical.test_claude_phase6_sql_performance_contracts" name="test_phase6_sql_generation_is_create_index_only" time="0.001" /><testcase classname="tests.critical.test_claude_phase6_sql_performance_contracts" name="test_phase6_query_guard_can_scan_without_db" time="0.141" /><testcase classname="tests.critical.test_claude_phase6_sql_performance_contracts" name="test_phase6_quality_gate_exists" time="0.000"><failure message="AssertionError: assert False&#10; +  where False = exists()&#10; +    where exists = WindowsPath('C:/bys360/project/scripts/quality/check_sql_performance_phase6_gate.py').exists">tests\critical\test_claude_phase6_sql_performance_contracts.py:60: in test_phase6_quality_gate_exists
    assert gate.exists()
E   AssertionError: assert False
E    +  where False = exists()
E    +    where exists = WindowsPath('C:/bys360/project/scripts/quality/check_sql_performance_phase6_gate.py').exists</failure></testcase><testcase classname="tests.critical.test_claude_phase7_final_gate_contracts" name="test_phase7_contract_module_is_complete" time="0.001" /><testcase classname="tests.critical.test_claude_phase7_final_gate_contracts" name="test_phase7_quality_script_exists" time="0.000"><failure message="AssertionError: assert False&#10; +  where False = exists()&#10; +    where exists = WindowsPath('scripts/quality/check_claude_phase7_final_gate.py').exists&#10; +      where WindowsPath('scripts/quality/check_claude_phase7_final_gate.py') = Path('scripts/quality/check_claude_phase7_final_gate.py')">tests\critical\test_claude_phase7_final_gate_contracts.py:24: in test_phase7_quality_script_exists
    assert Path("scripts/quality/check_claude_phase7_final_gate.py").exists()
E   AssertionError: assert False
E    +  where False = exists()
E    +    where exists = WindowsPath('scripts/quality/check_claude_phase7_final_gate.py').exists
E    +      where WindowsPath('scripts/quality/check_claude_phase7_final_gate.py') = Path('scripts/quality/check_claude_phase7_final_gate.py')</failure></testcase><testcase classname="tests.critical.test_v58_claude_roadmap_smoke" name="test_v58_assistant_context_processors_are_registered" time="0.139" /><testcase classname="tests.critical.test_v58_claude_roadmap_smoke" name="test_v58_critical_routes_never_return_500[/dashboard]" time="0.001" /><testcase classname="tests.critical.test_v58_claude_roadmap_smoke" name="test_v58_critical_routes_never_return_500[/dashboard/heavy-panels]" time="0.001" /><testcase classname="tests.critical.test_v58_claude_roadmap_smoke" name="test_v58_critical_routes_never_return_500[/settings]" time="0.001" /><testcase classname="tests.critical.test_v58_claude_roadmap_smoke" name="test_v58_critical_routes_never_return_500[/performance/feedback-pipeline]" time="0.221" /><testcase classname="tests.critical.test_v58_claude_roadmap_smoke" name="test_v58_critical_routes_never_return_500[/performance/feedback-corporate-cleanup]" time="0.053" /><testcase classname="tests.critical.test_v58_claude_roadmap_smoke" name="test_v58_critical_routes_never_return_500[/performance/process-tracking]" time="0.009" /><testcase classname="tests.critical.test_v58_claude_roadmap_smoke" name="test_v58_critical_routes_never_return_500[/performance/process-reports]" time="0.024" /><testcase classname="tests.critical.test_v58_claude_roadmap_smoke" name="test_v58_critical_routes_never_return_500[/performance/president-approvals/1/card]" time="0.007" /><testcase classname="tests.critical.test_v58_claude_roadmap_smoke" name="test_v58_critical_routes_never_return_500[/performance/feedback-aftercare]" time="0.271"><failure message="assert 500 != 500&#10; +  where 500 = &lt;WrapperTestResponse streamed [500 INTERNAL SERVER ERROR]&gt;.status_code">tests\critical\test_v58_claude_roadmap_smoke.py:47: in test_v58_critical_routes_never_return_500
    assert response.status_code != 500
E   assert 500 != 500
E    +  where 500 = &lt;WrapperTestResponse streamed [500 INTERNAL SERVER ERROR]&gt;.status_code</failure></testcase><testcase classname="tests.critical.test_v58_claude_roadmap_smoke" name="test_v58_critical_routes_never_return_500[/performance/feedback-final-gate]" time="0.025" /><testcase classname="tests.critical.test_v58_claude_roadmap_smoke" name="test_v58_smoke_route_count_contract" time="0.000" /><testcase classname="tests.critical.test_v59_4_assistant_shortcut_context" name="test_v59_4_assistant_shortcut_context_keys_are_always_available" time="0.006" /><testcase classname="tests.critical.test_v59_broad_route_smoke" name="test_static_route_list_is_broad_enough" time="0.000" /><testcase classname="tests.critical.test_v59_broad_route_smoke" name="test_v59_broad_routes_do_not_return_500" time="0.512" /><testcase classname="tests.integration.test_feedback_http_behavior" name="test_feedback_routes_exist_and_do_not_500[/feedback]" time="0.220" /><testcase classname="tests.integration.test_feedback_http_behavior" name="test_feedback_routes_exist_and_do_not_500[/feedback/pulse]" time="0.001" /><testcase classname="tests.integration.test_feedback_http_behavior" name="test_feedback_routes_exist_and_do_not_500[/feedback/pulse/history]" time="0.001" /><testcase classname="tests.integration.test_feedback_http_behavior" name="test_feedback_routes_exist_and_do_not_500[/feedback/pulse/analytics]" time="0.001" /><testcase classname="tests.integration.test_feedback_http_behavior" name="test_feedback_routes_exist_and_do_not_500[/feedback/admin/pulse-analytics]" time="0.001" /><testcase classname="tests.integration.test_feedback_http_behavior" name="test_feedback_routes_exist_and_do_not_500[/feedback/campaigns]" time="0.001" /><testcase classname="tests.integration.test_feedback_http_behavior" name="test_feedback_routes_exist_and_do_not_500[/feedback/results]" time="0.001" /><testcase classname="tests.performance.test_critical_performance_routes_smoke" name="test_feedback_pipeline_loads_without_500" time="0.146" /><testcase classname="tests.performance.test_critical_performance_routes_smoke" name="test_feedback_corporate_cleanup_no_500" time="0.015" /><testcase classname="tests.performance.test_critical_performance_routes_smoke" name="test_process_tracking_no_500" time="0.022" /><testcase classname="tests.performance.test_critical_performance_routes_smoke" name="test_process_reports_no_500" time="0.023" /><testcase classname="tests.performance.test_critical_performance_routes_smoke" name="test_president_approval_card_no_500" time="0.018" /><testcase classname="tests.performance.test_performance_completion_phase1_rule_center" name="test_phase1_score_comment_rules" time="0.006" /><testcase classname="tests.performance.test_performance_completion_phase1_rule_center" name="test_phase1_threshold_rules" time="0.010" /><testcase classname="tests.performance.test_performance_completion_phase1_rule_center" name="test_phase1_status_labels_are_institutional_turkish" time="0.005" /><testcase classname="tests.performance.test_performance_completion_phase1_rule_center" name="test_phase1_third_reviewer_comment_mode" time="0.000" /><testcase classname="tests.performance.test_performance_completion_phase1_rule_center" name="test_phase1_combined_decision" time="0.012" /><testcase classname="tests.performance.test_performance_completion_phase2_category_center" name="test_phase2_default_categories_are_institutional" time="0.000" /><testcase classname="tests.performance.test_performance_completion_phase2_category_center" name="test_phase2_category_normalization_and_assignment" time="0.000" /><testcase classname="tests.performance.test_performance_completion_phase2_category_center" name="test_phase2_category_average_does_not_expose_person_detail" time="0.000" /><testcase classname="tests.performance.test_performance_completion_phase3_visibility_scope" name="test_personnel_visibility_is_own_record_only" time="0.000" /><testcase classname="tests.performance.test_performance_completion_phase3_visibility_scope" name="test_manager_roles_are_scope_limited_not_personnel_detail_for_all" time="0.000" /><testcase classname="tests.performance.test_performance_completion_phase3_visibility_scope" name="test_president_and_admin_have_global_visibility_profile" time="0.000" /><testcase classname="tests.performance.test_performance_completion_phase3_visibility_scope" name="test_category_average_privacy_for_personnel" time="0.000" /><testcase classname="tests.performance.test_performance_completion_phase3_visibility_scope" name="test_corporate_access_denied_context" time="0.000" /><testcase classname="tests.performance.test_phase12_performance_rules_contract" name="test_core_visibility_and_terms_are_locked" time="0.000" /><testcase classname="tests.performance.test_phase12_performance_rules_contract" name="test_role_based_manager_rules_are_locked" time="0.000" /><testcase classname="tests.performance.test_phase12_performance_rules_contract" name="test_special_exceptions_are_locked" time="0.000" /><testcase classname="tests.performance.test_phase12_performance_rules_contract" name="test_third_manager_modes_are_locked" time="0.000" /><testcase classname="tests.performance.test_phase12_performance_rules_contract" name="test_explanation_and_threshold_rules_are_locked" time="0.000" /><testcase classname="tests.performance.test_phase12_performance_rules_contract" name="test_order_and_weight_helpers_are_locked" time="0.000" /><testcase classname="tests.quality.test_quality9_ci_safe_contract" name="test_ci_safe_scope_is_explicit_and_limited_to_quality_tests" time="0.000" /><testcase classname="tests.quality.test_quality9_ci_safe_contract" name="test_ci_workflow_runs_deterministic_quality_scope" time="0.000" /><testcase classname="tests.quality.test_quality9_ci_safe_contract" name="test_quality9_gate_supports_current_and_legacy_cli_arguments" time="0.000" /><testcase classname="tests.quality.test_quality9_ci_safe_contract" name="test_compat_endpoint_cleanup_module_is_available" time="0.000" /><testcase classname="tests.quality.test_quality9_ci_safe_contract" name="test_app_sources_have_no_print_calls" time="1.514" /><testcase classname="tests.release.test_final_quality_release_evidence_contract" name="test_release_evidence_manifest_has_required_core_items" time="0.000" /><testcase classname="tests.release.test_final_quality_release_evidence_contract" name="test_release_evidence_categories_cover_final_quality_dimensions" time="0.000" /><testcase classname="tests.release.test_final_quality_release_evidence_contract" name="test_release_evidence_items_have_paths_markers_and_release_value" time="0.000" /><testcase classname="tests.release.test_final_quality_release_evidence_contract" name="test_release_categories_reference_existing_manifest_keys" time="0.000" /><testcase classname="tests.release.test_final_quality_release_evidence_contract" name="test_final_release_forbidden_actions_are_policy_labels_not_runtime_calls" time="0.000" /><testcase classname="tests.release.test_final_quality_release_evidence_contract" name="test_final_quality_faz5_summary_is_final_lock" time="0.000" /><testcase classname="tests.security.test_admin_path_guard_contract" name="test_admin_path_guard_exists" time="0.000" /><testcase classname="tests.security.test_admin_path_guard_contract" name="test_setup_admin_only_first_install_contract" time="0.000" /><testcase classname="tests.security.test_audit_observability_contract" name="test_admin_guard_is_actually_called_before_request" time="0.000" /><testcase classname="tests.security.test_audit_observability_contract" name="test_denied_admin_access_is_audited" time="0.000" /><testcase classname="tests.security.test_audit_observability_contract" name="test_audit_event_service_is_best_effort" time="0.000" /><testcase classname="tests.security.test_final_quality_security_compliance_contract" name="test_security_compliance_controls_cover_kvkk_ts27001_iso42001_and_ai_governance" time="0.000" /><testcase classname="tests.security.test_final_quality_security_compliance_contract" name="test_personal_data_flows_are_bound_to_live_backbone_tables_and_audit" time="0.000" /><testcase classname="tests.security.test_final_quality_security_compliance_contract" name="test_security_audit_evidence_keeps_required_release_markers" time="0.000" /><testcase classname="tests.security.test_final_quality_security_compliance_contract" name="test_faz4_summary_declares_no_runtime_mutation_or_external_network" time="0.000" /><testcase classname="tests.security.test_final_quality_security_compliance_contract" name="test_security_forbidden_runtime_actions_are_named_as_policy_not_code_calls" time="0.000" /><testcase classname="tests.security.test_final_quality_security_source_contract" name="test_security_controls_have_either_source_path_or_source_token_evidence" time="0.030" /><testcase classname="tests.security.test_final_quality_security_source_contract" name="test_personal_data_flow_tables_are_documented_in_live_backbone_or_model_sources" time="0.004" /><testcase classname="tests.security.test_final_quality_security_source_contract" name="test_security_tests_do_not_call_external_network_or_mutate_database" time="0.001"><failure message="AssertionError: assert 2 &gt;= 3&#10; +  where 2 = len([WindowsPath('C:/bys360/project/tests/security/test_final_quality_security_compliance_contract.py'), WindowsPath('C:/bys360/project/tests/security/test_final_quality_security_source_contract.py')])">tests\security\test_final_quality_security_source_contract.py:62: in test_security_tests_do_not_call_external_network_or_mutate_database
    assert len(files) &gt;= 3
E   AssertionError: assert 2 &gt;= 3
E    +  where 2 = len([WindowsPath('C:/bys360/project/tests/security/test_final_quality_security_compliance_contract.py'), WindowsPath('C:/bys360/project/tests/security/test_final_quality_security_source_contract.py')])</failure></testcase><testcase classname="tests.services.test_final_quality_performance_rule_matrix" name="test_performance_role_matrix_keeps_final_manager_order" time="0.002" /><testcase classname="tests.services.test_final_quality_performance_rule_matrix" name="test_special_single_manager_rules_do_not_create_fake_waiting" time="0.002" /><testcase classname="tests.services.test_final_quality_performance_rule_matrix" name="test_president_only_special_roles_are_locked" time="0.002" /><testcase classname="tests.services.test_final_quality_performance_rule_matrix" name="test_rule_module_has_no_runtime_side_effects" time="0.000" /><testcase classname="tests.services.test_final_quality_performance_visibility_contract" name="test_visibility_rules_lock_no_blind_and_publish_before_employee_visibility" time="0.002" /><testcase classname="tests.services.test_final_quality_performance_visibility_contract" name="test_score_explanation_rules_are_fixed" time="0.002" /><testcase classname="tests.services.test_final_quality_performance_visibility_contract" name="test_scoring_contract_keeps_terms_and_thresholds" time="0.002" /><testcase classname="tests.services.test_final_quality_service_contract_manifest" name="test_live_service_area_manifest_covers_current_live_backbone" time="0.001" /><testcase classname="tests.services.test_final_quality_service_contract_manifest" name="test_performance_chain_contract_keeps_final_manager_rules" time="0.001" /><testcase classname="tests.services.test_final_quality_service_contract_manifest" name="test_weather_contract_is_safe_for_homepage" time="0.001" /><testcase classname="tests.services.test_final_quality_service_contract_manifest" name="test_contract_module_has_no_runtime_side_effects" time="0.000" /><testcase classname="tests.services.test_final_quality_third_manager_modes" name="test_third_manager_comment_mode_is_not_score_waiting" time="0.003" /><testcase classname="tests.services.test_final_quality_third_manager_modes" name="test_third_manager_score_mode_can_contribute_to_final_score" time="0.002" /><testcase classname="tests.services.test_final_quality_third_manager_modes" name="test_weight_total_contract_is_strictly_100_percent" time="0.002" /><testcase classname="tests.services.test_leave_delegation_contract" name="test_leave_delegation_gate_documents_same_level_delegate_and_employee_modes" time="0.000" /><testcase classname="tests.services.test_leave_delegation_contract" name="test_leave_delegation_runtime_sources_keep_required_tokens" time="0.001" /><testcase classname="tests.services.test_performance_assignments_contract" name="test_performance_assignments_keeps_coverage_and_delegation_contracts" time="0.000" /><testcase classname="tests.services.test_performance_assignments_contract" name="test_performance_assignments_does_not_turn_special_info_into_fatal_noise" time="0.000" /><testcase classname="tests.services.test_performance_common_contract" name="test_performance_common_preserves_manager_chain_core_fields" time="0.000" /><testcase classname="tests.services.test_performance_common_contract" name="test_performance_common_preserves_role_and_unit_normalization_contract" time="0.000" /><testcase classname="tests.services.test_sp_kpi_services" name="test_shared_kpi_completion_rate_boundaries" time="0.001" /><testcase classname="tests.services.test_sp_kpi_services" name="test_kpi_service_status_classification" time="0.001" /><testcase classname="tests.services.test_sp_kpi_services" name="test_dashboard_service_uses_shared_kpi_cap" time="0.001" /><testcase classname="tests.services.test_sp_kpi_services" name="test_target_service_prepare_update_contract" time="0.000" /><testcase classname="tests.services.test_sp_kpi_services" name="test_competency_payload_normalization" time="0.000" /><testcase classname="tests.test_10_10_core_static_gate" name="test_admin_org_units_has_single_owner" time="0.000" /><testcase classname="tests.test_10_10_core_static_gate" name="test_hr_reports_and_ai_breakdowns_are_defensive_templates" time="0.000" /><testcase classname="tests.test_10_10_core_static_gate" name="test_feedback_privacy_and_cache_are_kept" time="0.000" /><testcase classname="tests.test_10_10_core_static_gate" name="test_schema_guard_is_check_first_not_auto_repair_default" time="0.001"><failure message="assert 'auto_repair_schema and should_auto_repair_schema()' in '\n&quot;&quot;&quot;BYS360 application factory.\n\nBu dosya public ``create_app`` girişini, login user_loader sözleşmesini ve\nmevcu...n_optional_startup(app, &quot;Executive Summary routes&quot;, lambda: _register_executive_summary_module(app))\n    return app\n'">tests\test_10_10_core_static_gate.py:41: in test_schema_guard_is_check_first_not_auto_repair_default
    assert "auto_repair_schema and should_auto_repair_schema()" in app_init
E   assert 'auto_repair_schema and should_auto_repair_schema()' in '\n"""BYS360 application factory.\n\nBu dosya public ``create_app`` girişini, login user_loader sözleşmesini ve\nmevcu...n_optional_startup(app, "Executive Summary routes", lambda: _register_executive_summary_module(app))\n    return app\n'</failure></testcase><testcase classname="tests.test_10_10_core_static_gate" name="test_removed_modules_stay_out_of_live_scope_and_menus" time="0.001"><failure message="assert '&quot;portal&quot;: True' in '\n&quot;&quot;&quot;Canlı öncesi kapsam dışı modül kararları.\n\nBu dosya Faz 1/2 overlay ile birlikte tek merkezli bir karar noktas... return is_module_removed(name)\n\n\ndef get_removed_modules() -&gt; dict[str, bool]:\n    return dict(REMOVED_MODULES)\n'">tests\test_10_10_core_static_gate.py:51: in test_removed_modules_stay_out_of_live_scope_and_menus
    assert f'"{module}": True' in removed
E   assert '"portal": True' in '\n"""Canlı öncesi kapsam dışı modül kararları.\n\nBu dosya Faz 1/2 overlay ile birlikte tek merkezli bir karar noktas... return is_module_removed(name)\n\n\ndef get_removed_modules() -&gt; dict[str, bool]:\n    return dict(REMOVED_MODULES)\n'</failure></testcase><testcase classname="tests.test_10_10_core_static_gate" name="test_releaseignore_excludes_non_release_artifacts" time="0.000" /><testcase classname="tests.test_ai_analysis_excel_preview_static" name="test_faz7_excel_preview_has_no_import_contract" time="0.000" /><testcase classname="tests.test_ai_analysis_excel_preview_static" name="test_faz7_excel_preview_route_is_admin_ai_scoped" time="0.000" /><testcase classname="tests.test_ai_analysis_excel_preview_static" name="test_faz7_excel_preview_template_says_no_real_import_and_kvkk" time="0.000" /><testcase classname="tests.test_ai_analysis_excel_preview_static" name="test_ai_center_links_to_faz7_preview" time="0.000" /><testcase classname="tests.test_ai_executive_report_static" name="test_phase11_contract_is_read_only_and_safe" time="0.000" /><testcase classname="tests.test_ai_executive_report_static" name="test_phase11_routes_and_template_exist" time="0.000" /><testcase classname="tests.test_ai_recommendation_priority_static" name="test_faz9_service_is_read_only" time="0.000" /><testcase classname="tests.test_ai_recommendation_priority_static" name="test_faz9_routes_are_registered_on_main_bp" time="0.000" /><testcase classname="tests.test_ai_recommendation_priority_static" name="test_faz9_template_mentions_contract" time="0.000" /><testcase classname="tests.test_ai_routes" name="test_run_json_service_success" time="0.000" /><testcase classname="tests.test_ai_routes" name="test_run_json_service_maps_403" time="0.000" /><testcase classname="tests.test_ai_routes" name="test_run_json_service_maps_503" time="0.000" /><testcase classname="tests.test_claude_phase5_function_signatures" name="test_critical_function_exists_and_accepts_expected_parameters[build_category_average_summary_for_users-required_params0]" time="1.756" /><testcase classname="tests.test_claude_phase5_function_signatures" name="test_critical_function_exists_and_accepts_expected_parameters[build_phase10_report_context-required_params1]" time="1.841" /><testcase classname="tests.test_claude_phase5_function_signatures" name="test_critical_function_exists_and_accepts_expected_parameters[build_evaluation_flow_status-required_params2]" time="1.773" /><testcase classname="tests.test_claude_phase5_function_signatures" name="test_critical_function_exists_and_accepts_expected_parameters[_build_assistant_role_matrix-required_params3]" time="1.769" /><testcase classname="tests.test_claude_phase5_template_compilation" name="test_all_templates_parse_without_syntax_error[_action_suggestion_macros.html]" time="0.002" /><testcase classname="tests.test_claude_phase5_template_compilation" name="test_all_templates_parse_without_syntax_error[_communication_suite_macros.html]" time="0.002" /><testcase classname="tests.test_claude_phase5_template_compilation" name="test_all_templates_parse_without_syntax_error[_decision_support_macros.html]" time="0.001" /><testcase classname="tests.test_claude_phase5_template_compilation" name="test_all_templates_parse_without_syntax_error[_list_workspace_macros.html]" time="0.001" /><testcase classname="tests.test_claude_phase5_template_compilation" name="test_all_templates_parse_without_syntax_error[_management_workspace_macros.html]" time="0.001" /><testcase classname="tests.test_claude_phase5_template_compilation" name="test_all_templates_parse_without_syntax_error[_performance_workspace_macros.html]" time="0.002" /><testcase classname="tests.test_claude_phase5_template_compilation" name="test_all_templates_parse_without_syntax_error[_premium_ui_kit.html]" time="0.001" /><testcase classname="tests.test_claude_phase5_template_compilation" name="test_all_templates_parse_without_syntax_error[_premium_ui_macros.html]" time="0.001" /><testcase classname="tests.test_claude_phase5_template_compilation" name="test_all_templates_parse_without_syntax_error[_premium_workspace_macros.html]" time="0.002" /><testcase classname="tests.test_claude_phase5_template_compilation" name="test_all_templates_parse_without_syntax_error[about_bys360.html]" time="0.003" /><testcase classname="tests.test_claude_phase5_template_compilation" name="test_all_templates_parse_without_syntax_error[account.html]" time="0.002" /><testcase classname="tests.test_claude_phase5_template_compilation" name="test_all_templates_parse_without_syntax_error[account_change_password.html]" time="0.002" /><testcase classname="tests.test_claude_phase5_template_compilation" name="test_all_templates_parse_without_syntax_error[account_security_setup.html]" time="0.002" /><testcase classname="tests.test_claude_phase5_template_compilation" name="test_all_templates_parse_without_syntax_error[action_suggestion_macros.html]" time="0.001" /><testcase classname="tests.test_claude_phase5_template_compilation" name="test_all_templates_parse_without_syntax_error[admin/hierarchy_governance.html]" time="0.001" /><testcase classname="tests.test_claude_phase5_template_compilation" name="test_all_templates_parse_without_syntax_error[admin/performance_menu_visibility_settings.html]" time="0.001" /><testcase classname="tests.test_claude_phase5_template_compilation" name="test_all_templates_parse_without_syntax_error[admin/role_matrix_center.html]" time="0.003" /><testcase classname="tests.test_claude_phase5_template_compilation" name="test_all_templates_parse_without_syntax_error[admin_ai_acceptance_pack.html]" time="0.001" /><testcase classname="tests.test_claude_phase5_template_compilation" name="test_all_templates_parse_without_syntax_error[admin_ai_assignment_recommendations.html]" time="0.002" /><testcase classname="tests.test_claude_phase5_template_compilation" name="test_all_templates_parse_without_syntax_error[admin_ai_base.html]" time="0.001" /><testcase classname="tests.test_claude_phase5_template_compilation" name="test_all_templates_parse_without_syntax_error[admin_ai_center.html]" time="0.003" /><testcase classname="tests.test_claude_phase5_template_compilation" name="test_all_templates_parse_without_syntax_error[admin_ai_decision_history.html]" time="0.003" /><testcase classname="tests.test_claude_phase5_template_compilation" name="test_all_templates_parse_without_syntax_error[admin_ai_executive_brief.html]" time="0.002" /><testcase classname="tests.test_claude_phase5_template_compilation" name="test_all_templates_parse_without_syntax_error[admin_ai_executive_report.html]" time="0.003" /><testcase classname="tests.test_claude_phase5_template_compilation" name="test_all_templates_parse_without_syntax_error[admin_ai_feedback.html]" time="0.002" /><testcase classname="tests.test_claude_phase5_template_compilation" name="test_all_templates_parse_without_syntax_error[admin_ai_final_live_hardening.html]" time="0.003" /><testcase classname="tests.test_claude_phase5_template_compilation" name="test_all_templates_parse_without_syntax_error[admin_ai_go_live_readiness.html]" time="0.002" /><testcase classname="tests.test_claude_phase5_template_compilation" name="test_all_templates_parse_without_syntax_error[admin_ai_governance_hub.html]" time="0.001" /><testcase classname="tests.test_claude_phase5_template_compilation" name="test_all_templates_parse_without_syntax_error[admin_ai_governance_settings.html]" time="0.001" /><testcase classname="tests.test_claude_phase5_template_compilation" name="test_all_templates_parse_without_syntax_error[admin_ai_management_pack.html]" time="0.002" /><testcase classname="tests.test_claude_phase5_template_compilation" name="test_all_templates_parse_without_syntax_error[admin_ai_module_health.html]" time="0.002" /><testcase classname="tests.test_claude_phase5_template_compilation" name="test_all_templates_parse_without_syntax_error[admin_ai_notification_priority.html]" time="0.004" /><testcase classname="tests.test_claude_phase5_template_compilation" name="test_all_templates_parse_without_syntax_error[admin_ai_operations_report.html]" time="0.002" /><testcase classname="tests.test_claude_phase5_template_compilation" name="test_all_templates_parse_without_syntax_error[admin_ai_preflight.html]" time="0.002" /><testcase classname="tests.test_claude_phase5_template_compilation" name="test_all_templates_parse_without_syntax_error[admin_ai_prompt_compare.html]" time="0.002" /><testcase classname="tests.test_claude_phase5_template_compilation" name="test_all_templates_parse_without_syntax_error[admin_ai_quality_hub.html]" time="0.002" /><testcase classname="tests.test_claude_phase5_template_compilation" name="test_all_templates_parse_without_syntax_error[admin_ai_recommendations.html]" time="0.002" /><testcase classname="tests.test_claude_phase5_template_compilation" name="test_all_templates_parse_without_syntax_error[admin_ai_redaction_rules.html]" time="0.001" /><testcase classname="tests.test_claude_phase5_template_compilation" name="test_all_templates_parse_without_syntax_error[admin_ai_requests.html]" time="0.003" /><testcase classname="tests.test_claude_phase5_template_compilation" name="test_all_templates_parse_without_syntax_error[admin_ai_review_queue.html]" time="0.002" /><testcase classname="tests.test_claude_phase5_template_compilation" name="test_all_templates_parse_without_syntax_error[admin_ai_schema_not_ready.html]" time="0.001" /><testcase classname="tests.test_claude_phase5_template_compilation" name="test_all_templates_parse_without_syntax_error[admin_ai_settings.html]" time="0.004" /><testcase classname="tests.test_claude_phase5_template_compilation" name="test_all_templates_parse_without_syntax_error[admin_ai_smoke.html]" time="0.002" /><testcase classname="tests.test_claude_phase5_template_compilation" name="test_all_templates_parse_without_syntax_error[admin_ai_visibility_gate.html]" time="0.004" /><testcase classname="tests.test_claude_phase5_template_compilation" name="test_all_templates_parse_without_syntax_error[admin_ai_weekly_summary.html]" time="0.001" /><testcase classname="tests.test_claude_phase5_template_compilation" name="test_all_templates_parse_without_syntax_error[admin_analysis_excel_preview.html]" time="0.002" /><testcase classname="tests.test_claude_phase5_template_compilation" name="test_all_templates_parse_without_syntax_error[admin_analysis_recommendation_priority.html]" time="0.003" /><testcase classname="tests.test_claude_phase5_template_compilation" name="test_all_templates_parse_without_syntax_error[admin_analysis_visual_reports.html]" time="0.003" /><testcase classname="tests.test_claude_phase5_template_compilation" name="test_all_templates_parse_without_syntax_error[admin_dashboard.html]" time="0.003" /><testcase classname="tests.test_claude_phase5_template_compilation" name="test_all_templates_parse_without_syntax_error[admin_go_live_readiness.html]" time="0.003" /><testcase classname="tests.test_claude_phase5_template_compilation" name="test_all_templates_parse_without_syntax_error[admin_import_health_report.html]" time="0.003" /><testcase classname="tests.test_claude_phase5_template_compilation" name="test_all_templates_parse_without_syntax_error[admin_system_scan.html]" time="0.002" /><testcase classname="tests.test_claude_phase5_template_compilation" name="test_all_templates_parse_without_syntax_error[admin_user_create.html]" time="0.003" /><testcase classname="tests.test_claude_phase5_template_compilation" name="test_all_templates_parse_without_syntax_error[admin_user_edit.html]" time="0.006" /><testcase classname="tests.test_claude_phase5_template_compilation" name="test_all_templates_parse_without_syntax_error[admin_users.html]" time="0.005" /><testcase classname="tests.test_claude_phase5_template_compilation" name="test_all_templates_parse_without_syntax_error[ai_agent/_assistant_widget.html]" time="0.001" /><testcase classname="tests.test_claude_phase5_template_compilation" name="test_all_templates_parse_without_syntax_error[ai_agent/knowledge.html]" time="0.002" /><testcase classname="tests.test_claude_phase5_template_compilation" name="test_all_templates_parse_without_syntax_error[ai_agent/panel.html]" time="0.001" /><testcase classname="tests.test_claude_phase5_template_compilation" name="test_all_templates_parse_without_syntax_error[ai_decision/_development_guidance_panel.html]" time="0.001" /><testcase classname="tests.test_claude_phase5_template_compilation" name="test_all_templates_parse_without_syntax_error[ai_decision/_faz5_scorecard_decision_panel.html]" time="0.001" /><testcase classname="tests.test_claude_phase5_template_compilation" name="test_all_templates_parse_without_syntax_error[ai_decision/_faz6_low_performance_approval_panel.html]" time="0.001" /><testcase classname="tests.test_claude_phase5_template_compilation" name="test_all_templates_parse_without_syntax_error[ai_decision/_faz7_historical_archive_panel.html]" time="0.001" /><testcase classname="tests.test_claude_phase5_template_compilation" name="test_all_templates_parse_without_syntax_error[ai_decision/_faz8_period_scope_panel.html]" time="0.000" /><testcase classname="tests.test_claude_phase5_template_compilation" name="test_all_templates_parse_without_syntax_error[ai_decision/_faz9_reminder_panel.html]" time="0.001" /><testcase classname="tests.test_claude_phase5_template_compilation" name="test_all_templates_parse_without_syntax_error[ai_decision/_final_gate_panel.html]" time="0.001" /><testcase classname="tests.test_claude_phase5_template_compilation" name="test_all_templates_parse_without_syntax_error[ai_decision/_interim_feedback_panel.html]" time="0.001" /><testcase classname="tests.test_claude_phase5_template_compilation" name="test_all_templates_parse_without_syntax_error[ai_decision/faz10_interim_feedback.html]" time="0.001" /><testcase classname="tests.test_claude_phase5_template_compilation" name="test_all_templates_parse_without_syntax_error[ai_decision/faz11_development_guidance.html]" time="0.001" /><testcase classname="tests.test_claude_phase5_template_compilation" name="test_all_templates_parse_without_syntax_error[ai_decision/faz12_final_gate.html]" time="0.001" /><testcase classname="tests.test_claude_phase5_template_compilation" name="test_all_templates_parse_without_syntax_error[ai_decision/faz1_health.html]" time="0.001" /><testcase classname="tests.test_claude_phase5_template_compilation" name="test_all_templates_parse_without_syntax_error[ai_decision/faz1_health_layout.html]" time="0.002" /><testcase classname="tests.test_claude_phase5_template_compilation" name="test_all_templates_parse_without_syntax_error[announcement_new.html]" time="0.004" /><testcase classname="tests.test_claude_phase5_template_compilation" name="test_all_templates_parse_without_syntax_error[announcements_list.html]" time="0.005" /><testcase classname="tests.test_claude_phase5_template_compilation" name="test_all_templates_parse_without_syntax_error[assignment_audit_detail.html]" time="0.004" /><testcase classname="tests.test_claude_phase5_template_compilation" name="test_all_templates_parse_without_syntax_error[assignment_generate.html]" time="0.001" /><testcase classname="tests.test_claude_phase5_template_compilation" name="test_all_templates_parse_without_syntax_error[assignment_recommendations.html]" time="0.003" /><testcase classname="tests.test_claude_phase5_template_compilation" name="test_all_templates_parse_without_syntax_error[assignment_rule_audit.html]" time="0.001" /><testcase classname="tests.test_claude_phase5_template_compilation" name="test_all_templates_parse_without_syntax_error[assistant_training_bank.html]" time="0.002" /><testcase classname="tests.test_claude_phase5_template_compilation" name="test_all_templates_parse_without_syntax_error[base.html]" time="0.038" /><testcase classname="tests.test_claude_phase5_template_compilation" name="test_all_templates_parse_without_syntax_error[communication/_announcement_popup_runtime.html]" time="0.001" /><testcase classname="tests.test_claude_phase5_template_compilation" name="test_all_templates_parse_without_syntax_error[communication/_workspace_shell.html]" time="0.002" /><testcase classname="tests.test_claude_phase5_template_compilation" name="test_all_templates_parse_without_syntax_error[communication/announcement_popup_form.html]" time="0.004" /><testcase classname="tests.test_claude_phase5_template_compilation" name="test_all_templates_parse_without_syntax_error[communication/announcement_popup_manage.html]" time="0.003" /><testcase classname="tests.test_claude_phase5_template_compilation" name="test_all_templates_parse_without_syntax_error[communication/announcement_popup_report.html]" time="0.002" /><testcase classname="tests.test_claude_phase5_template_compilation" name="test_all_templates_parse_without_syntax_error[communication/daily_weather_mail_settings.html]" time="0.004" /><testcase classname="tests.test_claude_phase5_template_compilation" name="test_all_templates_parse_without_syntax_error[communication/phase1_bulletin_detail.html]" time="0.002" /><testcase classname="tests.test_claude_phase5_template_compilation" name="test_all_templates_parse_without_syntax_error[communication/phase1_bulletin_form.html]" time="0.001" /><testcase classname="tests.test_claude_phase5_template_compilation" name="test_all_templates_parse_without_syntax_error[communication/phase1_bulletins.html]" time="0.001" /><testcase classname="tests.test_claude_phase5_template_compilation" name="test_all_templates_parse_without_syntax_error[communication/phase1_dashboard.html]" time="0.002" /><testcase classname="tests.test_claude_phase5_template_compilation" name="test_all_templates_parse_without_syntax_error[communication/phase1_support_center.html]" time="0.001" /><testcase classname="tests.test_claude_phase5_template_compilation" name="test_all_templates_parse_without_syntax_error[communication/phase1_survey_center.html]" time="0.001" /><testcase classname="tests.test_claude_phase5_template_compilation" name="test_all_templates_parse_without_syntax_error[communication/phase2_bulletin_edit.html]" time="0.002" /><testcase classname="tests.test_claude_phase5_template_compilation" name="test_all_templates_parse_without_syntax_error[communication/phase2_bulletin_history.html]" time="0.001" /><testcase classname="tests.test_claude_phase5_template_compilation" name="test_all_templates_parse_without_syntax_error[communication/phase2_dashboard.html]" time="0.001" /><testcase classname="tests.test_claude_phase5_template_compilation" name="test_all_templates_parse_without_syntax_error[communication/phase2_survey_builder.html]" time="0.002" /><testcase classname="tests.test_claude_phase5_template_compilation" name="test_all_templates_parse_without_syntax_error[communication/phase2_survey_detail.html]" time="0.003" /><testcase classname="tests.test_claude_phase5_template_compilation" name="test_all_templates_parse_without_syntax_error[communication/phase2_survey_manager.html]" time="0.002" /><testcase classname="tests.test_claude_phase5_template_compilation" name="test_all_templates_parse_without_syntax_error[communication/phase2_survey_results.html]" time="0.001" /><testcase classname="tests.test_claude_phase5_template_compilation" name="test_all_templates_parse_without_syntax_error[communication/phase2_survey_template_form.html]" time="0.002" /><testcase classname="tests.test_claude_phase5_template_compilation" name="test_all_templates_parse_without_syntax_error[communication/phase2_survey_templates.html]" time="0.001" /><testcase classname="tests.test_claude_phase5_template_compilation" name="test_all_templates_parse_without_syntax_error[communication/phase3_dashboard.html]" time="0.002" /><testcase classname="tests.test_claude_phase5_template_compilation" name="test_all_templates_parse_without_syntax_error[communication/phase3_help_article.html]" time="0.001" /><testcase classname="tests.test_claude_phase5_template_compilation" name="test_all_templates_parse_without_syntax_error[communication/phase3_help_center.html]" time="0.001" /><testcase classname="tests.test_claude_phase5_template_compilation" name="test_all_templates_parse_without_syntax_error[communication/phase3_my_surveys.html]" time="0.002" /><testcase classname="tests.test_claude_phase5_template_compilation" name="test_all_templates_parse_without_syntax_error[communication/phase3_notifications.html]" time="0.002" /><testcase classname="tests.test_claude_phase5_template_compilation" name="test_all_templates_parse_without_syntax_error[communication/phase3_support_detail.html]" time="0.002" /><testcase classname="tests.test_claude_phase5_template_compilation" name="test_all_templates_parse_without_syntax_error[communication/phase3_support_queue.html]" time="0.001" /><testcase classname="tests.test_claude_phase5_template_compilation" name="test_all_templates_parse_without_syntax_error[communication/phase3_survey_take.html]" time="0.002" /><testcase classname="tests.test_claude_phase5_template_compilation" name="test_all_templates_parse_without_syntax_error[communication/phase4_dashboard.html]" time="0.003" /><testcase classname="tests.test_claude_phase5_template_compilation" name="test_all_templates_parse_without_syntax_error[communication/phase4_governance.html]" time="0.001" /><testcase classname="tests.test_claude_phase5_template_compilation" name="test_all_templates_parse_without_syntax_error[communication/phase4_report_detail.html]" time="0.002" /><testcase classname="tests.test_claude_phase5_template_compilation" name="test_all_templates_parse_without_syntax_error[communication/phase4_reports.html]" time="0.002" /><testcase classname="tests.test_claude_phase5_template_compilation" name="test_all_templates_parse_without_syntax_error[communication/phase4_support_analytics.html]" time="0.002" /><testcase classname="tests.test_claude_phase5_template_compilation" name="test_all_templates_parse_without_syntax_error[communication/phase4_survey_analytics.html]" time="0.002" /><testcase classname="tests.test_claude_phase5_template_compilation" name="test_all_templates_parse_without_syntax_error[communication/phase5_audit_logs.html]" time="0.001" /><testcase classname="tests.test_claude_phase5_template_compilation" name="test_all_templates_parse_without_syntax_error[communication/phase5_automation_center.html]" time="0.002" /><testcase classname="tests.test_claude_phase5_template_compilation" name="test_all_templates_parse_without_syntax_error[communication/phase5_dashboard.html]" time="0.001" /><testcase classname="tests.test_claude_phase5_template_compilation" name="test_all_templates_parse_without_syntax_error[communication/phase5_escalation_center.html]" time="0.002" /><testcase classname="tests.test_claude_phase5_template_compilation" name="test_all_templates_parse_without_syntax_error[communication/phase5_operational_health.html]" time="0.001" /><testcase classname="tests.test_claude_phase5_template_compilation" name="test_all_templates_parse_without_syntax_error[communication/phase5_preferences.html]" time="0.001" /><testcase classname="tests.test_claude_phase5_template_compilation" name="test_all_templates_parse_without_syntax_error[communication/phase5_retention_center.html]" time="0.001" /><testcase classname="tests.test_claude_phase5_template_compilation" name="test_all_templates_parse_without_syntax_error[communication/phase5_support_operations.html]" time="0.002" /><testcase classname="tests.test_claude_phase5_template_compilation" name="test_all_templates_parse_without_syntax_error[communication/phase8_cutover_center.html]" time="0.001" /><testcase classname="tests.test_claude_phase5_template_compilation" name="test_all_templates_parse_without_syntax_error[communication/phase8_dashboard.html]" time="0.002" /><testcase classname="tests.test_claude_phase5_template_compilation" name="test_all_templates_parse_without_syntax_error[communication/phase8_readiness_center.html]" time="0.001" /><testcase classname="tests.test_claude_phase5_template_compilation" name="test_all_templates_parse_without_syntax_error[communication/phase9_dashboard.html]" time="0.002" /><testcase classname="tests.test_claude_phase5_template_compilation" name="test_all_templates_parse_without_syntax_error[communication/phase9_first72_center.html]" time="0.001" /><testcase classname="tests.test_claude_phase5_template_compilation" name="test_all_templates_parse_without_syntax_error[communication/phase9_release_center.html]" time="0.002" /><testcase classname="tests.test_claude_phase5_template_compilation" name="test_all_templates_parse_without_syntax_error[communication/phase9a_dashboard.html]" time="0.002" /><testcase classname="tests.test_claude_phase5_template_compilation" name="test_all_templates_parse_without_syntax_error[communication/phase9a_preflight_center.html]" time="0.001" /><testcase classname="tests.test_claude_phase5_template_compilation" name="test_all_templates_parse_without_syntax_error[communication/phase9b_dashboard.html]" time="0.002" /><testcase classname="tests.test_claude_phase5_template_compilation" name="test_all_templates_parse_without_syntax_error[communication/phase9b_transition_center.html]" time="0.002" /><testcase classname="tests.test_claude_phase5_template_compilation" name="test_all_templates_parse_without_syntax_error[communication/phase9c_dashboard.html]" time="0.002" /><testcase classname="tests.test_claude_phase5_template_compilation" name="test_all_templates_parse_without_syntax_error[communication/phase9c_pilot_opening_center.html]" time="0.002" /><testcase classname="tests.test_claude_phase5_template_compilation" name="test_all_templates_parse_without_syntax_error[communication/phase9d_dashboard.html]" time="0.002" /><testcase classname="tests.test_claude_phase5_template_compilation" name="test_all_templates_parse_without_syntax_error[communication/phase9d_stabilization_center.html]" time="0.002" /><testcase classname="tests.test_claude_phase5_template_compilation" name="test_all_templates_parse_without_syntax_error[communication_dashboard.html]" time="0.002" /><testcase classname="tests.test_claude_phase5_template_compilation" name="test_all_templates_parse_without_syntax_error[communication_suite_macros.html]" time="0.002" /><testcase classname="tests.test_claude_phase5_template_compilation" name="test_all_templates_parse_without_syntax_error[components/_stub_ai_panel.html]" time="0.001" /><testcase classname="tests.test_claude_phase5_template_compilation" name="test_all_templates_parse_without_syntax_error[corporate_information_center/base.html]" time="0.004" /><testcase classname="tests.test_claude_phase5_template_compilation" name="test_all_templates_parse_without_syntax_error[corporate_information_center/celebrations.html]" time="0.005" /><testcase classname="tests.test_claude_phase5_template_compilation" name="test_all_templates_parse_without_syntax_error[corporate_information_center/logs.html]" time="0.002" /><testcase classname="tests.test_claude_phase5_template_compilation" name="test_all_templates_parse_without_syntax_error[corporate_information_center/overview.html]" time="0.003" /><testcase classname="tests.test_claude_phase5_template_compilation" name="test_all_templates_parse_without_syntax_error[corporate_information_center/recipients.html]" time="0.003" /><testcase classname="tests.test_claude_phase5_template_compilation" name="test_all_templates_parse_without_syntax_error[corporate_information_center/system.html]" time="0.001" /><testcase classname="tests.test_claude_phase5_template_compilation" name="test_all_templates_parse_without_syntax_error[corporate_information_center/tasks.html]" time="0.001" /><testcase classname="tests.test_claude_phase5_template_compilation" name="test_all_templates_parse_without_syntax_error[corporate_information_center/templates.html]" time="0.002" /><testcase classname="tests.test_claude_phase5_template_compilation" name="test_all_templates_parse_without_syntax_error[corporate_information_center/test.html]" time="0.003" /><testcase classname="tests.test_claude_phase5_template_compilation" name="test_all_templates_parse_without_syntax_error[criteria.html]" time="0.003" /><testcase classname="tests.test_claude_phase5_template_compilation" name="test_all_templates_parse_without_syntax_error[criteria_create.html]" time="0.001" /><testcase classname="tests.test_claude_phase5_template_compilation" name="test_all_templates_parse_without_syntax_error[criteria_edit.html]" time="0.001" /><testcase classname="tests.test_claude_phase5_template_compilation" name="test_all_templates_parse_without_syntax_error[dashboard/executive_summary.html]" time="0.003" /><testcase classname="tests.test_claude_phase5_template_compilation" name="test_all_templates_parse_without_syntax_error[dashboard.html]" time="0.005" /><testcase classname="tests.test_claude_phase5_template_compilation" name="test_all_templates_parse_without_syntax_error[db_check.html]" time="0.005" /><testcase classname="tests.test_claude_phase5_template_compilation" name="test_all_templates_parse_without_syntax_error[decision_support_macros.html]" time="0.001" /><testcase classname="tests.test_claude_phase5_template_compilation" name="test_all_templates_parse_without_syntax_error[errors/403.html]" time="0.001" /><testcase classname="tests.test_claude_phase5_template_compilation" name="test_all_templates_parse_without_syntax_error[errors/503.html]" time="0.001" /><testcase classname="tests.test_claude_phase5_template_compilation" name="test_all_templates_parse_without_syntax_error[evaluation_form.html]" time="0.010" /><testcase classname="tests.test_claude_phase5_template_compilation" name="test_all_templates_parse_without_syntax_error[evaluation_tasks.html]" time="0.004" /><testcase classname="tests.test_claude_phase5_template_compilation" name="test_all_templates_parse_without_syntax_error[excel_import.html]" time="0.002" /><testcase classname="tests.test_claude_phase5_template_compilation" name="test_all_templates_parse_without_syntax_error[executive_summary/daily_mail_tasks_premium.html]" time="0.003" /><testcase classname="tests.test_claude_phase5_template_compilation" name="test_all_templates_parse_without_syntax_error[executive_summary/daily_mail_tasks_v1_4.html]" time="0.004" /><testcase classname="tests.test_claude_phase5_template_compilation" name="test_all_templates_parse_without_syntax_error[executive_summary/daily_weather_mail_tasks.html]" time="0.003" /><testcase classname="tests.test_claude_phase5_template_compilation" name="test_all_templates_parse_without_syntax_error[executive_summary/executive_mail_center.html]" time="0.002" /><testcase classname="tests.test_claude_phase5_template_compilation" name="test_all_templates_parse_without_syntax_error[executive_summary/executive_mail_logs.html]" time="0.001" /><testcase classname="tests.test_claude_phase5_template_compilation" name="test_all_templates_parse_without_syntax_error[executive_summary/executive_mail_recipients.html]" time="0.002" /><testcase classname="tests.test_claude_phase5_template_compilation" name="test_all_templates_parse_without_syntax_error[executive_summary/executive_mail_scheduled_jobs.html]" time="0.001" /><testcase classname="tests.test_claude_phase5_template_compilation" name="test_all_templates_parse_without_syntax_error[executive_summary/executive_mail_tasks.html]" time="0.001" /><testcase classname="tests.test_claude_phase5_template_compilation" name="test_all_templates_parse_without_syntax_error[executive_summary/executive_mail_test.html]" time="0.001" /><testcase classname="tests.test_claude_phase5_template_compilation" name="test_all_templates_parse_without_syntax_error[executive_summary/mail_center/base.html]" time="0.001" /><testcase classname="tests.test_claude_phase5_template_compilation" name="test_all_templates_parse_without_syntax_error[executive_summary/mail_center/logs.html]" time="0.001" /><testcase classname="tests.test_claude_phase5_template_compilation" name="test_all_templates_parse_without_syntax_error[executive_summary/mail_center/overview.html]" time="0.001" /><testcase classname="tests.test_claude_phase5_template_compilation" name="test_all_templates_parse_without_syntax_error[executive_summary/mail_center/recipients.html]" time="0.001" /><testcase classname="tests.test_claude_phase5_template_compilation" name="test_all_templates_parse_without_syntax_error[executive_summary/mail_center/scheduler.html]" time="0.001" /><testcase classname="tests.test_claude_phase5_template_compilation" name="test_all_templates_parse_without_syntax_error[executive_summary/mail_center/tasks.html]" time="0.001" /><testcase classname="tests.test_claude_phase5_template_compilation" name="test_all_templates_parse_without_syntax_error[executive_summary/mail_center/test.html]" time="0.001" /><testcase classname="tests.test_claude_phase5_template_compilation" name="test_all_templates_parse_without_syntax_error[executive_summary/yonetici_ozeti.html]" time="0.001" /><testcase classname="tests.test_claude_phase5_template_compilation" name="test_all_templates_parse_without_syntax_error[feedback/action_list.html]" time="0.002" /><testcase classname="tests.test_claude_phase5_template_compilation" name="test_all_templates_parse_without_syntax_error[feedback/admin_campaign_new_bys360_live.html]" time="0.001" /><testcase classname="tests.test_claude_phase5_template_compilation" name="test_all_templates_parse_without_syntax_error[feedback/campaign_form.html]" time="0.002" /><testcase classname="tests.test_claude_phase5_template_compilation" name="test_all_templates_parse_without_syntax_error[feedback/campaign_list.html]" time="0.002" /><testcase classname="tests.test_claude_phase5_template_compilation" name="test_all_templates_parse_without_syntax_error[feedback/campaign_manage.html]" time="0.003" /><testcase classname="tests.test_claude_phase5_template_compilation" name="test_all_templates_parse_without_syntax_error[feedback/campaign_take.html]" time="0.003" /><testcase classname="tests.test_claude_phase5_template_compilation" name="test_all_templates_parse_without_syntax_error[feedback/dashboard.html]" time="0.003" /><testcase classname="tests.test_claude_phase5_template_compilation" name="test_all_templates_parse_without_syntax_error[feedback/manager_view.html]" time="0.003" /><testcase classname="tests.test_claude_phase5_template_compilation" name="test_all_templates_parse_without_syntax_error[feedback/pulse_analytics.html]" time="0.003" /><testcase classname="tests.test_claude_phase5_template_compilation" name="test_all_templates_parse_without_syntax_error[feedback/pulse_form.html]" time="0.003" /><testcase classname="tests.test_claude_phase5_template_compilation" name="test_all_templates_parse_without_syntax_error[feedback/pulse_history.html]" time="0.002" /><testcase classname="tests.test_claude_phase5_template_compilation" name="test_all_templates_parse_without_syntax_error[feedback/quick_feedback.html]" time="0.003" /><testcase classname="tests.test_claude_phase5_template_compilation" name="t
[...]
l]" time="0.005" /><testcase classname="tests.test_claude_phase5_template_compilation" name="test_all_templates_parse_without_syntax_error[reports_pdf.html]" time="0.002" /><testcase classname="tests.test_claude_phase5_template_compilation" name="test_all_templates_parse_without_syntax_error[scorecard.html]" time="0.005" /><testcase classname="tests.test_claude_phase5_template_compilation" name="test_all_templates_parse_without_syntax_error[scorecard_pdf.html]" time="0.005" /><testcase classname="tests.test_claude_phase5_template_compilation" name="test_all_templates_parse_without_syntax_error[settings.html]" time="0.016" /><testcase classname="tests.test_claude_phase5_template_compilation" name="test_all_templates_parse_without_syntax_error[setup_admin.html]" time="0.001" /><testcase classname="tests.test_claude_phase5_template_compilation" name="test_all_templates_parse_without_syntax_error[strategic_performance/access_denied.html]" time="0.001" /><testcase classname="tests.test_claude_phase5_template_compilation" name="test_all_templates_parse_without_syntax_error[strategic_performance/ai_kpi_analysis.html]" time="0.001" /><testcase classname="tests.test_claude_phase5_template_compilation" name="test_all_templates_parse_without_syntax_error[strategic_performance/competency_library.html]" time="0.002" /><testcase classname="tests.test_claude_phase5_template_compilation" name="test_all_templates_parse_without_syntax_error[strategic_performance/kpi_dashboard.html]" time="0.002" /><testcase classname="tests.test_claude_phase5_template_compilation" name="test_all_templates_parse_without_syntax_error[strategic_performance/role_competency_templates.html]" time="0.001" /><testcase classname="tests.test_claude_phase5_template_compilation" name="test_all_templates_parse_without_syntax_error[strategic_performance/self_review_form.html]" time="0.002" /><testcase classname="tests.test_claude_phase5_template_compilation" name="test_all_templates_parse_without_syntax_error[strategic_performance/self_review_manager.html]" time="0.001" /><testcase classname="tests.test_claude_phase5_template_compilation" name="test_all_templates_parse_without_syntax_error[strategic_performance/sp1j_final_marker.html]" time="0.000" /><testcase classname="tests.test_claude_phase5_template_compilation" name="test_all_templates_parse_without_syntax_error[strategic_performance/target_form.html]" time="0.002" /><testcase classname="tests.test_claude_phase5_template_compilation" name="test_all_templates_parse_without_syntax_error[strategic_performance/target_list.html]" time="0.003" /><testcase classname="tests.test_claude_phase5_template_compilation" name="test_all_templates_parse_without_syntax_error[support/_tabs.html]" time="0.001" /><testcase classname="tests.test_claude_phase5_template_compilation" name="test_all_templates_parse_without_syntax_error[support/detail.html]" time="0.004" /><testcase classname="tests.test_claude_phase5_template_compilation" name="test_all_templates_parse_without_syntax_error[support/help_admin_form.html]" time="0.003" /><testcase classname="tests.test_claude_phase5_template_compilation" name="test_all_templates_parse_without_syntax_error[support/help_admin_list.html]" time="0.002" /><testcase classname="tests.test_claude_phase5_template_compilation" name="test_all_templates_parse_without_syntax_error[support/help_article.html]" time="0.002" /><testcase classname="tests.test_claude_phase5_template_compilation" name="test_all_templates_parse_without_syntax_error[support/help_category.html]" time="0.001" /><testcase classname="tests.test_claude_phase5_template_compilation" name="test_all_templates_parse_without_syntax_error[support/help_role.html]" time="0.001" /><testcase classname="tests.test_claude_phase5_template_compilation" name="test_all_templates_parse_without_syntax_error[support/help_search.html]" time="0.001" /><testcase classname="tests.test_claude_phase5_template_compilation" name="test_all_templates_parse_without_syntax_error[support/index.html]" time="0.004" /><testcase classname="tests.test_claude_phase5_template_compilation" name="test_all_templates_parse_without_syntax_error[support/list.html]" time="0.004" /><testcase classname="tests.test_claude_phase5_template_compilation" name="test_all_templates_parse_without_syntax_error[support/new.html]" time="0.002" /><testcase classname="tests.test_claude_phase5_template_compilation" name="test_all_templates_parse_without_syntax_error[support/setup.html]" time="0.001" /><testcase classname="tests.test_claude_phase5_template_compilation" name="test_all_templates_parse_without_syntax_error[survey_create.html]" time="0.005" /><testcase classname="tests.test_claude_phase5_template_compilation" name="test_all_templates_parse_without_syntax_error[survey_edit.html]" time="0.007" /><testcase classname="tests.test_claude_phase5_template_compilation" name="test_all_templates_parse_without_syntax_error[survey_manage.html]" time="0.007" /><testcase classname="tests.test_claude_phase5_template_compilation" name="test_all_templates_parse_without_syntax_error[survey_results.html]" time="0.005" /><testcase classname="tests.test_claude_phase5_template_compilation" name="test_all_templates_parse_without_syntax_error[survey_take.html]" time="0.006" /><testcase classname="tests.test_claude_phase5_template_compilation" name="test_all_templates_parse_without_syntax_error[surveys_list.html]" time="0.005" /><testcase classname="tests.test_claude_phase5_template_compilation" name="test_all_templates_parse_without_syntax_error[task_management.html]" time="0.009" /><testcase classname="tests.test_claude_phase5_template_compilation" name="test_all_templates_parse_without_syntax_error[team_compare.html]" time="0.004" /><testcase classname="tests.test_claude_phase5_template_compilation" name="test_all_templates_parse_without_syntax_error[team_performance_comparison_history.html]" time="0.003" /><testcase classname="tests.test_claude_phase5_template_compilation" name="test_all_templates_parse_without_syntax_error[weight_create.html]" time="0.001" /><testcase classname="tests.test_claude_phase5_template_compilation" name="test_all_templates_parse_without_syntax_error[weight_edit.html]" time="0.001" /><testcase classname="tests.test_claude_phase5_template_compilation" name="test_all_templates_parse_without_syntax_error[weights.html]" time="0.002" /><testcase classname="tests.test_claude_phase5_template_compilation" name="test_all_templates_parse_without_syntax_error[workflow/dashboard.html]" time="0.002" /><testcase classname="tests.test_claude_phase5_template_compilation" name="test_all_templates_parse_without_syntax_error[workflow/delays.html]" time="0.001" /><testcase classname="tests.test_claude_phase5_template_compilation" name="test_all_templates_parse_without_syntax_error[workflow/executive_dashboard.html]" time="0.002" /><testcase classname="tests.test_claude_phase5_template_compilation" name="test_all_templates_parse_without_syntax_error[workflow/modules.html]" time="0.002" /><testcase classname="tests.test_claude_phase5_template_compilation" name="test_all_templates_parse_without_syntax_error[workflow/notifications.html]" time="0.001" /><testcase classname="tests.test_claude_phase5_template_compilation" name="test_all_templates_parse_without_syntax_error[workflow/president_approvals.html]" time="0.001" /><testcase classname="tests.test_claude_phase5_template_compilation" name="test_all_templates_parse_without_syntax_error[workflow/timeline.html]" time="0.002" /><testcase classname="tests.test_compat_redirects" name="test_soft_redirect_targets_endpoint" time="0.001" /><testcase classname="tests.test_datetime_utils" name="test_utc_now_returns_datetime" time="0.000" /><testcase classname="tests.test_datetime_utils" name="test_utc_now_aware_returns_timezone_aware_datetime" time="0.000" /><testcase classname="tests.test_error_support" name="test_classify_exception_integrity" time="0.000" /><testcase classname="tests.test_error_support" name="test_classify_exception_database" time="0.000" /><testcase classname="tests.test_error_support" name="test_humanize_validation_error_uses_message" time="0.000" /><testcase classname="tests.test_feedback_admin_endpoint_static" name="test_feedback_admin_pulse_endpoint_is_registered_separately" time="0.000" /><testcase classname="tests.test_feedback_privacy_static" name="test_anonymous_pulse_rows_do_not_feed_named_risk_list" time="0.000" /><testcase classname="tests.test_feedback_pulse_admin_tab_static" name="test_admin_pulse_analytics_route_exists" time="0.000" /><testcase classname="tests.test_feedback_pulse_admin_tab_static" name="test_base_has_separate_pulse_analysis_menu_item" time="0.001"><failure message="assert &quot;current_ep in ['main.feedback_pulse_analytics', 'main.feedback_admin_pulse_analytics']&quot; in '\ufeff\n\n{# BYS360_BASE_CLEAN_V13: temiz, sabit ve rol bazlı ana iskelet #}\n&lt;!doctype html&gt;\n&lt;html lang=&quot;tr&quot;&gt;\n&lt;hea...pletion_v2.js\') }}?v=2&quot; defer&gt;&lt;/script&gt;\n&lt;!-- /BYS360_ANDROID_RESPONSIVE_COMPLETION_V2_JS --&gt;\n&lt;/body&gt;\n&lt;/html&gt;\n\n\n'">tests\test_feedback_pulse_admin_tab_static.py:19: in test_base_has_separate_pulse_analysis_menu_item
    assert "current_ep in ['main.feedback_pulse_analytics', 'main.feedback_admin_pulse_analytics']" in text
E   assert "current_ep in ['main.feedback_pulse_analytics', 'main.feedback_admin_pulse_analytics']" in '\ufeff\n\n{# BYS360_BASE_CLEAN_V13: temiz, sabit ve rol bazlı ana iskelet #}\n&lt;!doctype html&gt;\n&lt;html lang="tr"&gt;\n&lt;hea...pletion_v2.js\') }}?v=2" defer&gt;&lt;/script&gt;\n&lt;!-- /BYS360_ANDROID_RESPONSIVE_COMPLETION_V2_JS --&gt;\n&lt;/body&gt;\n&lt;/html&gt;\n\n\n'</failure></testcase><testcase classname="tests.test_feedback_pulse_admin_tab_static" name="test_feedback_core_menu_policy_contains_pulse_keys" time="0.001"><failure message="assert '&quot;feedback_pulse&quot;' in 'from __future__ import annotations\n\n\nimport logging\nlogger = logging.getLogger(__name__)\n\n&quot;&quot;&quot;Ortak route destek...not _bys360_v13_route_support_is_removed_menu_key(key)}\n# BYS360_CLAUDE_V13_ROUTE_SUPPORT_REMOVED_MENU_FILTER_END\n\n'">tests\test_feedback_pulse_admin_tab_static.py:24: in test_feedback_core_menu_policy_contains_pulse_keys
    assert '"feedback_pulse"' in text
E   assert '"feedback_pulse"' in 'from __future__ import annotations\n\n\nimport logging\nlogger = logging.getLogger(__name__)\n\n"""Ortak route destek...not _bys360_v13_route_support_is_removed_menu_key(key)}\n# BYS360_CLAUDE_V13_ROUTE_SUPPORT_REMOVED_MENU_FILTER_END\n\n'</failure></testcase><testcase classname="tests.test_feedback_pulse_menu_visibility_static" name="test_feedback_pulse_is_core_visible_for_all_roles" time="0.000"><failure message="assert '&quot;feedback_pulse&quot;: {&quot;admin&quot;, &quot;baskan&quot;, &quot;baskan_yardimcisi&quot;, &quot;grup_baskani&quot;, &quot;mali_musavir&quot;, &quot;koordinator&quot;, &quot;birim_sorumlusu&quot;, &quot;personel&quot;}' in 'from __future__ import annotations\n\n\nimport logging\nlogger = logging.getLogger(__name__)\n\n&quot;&quot;&quot;Ortak route destek...not _bys360_v13_route_support_is_removed_menu_key(key)}\n# BYS360_CLAUDE_V13_ROUTE_SUPPORT_REMOVED_MENU_FILTER_END\n\n'">tests\test_feedback_pulse_menu_visibility_static.py:8: in test_feedback_pulse_is_core_visible_for_all_roles
    assert '"feedback_pulse": {"admin", "baskan", "baskan_yardimcisi", "grup_baskani", "mali_musavir", "koordinator", "birim_sorumlusu", "personel"}' in src
E   assert '"feedback_pulse": {"admin", "baskan", "baskan_yardimcisi", "grup_baskani", "mali_musavir", "koordinator", "birim_sorumlusu", "personel"}' in 'from __future__ import annotations\n\n\nimport logging\nlogger = logging.getLogger(__name__)\n\n"""Ortak route destek...not _bys360_v13_route_support_is_removed_menu_key(key)}\n# BYS360_CLAUDE_V13_ROUTE_SUPPORT_REMOVED_MENU_FILTER_END\n\n'</failure></testcase><testcase classname="tests.test_feedback_pulse_menu_visibility_static" name="test_feedback_pulse_menu_item_still_exists_in_base_and_registry" time="0.001"><failure message="assert '&quot;key&quot;: &quot;feedback_pulse&quot;' in '# BYS360_PHASE3_2_MENU_REGISTRY_NOTE: Performans menü görünürlüğünün son kararı app/services/settings/effective_menu.... loglandi: app/menu_registry.py:1512&quot;)\n    pass\n# BYS360_PERFORMANCE_V2_1_6_CATEGORY_PERIOD_INTEGRATION_MENU_END\n\n'">tests\test_feedback_pulse_menu_visibility_static.py:17: in test_feedback_pulse_menu_item_still_exists_in_base_and_registry
    assert '"key": "feedback_pulse"' in registry
E   assert '"key": "feedback_pulse"' in '# BYS360_PHASE3_2_MENU_REGISTRY_NOTE: Performans menü görünürlüğünün son kararı app/services/settings/effective_menu.... loglandi: app/menu_registry.py:1512")\n    pass\n# BYS360_PERFORMANCE_V2_1_6_CATEGORY_PERIOD_INTEGRATION_MENU_END\n\n'</failure></testcase><testcase classname="tests.test_feedback_pulse_privacy_behavior" name="test_anonymous_pulse_entries_never_become_named_risk_users" time="0.005" /><testcase classname="tests.test_feedback_pulse_privacy_behavior" name="test_named_risk_streak_breaks_when_mood_recovers" time="0.005" /><testcase classname="tests.test_hr_reports_template_no_unpack_static" name="test_hr_reports_template_no_two_value_unpack_for_dict_stats" time="0.001" /><testcase classname="tests.test_module_maturity_scoring" name="test_module_maturity_report_has_live_core_modules" time="0.002" /><testcase classname="tests.test_module_maturity_scoring" name="test_module_maturity_uses_redis_and_http_quality_signals" time="0.001" /><testcase classname="tests.test_no_admin_org_units_duplicate_static" name="test_admin_org_units_registered_only_in_org_unit_routes" time="0.001" /><testcase classname="tests.test_no_duplicate_admin_org_units_static" name="test_institutional_routes_does_not_register_admin_org_units_fallback_twice" time="0.000" /><testcase classname="tests.test_performance_archive_visibility_contract" name="test_archive_personnel_only_contract" time="0.000" /><testcase classname="tests.test_performance_archive_visibility_contract" name="test_archive_manager_empty_scope_never_means_everyone" time="0.000" /><testcase classname="tests.test_performance_archive_visibility_contract" name="test_archive_direct_detail_access_uses_allowed_ids" time="0.000" /><testcase classname="tests.test_performance_chain_constitution" name="test_group_staff_rulebook_slots_are_constitutional" time="0.000" /><testcase classname="tests.test_performance_chain_constitution" name="test_coordinator_rulebook_slots_are_constitutional" time="0.000" /><testcase classname="tests.test_performance_chain_constitution" name="test_group_manager_rulebook_slots_are_constitutional" time="0.000" /><testcase classname="tests.test_performance_chain_constitution" name="test_central_rule_engine_returns_same_slots_and_flow" time="0.000" /><testcase classname="tests.test_performance_chain_constitution" name="test_flow_order_is_not_slot_order" time="0.000" /><testcase classname="tests.test_performance_chain_constitution" name="test_authoritative_snapshots_are_aligned" time="0.000" /><testcase classname="tests.test_performance_chain_constitution" name="test_no_old_reversed_chain_tokens_remain_in_critical_services" time="0.001" /><testcase classname="tests.test_performance_form_guard" name="test_build_form_guard_state_does_not_add_level2_comment_rule_when_score_three_policy_is_locked_off" time="0.000" /><testcase classname="tests.test_performance_form_guard" name="test_build_form_actions_for_level_1_contains_complete_and_return" time="0.000" /><testcase classname="tests.test_performance_ops_center" name="test_readiness_summary_forces_critical_when_blocker_exists" time="0.000" /><testcase classname="tests.test_performance_ops_center" name="test_readiness_summary_promotes_ok_when_clean" time="0.000" /><testcase classname="tests.test_performance_ops_center" name="test_merge_signal_rows_preserves_source_and_action" time="0.000" /><testcase classname="tests.test_performance_preflight" name="test_preflight_has_blockers_true_when_blocker_rows_exist" time="0.000" /><testcase classname="tests.test_performance_preflight" name="test_preflight_has_blockers_false_for_empty_payload" time="0.000" /><testcase classname="tests.test_performance_preflight" name="test_validate_score_comment_rules_requires_comment_for_edge_scores" time="0.001" /><testcase classname="tests.test_performance_publish_guard" name="test_publish_preflight_blocks_when_ready_count_zero" time="0.000" /><testcase classname="tests.test_performance_publish_guard" name="test_scorecard_visibility_summary_counts_states" time="0.000" /><testcase classname="tests.test_performance_publish_preflight_static" name="test_publish_preflight_rules_hold_constitution" time="0.001"><failure message="assert 'LOW_SCORE_THRESHOLD = 70.0' in 'from __future__ import annotations\n\n\nimport logging\n\n&quot;&quot;&quot;BYS360 performans yayın ön kontrol anayasası.\n\nBu serv...SCORE_APPROVAL_BOUND\n# 70 altı düşük performans üst onay/yayın kilidi phase6_low_score_approval_policy ile izlenir.\n'">tests\test_performance_publish_preflight_static.py:14: in test_publish_preflight_rules_hold_constitution
    assert "LOW_SCORE_THRESHOLD = 70.0" in text
E   assert 'LOW_SCORE_THRESHOLD = 70.0' in 'from __future__ import annotations\n\n\nimport logging\n\n"""BYS360 performans yayın ön kontrol anayasası.\n\nBu serv...SCORE_APPROVAL_BOUND\n# 70 altı düşük performans üst onay/yayın kilidi phase6_low_score_approval_policy ile izlenir.\n'</failure></testcase><testcase classname="tests.test_performance_publish_preflight_static" name="test_visibility_guard_uses_strict_publish_preflight" time="0.000" /><testcase classname="tests.test_performance_publish_preflight_static" name="test_publish_guard_shows_strict_blockers" time="0.000"><failure message="assert '2026-04-18-publish-preflight-lock-v1' in 'from __future__ import annotations\n\n\nimport logging\n\nfrom typing import Any\n\nfrom app.models import Performanc...ocked,\n        &quot;viewed&quot;: viewed,\n        &quot;acknowledged&quot;: acknowledged,\n        &quot;top_reasons&quot;: top_reasons,\n    }\n'">tests\test_performance_publish_preflight_static.py:37: in test_publish_guard_shows_strict_blockers
    assert "2026-04-18-publish-preflight-lock-v1" in text
E   assert '2026-04-18-publish-preflight-lock-v1' in 'from __future__ import annotations\n\n\nimport logging\n\nfrom typing import Any\n\nfrom app.models import Performanc...ocked,\n        "viewed": viewed,\n        "acknowledged": acknowledged,\n        "top_reasons": top_reasons,\n    }\n'</failure></testcase><testcase classname="tests.test_personel_analizi_dalga7_static" name="test_personel_analizi_route_alias_and_export_name" time="0.000" /><testcase classname="tests.test_personel_analizi_dalga7_static" name="test_personel_analizi_template_and_menu_label" time="0.000" /><testcase classname="tests.test_personel_analizi_dalga7_static" name="test_personel_analizi_excel_sheet_name" time="0.000" /><testcase classname="tests.test_shared_cache_store_behavior" name="test_shared_cache_file_backend_roundtrip" time="0.050" /><testcase classname="tests.test_sp_routes_smoke" name="test_sp_critical_routes_are_registered_and_not_500" time="0.211" /><testcase classname="tests.test_team_compare_publish_visibility" name="test_team_compare_rows_include_publish_visibility" time="0.000" /><testcase classname="tests.test_team_compare_service" name="test_build_rows_creates_team_compare_shape" time="0.000" /><testcase classname="tests.test_team_compare_service" name="test_apply_filters_supports_quick_and_search_filters" time="0.000" /><testcase classname="tests.test_team_compare_service" name="test_build_stats_and_unit_rankings_calculate_summary_fields" time="0.000" /><testcase classname="tests.test_team_compare_service" name="test_build_excel_workbook_returns_binary_stream" time="0.005" /></testsuite></testsuites>