<?xml version="1.0" encoding="utf-8"?><testsuites name="pytest tests"><testsuite name="pytest" errors="0" failures="1" skipped="0" tests="4" time="0.092" timestamp="2026-06-12T12:03:09.361888+03:00" hostname="HavvaGulsen"><testcase classname="tests.critical.test_claude_phase5_critical_contracts" name="test_security_and_mail_contracts_are_covered" time="0.001" /><testcase classname="tests.critical.test_claude_phase5_critical_contracts" name="test_phase5_quality_gate_exists" time="0.001"><failure message="assert 'BYS360 Claude Faz 5' in 'from __future__ import annotations\n\nfrom pathlib import Path\n\n\nROOT = Path(__file__).resolve().parents[2]\n\nREQ...&quot;feedback&quot;,\n    &quot;message&quot;,\n    &quot;decision_support&quot;,\n]\n# BYS360_A5_P2D5_PHASE5_CRITICAL_TEST_PATTERNS_ANCHOR_END\n\n'">tests\critical\test_claude_phase5_critical_contracts.py:121: in test_phase5_quality_gate_exists
    assert "BYS360 Claude Faz 5" in source
E   assert 'BYS360 Claude Faz 5' in 'from __future__ import annotations\n\nfrom pathlib import Path\n\n\nROOT = Path(__file__).resolve().parents[2]\n\nREQ..."feedback",\n    "message",\n    "decision_support",\n]\n# BYS360_A5_P2D5_PHASE5_CRITICAL_TEST_PATTERNS_ANCHOR_END\n\n'</failure></testcase><testcase classname="tests.critical.test_claude_phase6_sql_performance_contracts" name="test_phase6_quality_gate_exists" time="0.000" /><testcase classname="tests.critical.test_claude_phase7_final_gate_contracts" name="test_phase7_quality_script_exists" time="0.000" /></testsuite></testsuites>