<?xml version="1.0" encoding="utf-8"?><testsuites name="pytest tests"><testsuite name="pytest" errors="0" failures="4" skipped="0" tests="7" time="0.119" timestamp="2026-06-12T12:10:45.871009+03:00" hostname="HavvaGulsen"><testcase classname="tests.architecture.test_message_live_contract" name="test_message_route_file_exists" time="0.000" /><testcase classname="tests.architecture.test_message_live_contract" name="test_message_live_endpoints_keep_guards" time="0.007" /><testcase classname="tests.architecture.test_message_live_contract" name="test_message_write_impls_are_present_for_future_refactor" time="0.002" /><testcase classname="tests.architecture.test_message_live_contract" name="test_message_db_writes_do_not_skip_basic_safety_keywords" time="0.001"><failure message="AssertionError: messages_send_impl commit sözleşmesi korunmalı&#10;assert 'db.session.commit' in 'def messages_send_impl(thread_id):\n    participant = _participant_for_thread(thread_id)\n\n    if not participant:\n...aj gönderilirken hata oluştu: {exc}&quot;, &quot;danger&quot;)\n\n    return _redirect_message_destination(thread_id=thread_id)\n\n\n'">tests\architecture\test_message_live_contract.py:82: in test_message_db_writes_do_not_skip_basic_safety_keywords
    assert "db.session.commit" in block, f"{function_name} commit sözleşmesi korunmalı"
E   AssertionError: messages_send_impl commit sözleşmesi korunmalı
E   assert 'db.session.commit' in 'def messages_send_impl(thread_id):\n    participant = _participant_for_thread(thread_id)\n\n    if not participant:\n...aj gönderilirken hata oluştu: {exc}", "danger")\n\n    return _redirect_message_destination(thread_id=thread_id)\n\n\n'</failure></testcase><testcase classname="tests.architecture.test_message_live_contract" name="test_message_send_attachment_and_notification_contract" time="0.001"><failure message="assert '_save_message_attachment' in 'def messages_send_impl(thread_id):\n    participant = _participant_for_thread(thread_id)\n\n    if not participant:\n...aj gönderilirken hata oluştu: {exc}&quot;, &quot;danger&quot;)\n\n    return _redirect_message_destination(thread_id=thread_id)\n\n\n'">tests\architecture\test_message_live_contract.py:90: in test_message_send_attachment_and_notification_contract
    assert "_save_message_attachment" in block
E   assert '_save_message_attachment' in 'def messages_send_impl(thread_id):\n    participant = _participant_for_thread(thread_id)\n\n    if not participant:\n...aj gönderilirken hata oluştu: {exc}", "danger")\n\n    return _redirect_message_destination(thread_id=thread_id)\n\n\n'</failure></testcase><testcase classname="tests.architecture.test_message_live_contract" name="test_message_service_file_security_symbols_exist" time="0.001"><failure message="AssertionError: message_service dosya güvenliği sözleşmesi eksik: resolve_message_attachment_download&#10;assert 'resolve_message_attachment_download' in 'from __future__ import annotations\n\n\n\nfrom app.core.datetime_utils import utc_now\nimport mimetypes\nimport uuid\...s:\n            continue\n        seen_survey_ids.add(survey_id)\n        visible.append(survey)\n    return visible\n'">tests\architecture\test_message_live_contract.py:106: in test_message_service_file_security_symbols_exist
    assert symbol in text, f"message_service dosya güvenliği sözleşmesi eksik: {symbol}"
E   AssertionError: message_service dosya güvenliği sözleşmesi eksik: resolve_message_attachment_download
E   assert 'resolve_message_attachment_download' in 'from __future__ import annotations\n\n\n\nfrom app.core.datetime_utils import utc_now\nimport mimetypes\nimport uuid\...s:\n            continue\n        seen_survey_ids.add(survey_id)\n        visible.append(survey)\n    return visible\n'</failure></testcase><testcase classname="tests.communication.test_communication_route_contracts" name="test_no_direct_query_get_usage_in_communication_and_services" time="0.048"><failure message="AssertionError: query.get() kullanılan dosyalar bulundu: ['app\\services\\assignment_sync_service.py', 'app\\services\\corporate_information_center.py', 'app\\services\\instagram_portal_sync.py', 'app\\services\\leave_delegation_service.py', 'app\\services\\ai\\query_adapters.py', 'app\\services\\ai_decision\\category_group_center.py', 'app\\services\\messages\\compose.py', 'app\\services\\performance\\v2_1_6_category_period_integration.py', 'app\\services\\performance_v2\\chain.py', 'app\\services\\performance_v2\\sync_service.py']&#10;assert ['app\\servic...nter.py', ...] == []&#10;  &#10;  Left contains 10 more items, first extra item: 'app\\services\\assignment_sync_service.py'&#10;  Use -v to get more diff">tests\communication\test_communication_route_contracts.py:102: in test_no_direct_query_get_usage_in_communication_and_services
    assert offenders == [], f"query.get() kullanılan dosyalar bulundu: {offenders}"
E   AssertionError: query.get() kullanılan dosyalar bulundu: ['app\\services\\assignment_sync_service.py', 'app\\services\\corporate_information_center.py', 'app\\services\\instagram_portal_sync.py', 'app\\services\\leave_delegation_service.py', 'app\\services\\ai\\query_adapters.py', 'app\\services\\ai_decision\\category_group_center.py', 'app\\services\\messages\\compose.py', 'app\\services\\performance\\v2_1_6_category_period_integration.py', 'app\\services\\performance_v2\\chain.py', 'app\\services\\performance_v2\\sync_service.py']
E   assert ['app\\servic...nter.py', ...] == []
E     
E     Left contains 10 more items, first extra item: 'app\\services\\assignment_sync_service.py'
E     Use -v to get more diff</failure></testcase></testsuite></testsuites>