<?xml version="1.0" encoding="utf-8"?><testsuites name="pytest tests"><testsuite name="pytest" errors="0" failures="0" skipped="0" tests="3" time="0.020" timestamp="2026-06-12T11:33:40.866266+03:00" hostname="HavvaGulsen"><testcase classname="tests.test_performance_publish_preflight_static" name="test_publish_preflight_rules_hold_constitution" time="0.000" /><testcase classname="tests.test_performance_publish_preflight_static" name="test_visibility_guard_uses_strict_publish_preflight" time="0.000" /><testcase classname="tests.test_performance_publish_preflight_static" name="test_publish_guard_shows_strict_blockers" time="0.000" /></testsuite></testsuites>