<?xml version="1.0" encoding="utf-8"?><testsuites name="pytest tests"><testsuite name="pytest" errors="0" failures="3" skipped="0" tests="4" time="0.091" timestamp="2026-06-12T11:56:10.349302+03:00" hostname="HavvaGulsen"><testcase classname="tests.critical.test_claude_phase5_critical_contracts" name="test_security_and_mail_contracts_are_covered" time="0.001"><failure message="AssertionError: assert 'send_bulk_assignment_reminders' in {'build_mail_system_health_snapshot', 'get_smtp_settings', 'send_email'}">tests\critical\test_claude_phase5_critical_contracts.py:112: in test_security_and_mail_contracts_are_covered
    assert name in mail_defs
E   AssertionError: assert 'send_bulk_assignment_reminders' in {'build_mail_system_health_snapshot', 'get_smtp_settings', 'send_email'}</failure></testcase><testcase classname="tests.critical.test_claude_phase5_critical_contracts" name="test_phase5_quality_gate_exists" time="0.000"><failure message="assert 'LIVE_CONTRACTS' in 'from __future__ import annotations\n\nfrom pathlib import Path\n\n\nROOT = Path(__file__).resolve().parents[2]\n\nREQ...heck_critical_services_phase5_gate.py&quot;})\n    return 0\n\n\nif __name__ == &quot;__main__&quot;:\n    raise SystemExit(main())\n'">tests\critical\test_claude_phase5_critical_contracts.py:119: in test_phase5_quality_gate_exists
    assert "LIVE_CONTRACTS" in source
E   assert 'LIVE_CONTRACTS' in 'from __future__ import annotations\n\nfrom pathlib import Path\n\n\nROOT = Path(__file__).resolve().parents[2]\n\nREQ...heck_critical_services_phase5_gate.py"})\n    return 0\n\n\nif __name__ == "__main__":\n    raise SystemExit(main())\n'</failure></testcase><testcase classname="tests.critical.test_claude_phase6_sql_performance_contracts" name="test_phase6_quality_gate_exists" time="0.000"><failure message="assert 'REQUIRED_TABLES' in 'from __future__ import annotations\n\nfrom pathlib import Path\n\n\nROOT = Path(__file__).resolve().parents[2]\n\nREQ...combined),\n    })\n    return 0 if not missing else 1\n\n\nif __name__ == &quot;__main__&quot;:\n    raise SystemExit(main())\n'">tests\critical\test_claude_phase6_sql_performance_contracts.py:62: in test_phase6_quality_gate_exists
    assert "REQUIRED_TABLES" in source
E   assert 'REQUIRED_TABLES' in 'from __future__ import annotations\n\nfrom pathlib import Path\n\n\nROOT = Path(__file__).resolve().parents[2]\n\nREQ...combined),\n    })\n    return 0 if not missing else 1\n\n\nif __name__ == "__main__":\n    raise SystemExit(main())\n'</failure></testcase><testcase classname="tests.critical.test_claude_phase7_final_gate_contracts" name="test_phase7_quality_script_exists" time="0.000" /></testsuite></testsuites>