<?xml version="1.0" encoding="utf-8"?><testsuites name="pytest tests"><testsuite name="pytest" errors="0" failures="1" skipped="0" tests="6" time="0.906" timestamp="2026-06-12T09:40:02.141334+03:00" hostname="HavvaGulsen"><testcase classname="tests.test_10_10_core_static_gate" name="test_releaseignore_excludes_non_release_artifacts" time="0.019"><failure message="AssertionError: assert 'app/portal/' in '.env\n.env.*\ninstance/\n*.sqlite3\n*.db\n*.log\n.venv/\n__pycache__/\n*.pyc\nreports/\ntests/_archive_a5_obsolete/\n*disabled_by_rollback*\n*.bak\n*.bak_*\ndata/uploads/\nuploads/\n'">tests\test_10_10_core_static_gate.py:61: in test_releaseignore_excludes_non_release_artifacts
    assert token in releaseignore
E   AssertionError: assert 'app/portal/' in '.env\n.env.*\ninstance/\n*.sqlite3\n*.db\n*.log\n.venv/\n__pycache__/\n*.pyc\nreports/\ntests/_archive_a5_obsolete/\n*disabled_by_rollback*\n*.bak\n*.bak_*\ndata/uploads/\nuploads/\n'</failure></testcase><testcase classname="tests.test_module_maturity_scoring" name="test_module_maturity_report_has_live_core_modules" time="0.002" /><testcase classname="tests.test_module_maturity_scoring" name="test_module_maturity_uses_redis_and_http_quality_signals" time="0.001" /><testcase classname="tests.test_performance_preflight" name="test_preflight_has_blockers_true_when_blocker_rows_exist" time="0.000" /><testcase classname="tests.test_performance_preflight" name="test_preflight_has_blockers_false_for_empty_payload" time="0.000" /><testcase classname="tests.test_performance_preflight" name="test_validate_score_comment_rules_requires_comment_for_edge_scores" time="0.001" /></testsuite></testsuites>