<?xml version="1.0" encoding="utf-8"?><testsuites name="pytest tests"><testsuite name="pytest" errors="0" failures="0" skipped="0" tests="5" time="0.029" timestamp="2026-06-12T11:27:13.468518+03:00" hostname="HavvaGulsen"><testcase classname="tests.test_feedback_pulse_admin_tab_static" name="test_admin_pulse_analytics_route_exists" time="0.000" /><testcase classname="tests.test_feedback_pulse_admin_tab_static" name="test_base_has_separate_pulse_analysis_menu_item" time="0.001" /><testcase classname="tests.test_feedback_pulse_admin_tab_static" name="test_feedback_core_menu_policy_contains_pulse_keys" time="0.000" /><testcase classname="tests.test_feedback_pulse_menu_visibility_static" name="test_feedback_pulse_is_core_visible_for_all_roles" time="0.000" /><testcase classname="tests.test_feedback_pulse_menu_visibility_static" name="test_feedback_pulse_menu_item_still_exists_in_base_and_registry" time="0.001" /></testsuite></testsuites>