<?xml version="1.0" encoding="utf-8"?><testsuites name="pytest tests"><testsuite name="pytest" errors="0" failures="3" skipped="0" tests="5" time="0.239" timestamp="2026-06-12T09:46:50.970654+03:00" hostname="HavvaGulsen"><testcase classname="tests.test_feedback_pulse_admin_tab_static" name="test_admin_pulse_analytics_route_exists" time="0.000" /><testcase classname="tests.test_feedback_pulse_admin_tab_static" name="test_base_has_separate_pulse_analysis_menu_item" time="0.180" /><testcase classname="tests.test_feedback_pulse_admin_tab_static" name="test_feedback_core_menu_policy_contains_pulse_keys" time="0.002"><failure message="assert '&quot;feedback_pulse&quot;' in 'from __future__ import annotations\n\n\nimport logging\nlogger = logging.getLogger(__name__)\n\n&quot;&quot;&quot;Ortak route destek...not _bys360_v13_route_support_is_removed_menu_key(key)}\n# BYS360_CLAUDE_V13_ROUTE_SUPPORT_REMOVED_MENU_FILTER_END\n\n'">tests\test_feedback_pulse_admin_tab_static.py:24: in test_feedback_core_menu_policy_contains_pulse_keys
    assert '"feedback_pulse"' in text
E   assert '"feedback_pulse"' in 'from __future__ import annotations\n\n\nimport logging\nlogger = logging.getLogger(__name__)\n\n"""Ortak route destek...not _bys360_v13_route_support_is_removed_menu_key(key)}\n# BYS360_CLAUDE_V13_ROUTE_SUPPORT_REMOVED_MENU_FILTER_END\n\n'</failure></testcase><testcase classname="tests.test_feedback_pulse_menu_visibility_static" name="test_feedback_pulse_is_core_visible_for_all_roles" time="0.001"><failure message="assert '&quot;feedback_pulse&quot;: {&quot;admin&quot;, &quot;baskan&quot;, &quot;baskan_yardimcisi&quot;, &quot;grup_baskani&quot;, &quot;mali_musavir&quot;, &quot;koordinator&quot;, &quot;birim_sorumlusu&quot;, &quot;personel&quot;}' in 'from __future__ import annotations\n\n\nimport logging\nlogger = logging.getLogger(__name__)\n\n&quot;&quot;&quot;Ortak route destek...not _bys360_v13_route_support_is_removed_menu_key(key)}\n# BYS360_CLAUDE_V13_ROUTE_SUPPORT_REMOVED_MENU_FILTER_END\n\n'">tests\test_feedback_pulse_menu_visibility_static.py:8: in test_feedback_pulse_is_core_visible_for_all_roles
    assert '"feedback_pulse": {"admin", "baskan", "baskan_yardimcisi", "grup_baskani", "mali_musavir", "koordinator", "birim_sorumlusu", "personel"}' in src
E   assert '"feedback_pulse": {"admin", "baskan", "baskan_yardimcisi", "grup_baskani", "mali_musavir", "koordinator", "birim_sorumlusu", "personel"}' in 'from __future__ import annotations\n\n\nimport logging\nlogger = logging.getLogger(__name__)\n\n"""Ortak route destek...not _bys360_v13_route_support_is_removed_menu_key(key)}\n# BYS360_CLAUDE_V13_ROUTE_SUPPORT_REMOVED_MENU_FILTER_END\n\n'</failure></testcase><testcase classname="tests.test_feedback_pulse_menu_visibility_static" name="test_feedback_pulse_menu_item_still_exists_in_base_and_registry" time="0.001"><failure message="assert '&quot;endpoint&quot;: &quot;main.feedback_pulse&quot;' in '# BYS360_PHASE3_2_MENU_REGISTRY_NOTE: Performans menü görünürlüğünün son kararı app/services/settings/effective_menu....min_endpoint&quot;: &quot;main.feedback_admin_pulse_analytics&quot;,\n    }\n]\n# BYS360_A5_P2D2_FEEDBACK_PULSE_MENU_REGISTRY_END\n\n'">tests\test_feedback_pulse_menu_visibility_static.py:18: in test_feedback_pulse_menu_item_still_exists_in_base_and_registry
    assert '"endpoint": "main.feedback_pulse"' in registry
E   assert '"endpoint": "main.feedback_pulse"' in '# BYS360_PHASE3_2_MENU_REGISTRY_NOTE: Performans menü görünürlüğünün son kararı app/services/settings/effective_menu....min_endpoint": "main.feedback_admin_pulse_analytics",\n    }\n]\n# BYS360_A5_P2D2_FEEDBACK_PULSE_MENU_REGISTRY_END\n\n'</failure></testcase></testsuite></testsuites>