<?xml version="1.0" encoding="utf-8"?><testsuites name="pytest tests"><testsuite name="pytest" errors="0" failures="0" skipped="0" tests="2" time="0.878" timestamp="2026-06-12T12:34:44.419446+03:00" hostname="HavvaGulsen"><testcase classname="tests.architecture.test_message_faz10_closure_contract" name="test_message_route_is_below_refactor_line_budget" time="0.001" /><testcase classname="tests.critical.test_v58_claude_roadmap_smoke" name="test_v58_critical_routes_never_return_500[/performance/feedback-aftercare]" time="0.849" /></testsuite></testsuites>