<?xml version="1.0" encoding="utf-8"?><testsuites name="pytest tests"><testsuite name="pytest" errors="0" failures="0" skipped="0" tests="3" time="0.027" timestamp="2026-06-12T12:43:08.596246+03:00" hostname="HavvaGulsen"><testcase classname="tests.architecture.test_ai_dashboard_panels_split" name="test_dashboard_panels_facade_is_thin" time="0.000" /><testcase classname="tests.architecture.test_ai_dashboard_panels_split" name="test_dashboard_panel_parts_are_not_monoliths" time="0.001" /><testcase classname="tests.architecture.test_ai_dashboard_panels_split" name="test_dashboard_panels_public_exports_exist" time="0.000" /></testsuite></testsuites>