<?xml version="1.0" encoding="utf-8"?><testsuites name="pytest tests"><testsuite name="pytest" errors="0" failures="1" skipped="0" tests="16" time="1.819" timestamp="2026-06-12T09:25:55.978360+03:00" hostname="HavvaGulsen"><testcase classname="tests.integration.test_feedback_http_behavior" name="test_feedback_routes_exist_and_do_not_500[/feedback]" time="0.759" /><testcase classname="tests.integration.test_feedback_http_behavior" name="test_feedback_routes_exist_and_do_not_500[/feedback/pulse]" time="0.001" /><testcase classname="tests.integration.test_feedback_http_behavior" name="test_feedback_routes_exist_and_do_not_500[/feedback/pulse/history]" time="0.001" /><testcase classname="tests.integration.test_feedback_http_behavior" name="test_feedback_routes_exist_and_do_not_500[/feedback/pulse/analytics]" time="0.001" /><testcase classname="tests.integration.test_feedback_http_behavior" name="test_feedback_routes_exist_and_do_not_500[/feedback/admin/pulse-analytics]" time="0.001" /><testcase classname="tests.integration.test_feedback_http_behavior" name="test_feedback_routes_exist_and_do_not_500[/feedback/campaigns]" time="0.001" /><testcase classname="tests.integration.test_feedback_http_behavior" name="test_feedback_routes_exist_and_do_not_500[/feedback/results]" time="0.001" /><testcase classname="tests.performance.test_critical_performance_routes_smoke" name="test_feedback_pipeline_loads_without_500" time="0.150" /><testcase classname="tests.performance.test_critical_performance_routes_smoke" name="test_feedback_corporate_cleanup_no_500" time="0.015" /><testcase classname="tests.performance.test_critical_performance_routes_smoke" name="test_process_tracking_no_500" time="0.023" /><testcase classname="tests.performance.test_critical_performance_routes_smoke" name="test_process_reports_no_500" time="0.022" /><testcase classname="tests.performance.test_critical_performance_routes_smoke" name="test_president_approval_card_no_500" time="0.017" /><testcase classname="tests.test_ai_routes" name="test_run_json_service_success" time="0.000" /><testcase classname="tests.test_ai_routes" name="test_run_json_service_maps_403" time="0.000" /><testcase classname="tests.test_ai_routes" name="test_run_json_service_maps_503" time="0.000" /><testcase classname="tests.test_compat_redirects" name="test_soft_redirect_targets_endpoint" time="0.000"><failure message="AssertionError: The setup method 'register_blueprint' can no longer be called on the application. It has already handled its first request, any changes will not be applied consistently.&#10;Make sure all imports, decorators, functions, etc. needed to set up the application are done before running it.">tests\test_compat_redirects.py:15: in test_soft_redirect_targets_endpoint
    app.register_blueprint(bp)
.venv\Lib\site-packages\flask\sansio\scaffold.py:46: in wrapper_func
    self._check_setup_finished(f_name)
.venv\Lib\site-packages\flask\sansio\app.py:415: in _check_setup_finished
    raise AssertionError(
E   AssertionError: The setup method 'register_blueprint' can no longer be called on the application. It has already handled its first request, any changes will not be applied consistently.
E   Make sure all imports, decorators, functions, etc. needed to set up the application are done before running it.</failure></testcase></testsuite></testsuites>