<?xml version="1.0" encoding="utf-8"?><testsuites name="pytest tests"><testsuite name="pytest" errors="45" failures="246" skipped="2" tests="1063" time="63.114" timestamp="2026-06-11T23:03:40.500792+03:00" hostname="HavvaGulsen"><testcase classname="tests.architecture.test_ai_dashboard_panels_split" name="test_dashboard_panels_facade_is_thin" time="0.001" /><testcase classname="tests.architecture.test_ai_dashboard_panels_split" name="test_dashboard_panel_parts_are_not_monoliths" time="0.001" /><testcase classname="tests.architecture.test_ai_dashboard_panels_split" name="test_dashboard_panels_public_exports_exist" time="0.000"><failure message="assert 'build_repository_dashboard_ai_panel' in '\n&quot;&quot;&quot;AI panel public facade.\n\nBu modül eski import yolunu korur; gerçek üreticiler küçük dosyalara bölünmüştür.\nYe...ld_announcements_ai_panel&quot;,\n    &quot;build_announcement_form_ai_panel&quot;,\n    &quot;build_dashboard_ai_operations_bridge&quot;,\n]\n'">tests\architecture\test_ai_dashboard_panels_split.py:33: in test_dashboard_panels_public_exports_exist
    assert public_name in facade_text
E   assert 'build_repository_dashboard_ai_panel' in '\n"""AI panel public facade.\n\nBu modül eski import yolunu korur; gerçek üreticiler küçük dosyalara bölünmüştür.\nYe...ld_announcements_ai_panel",\n    "build_announcement_form_ai_panel",\n    "build_dashboard_ai_operations_bridge",\n]\n'</failure></testcase><testcase classname="tests.architecture.test_android_responsive_baseline_p5a" name="test_android_responsive_baseline_gate_p5a" time="0.978"><failure message="AssertionError: {&#10;    &quot;ok&quot;: false,&#10;    &quot;package&quot;: &quot;BYS360_CLAUDE_SCORE_UPLIFT_P5A_ANDROID_RESPONSIVE_BASELINE_GATE&quot;,&#10;    &quot;android_responsive_baseline_gate_ok&quot;: false,&#10;    &quot;handover_baseline_ok&quot;: false,&#10;    &quot;mobile_release_evidence_report_ok&quot;: false,&#10;    &quot;android_device_matrix_ok&quot;: true,&#10;    &quot;android_device_matrix_count&quot;: 7,&#10;    &quot;responsive_scan_ok&quot;: true,&#10;    &quot;responsive_marker_total&quot;: 2528,&#10;    &quot;routes_py_lines&quot;: 237,&#10;    &quot;total_mobile_route_decorator_count&quot;: 24,&#10;    &quot;direct_contract_ok&quot;: true,&#10;    &quot;compile_ok&quot;: true,&#10;    &quot;app_factory_ok&quot;: true,&#10;    &quot;secret_gate_ok&quot;: true,&#10;    &quot;secret_gate_finding_count&quot;: 0,&#10;    &quot;pytest_ok&quot;: true,&#10;    &quot;pytest_mode&quot;: &quot;not_requested&quot;,&#10;    &quot;report&quot;: &quot;C:\\bys360\\project\\reports\\architecture\\BYS360_ANDROID_RESPONSIVE_BASELINE_GATE_P5A_REPORT.json&quot;&#10;  }&#10;  &#10;  &#10;assert 1 == 0&#10; +  where 1 = CompletedProcess(args=['C:\\bys360\\project\\.venv\\Scripts\\python.exe', 'C:\\bys360\\project\\scripts\\quality\\bys3...360\\\\project\\\\reports\\\\architecture\\\\BYS360_ANDROID_RESPONSIVE_BASELINE_GATE_P5A_REPORT.json&quot;\n}\n', stderr='').returncode">tests\architecture\test_android_responsive_baseline_p5a.py:21: in test_android_responsive_baseline_gate_p5a
    assert result.returncode == 0, result.stdout + "\n" + result.stderr
E   AssertionError: {
E       "ok": false,
E       "package": "BYS360_CLAUDE_SCORE_UPLIFT_P5A_ANDROID_RESPONSIVE_BASELINE_GATE",
E       "android_responsive_baseline_gate_ok": false,
E       "handover_baseline_ok": false,
E       "mobile_release_evidence_report_ok": false,
E       "android_device_matrix_ok": true,
E       "android_device_matrix_count": 7,
E       "responsive_scan_ok": true,
E       "responsive_marker_total": 2528,
E       "routes_py_lines": 237,
E       "total_mobile_route_decorator_count": 24,
E       "direct_contract_ok": true,
E       "compile_ok": true,
E       "app_factory_ok": true,
E       "secret_gate_ok": true,
E       "secret_gate_finding_count": 0,
E       "pytest_ok": true,
E       "pytest_mode": "not_requested",
E       "report": "C:\\bys360\\project\\reports\\architecture\\BYS360_ANDROID_RESPONSIVE_BASELINE_GATE_P5A_REPORT.json"
E     }
E     
E     
E   assert 1 == 0
E    +  where 1 = CompletedProcess(args=['C:\\bys360\\project\\.venv\\Scripts\\python.exe', 'C:\\bys360\\project\\scripts\\quality\\bys3...360\\\\project\\\\reports\\\\architecture\\\\BYS360_ANDROID_RESPONSIVE_BASELINE_GATE_P5A_REPORT.json"\n}\n', stderr='').returncode</failure></testcase><testcase classname="tests.architecture.test_android_responsive_core_styles_p5b" name="test_android_responsive_core_styles_gate_p5b" time="0.126"><failure message="AssertionError: {&#10;    &quot;ok&quot;: false,&#10;    &quot;package&quot;: &quot;BYS360_CLAUDE_SCORE_UPLIFT_P5B_ANDROID_RESPONSIVE_CORE_STYLES_GATE&quot;,&#10;    &quot;android_responsive_core_styles_gate_ok&quot;: false,&#10;    &quot;responsive_hardening_ok&quot;: false,&#10;    &quot;p5a_baseline_report_ok&quot;: false,&#10;    &quot;android_core_css_ok&quot;: true,&#10;    &quot;base_template_link_ok&quot;: true,&#10;    &quot;core_css_media_query_count&quot;: 5,&#10;    &quot;routes_py_lines&quot;: 237,&#10;    &quot;total_mobile_route_decorator_count&quot;: 24,&#10;    &quot;direct_contract_ok&quot;: true,&#10;    &quot;compile_ok&quot;: true,&#10;    &quot;app_factory_ok&quot;: true,&#10;    &quot;secret_gate_ok&quot;: true,&#10;    &quot;secret_gate_finding_count&quot;: 0,&#10;    &quot;pytest_ok&quot;: true,&#10;    &quot;pytest_mode&quot;: &quot;skipped&quot;,&#10;    &quot;report&quot;: &quot;C:\\bys360\\project\\reports\\architecture\\BYS360_ANDROID_RESPONSIVE_CORE_STYLES_GATE_P5B_REPORT.json&quot;&#10;  }&#10;  &#10;  &#10;assert 1 == 0&#10; +  where 1 = CompletedProcess(args=['C:\\bys360\\project\\.venv\\Scripts\\python.exe', 'C:\\bys360\\project\\scripts\\quality\\bys3...\\\\project\\\\reports\\\\architecture\\\\BYS360_ANDROID_RESPONSIVE_CORE_STYLES_GATE_P5B_REPORT.json&quot;\n}\n', stderr='').returncode">tests\architecture\test_android_responsive_core_styles_p5b.py:21: in test_android_responsive_core_styles_gate_p5b
    assert result.returncode == 0, result.stdout + "\n" + result.stderr
E   AssertionError: {
E       "ok": false,
E       "package": "BYS360_CLAUDE_SCORE_UPLIFT_P5B_ANDROID_RESPONSIVE_CORE_STYLES_GATE",
E       "android_responsive_core_styles_gate_ok": false,
E       "responsive_hardening_ok": false,
E       "p5a_baseline_report_ok": false,
E       "android_core_css_ok": true,
E       "base_template_link_ok": true,
E       "core_css_media_query_count": 5,
E       "routes_py_lines": 237,
E       "total_mobile_route_decorator_count": 24,
E       "direct_contract_ok": true,
E       "compile_ok": true,
E       "app_factory_ok": true,
E       "secret_gate_ok": true,
E       "secret_gate_finding_count": 0,
E       "pytest_ok": true,
E       "pytest_mode": "skipped",
E       "report": "C:\\bys360\\project\\reports\\architecture\\BYS360_ANDROID_RESPONSIVE_CORE_STYLES_GATE_P5B_REPORT.json"
E     }
E     
E     
E   assert 1 == 0
E    +  where 1 = CompletedProcess(args=['C:\\bys360\\project\\.venv\\Scripts\\python.exe', 'C:\\bys360\\project\\scripts\\quality\\bys3...\\\\project\\\\reports\\\\architecture\\\\BYS360_ANDROID_RESPONSIVE_CORE_STYLES_GATE_P5B_REPORT.json"\n}\n', stderr='').returncode</failure></testcase><testcase classname="tests.architecture.test_android_responsive_final_evidence_p5f" name="test_android_responsive_final_evidence_gate_p5f" time="0.034"><failure message="assert False is True">tests\architecture\test_android_responsive_final_evidence_p5f.py:16: in test_android_responsive_final_evidence_gate_p5f
    assert result["ok"] is True
E   assert False is True</failure></testcase><testcase classname="tests.architecture.test_android_responsive_inventory_precision_p6c" name="test_android_responsive_inventory_precision_p6c_report_ok" time="0.000"><failure message="AssertionError: P6C inventory precision report missing&#10;assert False&#10; +  where False = exists()&#10; +    where exists = WindowsPath('reports/architecture/BYS360_ANDROID_RESPONSIVE_INVENTORY_PRECISION_GATE_P6C_REPORT.json').exists">tests\architecture\test_android_responsive_inventory_precision_p6c.py:9: in test_android_responsive_inventory_precision_p6c_report_ok
    assert report_path.exists(), "P6C inventory precision report missing"
E   AssertionError: P6C inventory precision report missing
E   assert False
E    +  where False = exists()
E    +    where exists = WindowsPath('reports/architecture/BYS360_ANDROID_RESPONSIVE_INVENTORY_PRECISION_GATE_P6C_REPORT.json').exists</failure></testcase><testcase classname="tests.architecture.test_android_responsive_release_suite_p5d" name="test_android_responsive_release_suite_p5d_files_exist" time="0.000" /><testcase classname="tests.architecture.test_android_responsive_release_suite_p5d_v2" name="test_android_responsive_release_suite_gate_p5d_v2" time="0.009"><failure message="assert False is True">tests\architecture\test_android_responsive_release_suite_p5d_v2.py:16: in test_android_responsive_release_suite_gate_p5d_v2
    assert result["ok"] is True
E   assert False is True</failure></testcase><testcase classname="tests.architecture.test_android_responsive_targeted_templates_p5c" name="test_android_responsive_targeted_templates_p5c_files_exist" time="0.000" /><testcase classname="tests.architecture.test_android_responsive_visual_regression_evidence_suite_p6b" name="test_android_responsive_visual_regression_evidence_suite_p6b_report_ok" time="0.000"><skipped type="pytest.skip" message="P6B report is generated by the repair/quality gate before targeted pytest.">C:\bys360\project\tests\architecture\test_android_responsive_visual_regression_evidence_suite_p6b.py:14: P6B report is generated by the repair/quality gate before targeted pytest.</skipped></testcase><testcase classname="tests.architecture.test_android_responsive_visual_regression_evidence_suite_p6b_v2" name="test_android_responsive_visual_regression_evidence_suite_p6b_v2_report_ok" time="0.000"><skipped type="pytest.skip" message="P6B V2 report is generated by the repair/quality gate before targeted pytest.">C:\bys360\project\tests\architecture\test_android_responsive_visual_regression_evidence_suite_p6b_v2.py:14: P6B V2 report is generated by the repair/quality gate before targeted pytest.</skipped></testcase><testcase classname="tests.architecture.test_android_responsive_visual_regression_p6a" name="test_android_responsive_visual_regression_p6a_gate" time="0.022"><failure message="assert False is True">tests\architecture\test_android_responsive_visual_regression_p6a.py:16: in test_android_responsive_visual_regression_p6a_gate
    assert result["android_responsive_visual_regression_gate_ok"] is True
E   assert False is True</failure></testcase><testcase classname="tests.architecture.test_android_responsive_visual_uat_evidence_p5e" name="test_android_responsive_visual_uat_evidence_gate_p5e" time="0.031"><failure message="assert False is True">tests\architecture\test_android_responsive_visual_uat_evidence_p5e.py:16: in test_android_responsive_visual_uat_evidence_gate_p5e
    assert result["ok"] is True
E   assert False is True</failure></testcase><testcase classname="tests.architecture.test_architecture_scope_p2e" name="test_architecture_scope_conftest_exists_and_documents_active_gate" time="0.000" /><testcase classname="tests.architecture.test_architecture_scope_p2e" name="test_architecture_scope_keeps_current_mobile_gates_active" time="0.000" /><testcase classname="tests.architecture.test_core_refactor_faz10_contract" name="test_faz10_files_exist" time="0.000"><failure message="AssertionError: eksik Faz 10 dosyasi: C:\bys360\project\scripts\check_core_refactor_faz10_gate.py&#10;assert False&#10; +  where False = exists()&#10; +    where exists = WindowsPath('C:/bys360/project/scripts/check_core_refactor_faz10_gate.py').exists">tests\architecture\test_core_refactor_faz10_contract.py:21: in test_faz10_files_exist
    assert path.exists(), f"eksik Faz 10 dosyasi: {path}"
E   AssertionError: eksik Faz 10 dosyasi: C:\bys360\project\scripts\check_core_refactor_faz10_gate.py
E   assert False
E    +  where False = exists()
E    +    where exists = WindowsPath('C:/bys360/project/scripts/check_core_refactor_faz10_gate.py').exists</failure></testcase><testcase classname="tests.architecture.test_core_refactor_faz10_contract" name="test_quality_chain_knows_faz10" time="0.000"><failure message="FileNotFoundError: [Errno 2] No such file or directory: 'C:\\bys360\\project\\scripts\\run_core_refactor_quality_chain.py'">tests\architecture\test_core_refactor_faz10_contract.py:25: in test_quality_chain_knows_faz10
    chain = read("scripts/run_core_refactor_quality_chain.py")
            ^^^^^^^^^^^^^^^^^^^^^^^^^^^^^^^^^^^^^^^^^^^^^^^^^^
tests\architecture\test_core_refactor_faz10_contract.py:9: in read
    return (ROOT / rel).read_text(encoding="utf-8")
           ^^^^^^^^^^^^^^^^^^^^^^^^^^^^^^^^^^^^^^^^
C:\Program Files\WindowsApps\PythonSoftwareFoundation.Python.3.12_3.12.2800.0_x64__qbz5n2kfra8p0\Lib\pathlib.py:1027: in read_text
    with self.open(mode='r', encoding=encoding, errors=errors) as f:
         ^^^^^^^^^^^^^^^^^^^^^^^^^^^^^^^^^^^^^^^^^^^^^^^^^^^^^
C:\Program Files\WindowsApps\PythonSoftwareFoundation.Python.3.12_3.12.2800.0_x64__qbz5n2kfra8p0\Lib\pathlib.py:1013: in open
    return io.open(self, mode, buffering, encoding, errors, newline)
           ^^^^^^^^^^^^^^^^^^^^^^^^^^^^^^^^^^^^^^^^^^^^^^^^^^^^^^^^^
E   FileNotFoundError: [Errno 2] No such file or directory: 'C:\\bys360\\project\\scripts\\run_core_refactor_quality_chain.py'</failure></testcase><testcase classname="tests.architecture.test_core_refactor_faz10_contract" name="test_faz10_gate_is_read_only_contract" time="0.000"><failure message="FileNotFoundError: [Errno 2] No such file or directory: 'C:\\bys360\\project\\scripts\\check_core_refactor_faz10_gate.py'">tests\architecture\test_core_refactor_faz10_contract.py:36: in test_faz10_gate_is_read_only_contract
    gate = read("scripts/check_core_refactor_faz10_gate.py")
           ^^^^^^^^^^^^^^^^^^^^^^^^^^^^^^^^^^^^^^^^^^^^^^^^^
tests\architecture\test_core_refactor_faz10_contract.py:9: in read
    return (ROOT / rel).read_text(encoding="utf-8")
           ^^^^^^^^^^^^^^^^^^^^^^^^^^^^^^^^^^^^^^^^
C:\Program Files\WindowsApps\PythonSoftwareFoundation.Python.3.12_3.12.2800.0_x64__qbz5n2kfra8p0\Lib\pathlib.py:1027: in read_text
    with self.open(mode='r', encoding=encoding, errors=errors) as f:
         ^^^^^^^^^^^^^^^^^^^^^^^^^^^^^^^^^^^^^^^^^^^^^^^^^^^^^
C:\Program Files\WindowsApps\PythonSoftwareFoundation.Python.3.12_3.12.2800.0_x64__qbz5n2kfra8p0\Lib\pathlib.py:1013: in open
    return io.open(self, mode, buffering, encoding, errors, newline)
           ^^^^^^^^^^^^^^^^^^^^^^^^^^^^^^^^^^^^^^^^^^^^^^^^^^^^^^^^^
E   FileNotFoundError: [Errno 2] No such file or directory: 'C:\\bys360\\project\\scripts\\check_core_refactor_faz10_gate.py'</failure></testcase><testcase classname="tests.architecture.test_core_refactor_faz10_contract" name="test_faz10_finalizer_writes_closure_reports" time="0.000"><failure message="FileNotFoundError: [Errno 2] No such file or directory: 'C:\\bys360\\project\\scripts\\finalize_core_refactor_faz10.py'">tests\architecture\test_core_refactor_faz10_contract.py:45: in test_faz10_finalizer_writes_closure_reports
    finalizer = read("scripts/finalize_core_refactor_faz10.py")
                ^^^^^^^^^^^^^^^^^^^^^^^^^^^^^^^^^^^^^^^^^^^^^^^
tests\architecture\test_core_refactor_faz10_contract.py:9: in read
    return (ROOT / rel).read_text(encoding="utf-8")
           ^^^^^^^^^^^^^^^^^^^^^^^^^^^^^^^^^^^^^^^^
C:\Program Files\WindowsApps\PythonSoftwareFoundation.Python.3.12_3.12.2800.0_x64__qbz5n2kfra8p0\Lib\pathlib.py:1027: in read_text
    with self.open(mode='r', encoding=encoding, errors=errors) as f:
         ^^^^^^^^^^^^^^^^^^^^^^^^^^^^^^^^^^^^^^^^^^^^^^^^^^^^^
C:\Program Files\WindowsApps\PythonSoftwareFoundation.Python.3.12_3.12.2800.0_x64__qbz5n2kfra8p0\Lib\pathlib.py:1013: in open
    return io.open(self, mode, buffering, encoding, errors, newline)
           ^^^^^^^^^^^^^^^^^^^^^^^^^^^^^^^^^^^^^^^^^^^^^^^^^^^^^^^^^
E   FileNotFoundError: [Errno 2] No such file or directory: 'C:\\bys360\\project\\scripts\\finalize_core_refactor_faz10.py'</failure></testcase><testcase classname="tests.architecture.test_core_refactor_faz10_contract" name="test_core_refactor_series_is_explicitly_closed" time="0.000"><failure message="FileNotFoundError: [Errno 2] No such file or directory: 'C:\\bys360\\project\\docs\\refactor\\CORE_REFACTOR_FAZ10.md'">tests\architecture\test_core_refactor_faz10_contract.py:53: in test_core_refactor_series_is_explicitly_closed
    doc = read("docs/refactor/CORE_REFACTOR_FAZ10.md")
          ^^^^^^^^^^^^^^^^^^^^^^^^^^^^^^^^^^^^^^^^^^^^
tests\architecture\test_core_refactor_faz10_contract.py:9: in read
    return (ROOT / rel).read_text(encoding="utf-8")
           ^^^^^^^^^^^^^^^^^^^^^^^^^^^^^^^^^^^^^^^^
C:\Program Files\WindowsApps\PythonSoftwareFoundation.Python.3.12_3.12.2800.0_x64__qbz5n2kfra8p0\Lib\pathlib.py:1027: in read_text
    with self.open(mode='r', encoding=encoding, errors=errors) as f:
         ^^^^^^^^^^^^^^^^^^^^^^^^^^^^^^^^^^^^^^^^^^^^^^^^^^^^^
C:\Program Files\WindowsApps\PythonSoftwareFoundation.Python.3.12_3.12.2800.0_x64__qbz5n2kfra8p0\Lib\pathlib.py:1013: in open
    return io.open(self, mode, buffering, encoding, errors, newline)
           ^^^^^^^^^^^^^^^^^^^^^^^^^^^^^^^^^^^^^^^^^^^^^^^^^^^^^^^^^
E   FileNotFoundError: [Errno 2] No such file or directory: 'C:\\bys360\\project\\docs\\refactor\\CORE_REFACTOR_FAZ10.md'</failure></testcase><testcase classname="tests.architecture.test_core_refactor_faz1_contract" name="test_faz1_operational_helpers_are_outside_app_init" time="0.000" /><testcase classname="tests.architecture.test_core_refactor_faz1_contract" name="test_faz1_schema_guard_contract_survives_faz5_pipeline" time="0.000" /><testcase classname="tests.architecture.test_core_refactor_faz2_contract" name="test_route_bootstrap_is_centralized_after_faz5" time="0.001"><failure message="assert 'app.register_blueprint(' not in '\n&quot;&quot;&quot;BYS360...return app\n'&#10;  &#10;  'app.register_blueprint(' is contained here:&#10;    :&#10;            app.register_blueprint(pwa_bp)&#10;    &#10;    &#10;    def _register_csrf_refresh_handler(app: Flask) -&gt; None:...&#10;  &#10;  ...Full output truncated (108 lines hidden), use '-vv' to show">tests\architecture\test_core_refactor_faz2_contract.py:13: in test_route_bootstrap_is_centralized_after_faz5
    assert "app.register_blueprint(" not in init_source
E   assert 'app.register_blueprint(' not in '\n"""BYS360...return app\n'
E     
E     'app.register_blueprint(' is contained here:
E       :
E               app.register_blueprint(pwa_bp)
E       
E       
E       def _register_csrf_refresh_handler(app: Flask) -&gt; None:...
E     
E     ...Full output truncated (108 lines hidden), use '-vv' to show</failure></testcase><testcase classname="tests.architecture.test_core_refactor_faz2_contract" name="test_route_bootstrap_keeps_main_and_health_blueprints" time="0.000" /><testcase classname="tests.architecture.test_core_refactor_faz3_contract" name="test_schema_contract_is_outside_app_init" time="0.000" /><testcase classname="tests.architecture.test_core_refactor_faz3_contract" name="test_application_pipeline_uses_schema_contract" time="0.000" /><testcase classname="tests.architecture.test_core_refactor_faz4_contract" name="test_factory_setup_is_outside_app_init" time="0.000" /><testcase classname="tests.architecture.test_core_refactor_faz4_contract" name="test_application_pipeline_calls_factory_helpers" time="0.000" /><testcase classname="tests.architecture.test_core_refactor_faz5_contract" name="test_app_init_is_public_factory_only" time="0.001"><failure message="assert 193 &lt;= 55&#10; +  where 193 = len(['', '&quot;&quot;&quot;BYS360 application factory.', '', 'Bu dosya public ``create_app`` girişini, login user_loader sözleşmesini ve... uyumluluk sabitlerini tutar. Uygulama kurulum pipeline'ı&quot;, '``app.bootstrap.application_bootstrap`` altındadır.', ...])&#10; +    where ['', '&quot;&quot;&quot;BYS360 application factory.', '', 'Bu dosya public ``create_app`` girişini, login user_loader sözleşmesini ve... uyumluluk sabitlerini tutar. Uygulama kurulum pipeline'ı&quot;, '``app.bootstrap.application_bootstrap`` altındadır.', ...] = &lt;built-in method splitlines of str object at 0x00000210007DEE30&gt;()&#10; +      where &lt;built-in method splitlines of str object at 0x00000210007DEE30&gt; = '\n&quot;&quot;&quot;BYS360 application factory.\n\nBu dosya public ``create_app`` girişini, login user_loader sözleşmesini ve\nmevcu...n_optional_startup(app, &quot;Executive Summary routes&quot;, lambda: _register_executive_summary_module(app))\n    return app\n'.splitlines">tests\architecture\test_core_refactor_faz5_contract.py:27: in test_app_init_is_public_factory_only
    assert len(source.splitlines()) &lt;= 55
E   assert 193 &lt;= 55
E    +  where 193 = len(['', '"""BYS360 application factory.', '', 'Bu dosya public ``create_app`` girişini, login user_loader sözleşmesini ve... uyumluluk sabitlerini tutar. Uygulama kurulum pipeline'ı", '``app.bootstrap.application_bootstrap`` altındadır.', ...])
E    +    where ['', '"""BYS360 application factory.', '', 'Bu dosya public ``create_app`` girişini, login user_loader sözleşmesini ve... uyumluluk sabitlerini tutar. Uygulama kurulum pipeline'ı", '``app.bootstrap.application_bootstrap`` altındadır.', ...] = &lt;built-in method splitlines of str object at 0x00000210007DEE30&gt;()
E    +      where &lt;built-in method splitlines of str object at 0x00000210007DEE30&gt; = '\n"""BYS360 application factory.\n\nBu dosya public ``create_app`` girişini, login user_loader sözleşmesini ve\nmevcu...n_optional_startup(app, "Executive Summary routes", lambda: _register_executive_summary_module(app))\n    return app\n'.splitlines</failure></testcase><testcase classname="tests.architecture.test_core_refactor_faz5_contract" name="test_application_bootstrap_owns_runtime_pipeline" time="0.001" /><testcase classname="tests.architecture.test_core_refactor_faz5_contract" name="test_quality_chain_exists_and_cleans_runtime_artifacts" time="0.000"><failure message="FileNotFoundError: [Errno 2] No such file or directory: 'C:\\bys360\\project\\scripts\\run_core_refactor_quality_chain.py'">tests\architecture\test_core_refactor_faz5_contract.py:66: in test_quality_chain_exists_and_cleans_runtime_artifacts
    source = read("scripts/run_core_refactor_quality_chain.py")
             ^^^^^^^^^^^^^^^^^^^^^^^^^^^^^^^^^^^^^^^^^^^^^^^^^^
tests\architecture\test_core_refactor_faz5_contract.py:10: in read
    return (ROOT / rel).read_text(encoding="utf-8")
           ^^^^^^^^^^^^^^^^^^^^^^^^^^^^^^^^^^^^^^^^
C:\Program Files\WindowsApps\PythonSoftwareFoundation.Python.3.12_3.12.2800.0_x64__qbz5n2kfra8p0\Lib\pathlib.py:1027: in read_text
    with self.open(mode='r', encoding=encoding, errors=errors) as f:
         ^^^^^^^^^^^^^^^^^^^^^^^^^^^^^^^^^^^^^^^^^^^^^^^^^^^^^
C:\Program Files\WindowsApps\PythonSoftwareFoundation.Python.3.12_3.12.2800.0_x64__qbz5n2kfra8p0\Lib\pathlib.py:1013: in open
    return io.open(self, mode, buffering, encoding, errors, newline)
           ^^^^^^^^^^^^^^^^^^^^^^^^^^^^^^^^^^^^^^^^^^^^^^^^^^^^^^^^^
E   FileNotFoundError: [Errno 2] No such file or directory: 'C:\\bys360\\project\\scripts\\run_core_refactor_quality_chain.py'</failure></testcase><testcase classname="tests.architecture.test_core_refactor_faz6_contract" name="test_model_namespace_uses_package_not_legacy_single_file" time="0.000" /><testcase classname="tests.architecture.test_core_refactor_faz6_contract" name="test_model_package_keeps_public_compatibility_entrypoint" time="0.000" /><testcase classname="tests.architecture.test_core_refactor_faz6_contract" name="test_model_manifest_documents_live_and_compatibility_modules" time="0.000"><failure message="assert 'education_models' in '&quot;&quot;&quot;BYS360 model namespace sözleşmesi.\n\nBu dosya runtime davranışını değiştirmez; model paketinin hangi modüllerden\...MUNICATION_PHASE_MODEL_MODULES),\n        &quot;forbidden_artifacts&quot;: sorted(FORBIDDEN_MODEL_NAMESPACE_ARTIFACTS),\n    }\n'">tests\architecture\test_core_refactor_faz6_contract.py:41: in test_model_manifest_documents_live_and_compatibility_modules
    assert fragment in source
E   assert 'education_models' in '"""BYS360 model namespace sözleşmesi.\n\nBu dosya runtime davranışını değiştirmez; model paketinin hangi modüllerden\...MUNICATION_PHASE_MODEL_MODULES),\n        "forbidden_artifacts": sorted(FORBIDDEN_MODEL_NAMESPACE_ARTIFACTS),\n    }\n'</failure></testcase><testcase classname="tests.architecture.test_core_refactor_faz6_contract" name="test_faz6_quality_tools_are_wired" time="0.000"><failure message="AssertionError: assert False&#10; +  where False = exists()&#10; +    where exists = (WindowsPath('C:/bys360/project') / 'scripts/check_core_refactor_faz6_gate.py').exists">tests\architecture\test_core_refactor_faz6_contract.py:45: in test_faz6_quality_tools_are_wired
    assert (ROOT / "scripts/check_core_refactor_faz6_gate.py").exists()
E   AssertionError: assert False
E    +  where False = exists()
E    +    where exists = (WindowsPath('C:/bys360/project') / 'scripts/check_core_refactor_faz6_gate.py').exists</failure></testcase><testcase classname="tests.architecture.test_core_refactor_faz7_contract" name="test_phase_alias_manifest_is_alias_first_and_non_runtime" time="0.001" /><testcase classname="tests.architecture.test_core_refactor_faz7_contract" name="test_phase_alias_manifest_covers_live_route_families" time="0.012" /><testcase classname="tests.architecture.test_core_refactor_faz7_contract" name="test_phase_alias_legacy_paths_still_exist_and_are_documented_only" time="0.001" /><testcase classname="tests.architecture.test_core_refactor_faz7_contract" name="test_phase_alias_report_scripts_are_registered_in_quality_chain" time="0.000"><failure message="FileNotFoundError: [Errno 2] No such file or directory: 'C:\\bys360\\project\\scripts\\run_core_refactor_quality_chain.py'">tests\architecture\test_core_refactor_faz7_contract.py:40: in test_phase_alias_report_scripts_are_registered_in_quality_chain
    chain_text = (ROOT / "scripts" / "run_core_refactor_quality_chain.py").read_text(encoding="utf-8")
                 ^^^^^^^^^^^^^^^^^^^^^^^^^^^^^^^^^^^^^^^^^^^^^^^^^^^^^^^^^^^^^^^^^^^^^^^^^^^^^^^^^^^^^
C:\Program Files\WindowsApps\PythonSoftwareFoundation.Python.3.12_3.12.2800.0_x64__qbz5n2kfra8p0\Lib\pathlib.py:1027: in read_text
    with self.open(mode='r', encoding=encoding, errors=errors) as f:
         ^^^^^^^^^^^^^^^^^^^^^^^^^^^^^^^^^^^^^^^^^^^^^^^^^^^^^
C:\Program Files\WindowsApps\PythonSoftwareFoundation.Python.3.12_3.12.2800.0_x64__qbz5n2kfra8p0\Lib\pathlib.py:1013: in open
    return io.open(self, mode, buffering, encoding, errors, newline)
           ^^^^^^^^^^^^^^^^^^^^^^^^^^^^^^^^^^^^^^^^^^^^^^^^^^^^^^^^^
E   FileNotFoundError: [Errno 2] No such file or directory: 'C:\\bys360\\project\\scripts\\run_core_refactor_quality_chain.py'</failure></testcase><testcase classname="tests.architecture.test_core_refactor_faz8_contract" name="test_phase_alias_manifest_enables_lazy_wrappers" time="0.000" /><testcase classname="tests.architecture.test_core_refactor_faz8_contract" name="test_alias_wrappers_exist_without_deleting_legacy_files" time="0.001" /><testcase classname="tests.architecture.test_core_refactor_faz8_contract" name="test_alias_wrappers_are_lazy_and_do_not_register_blueprints" time="0.002" /><testcase classname="tests.architecture.test_core_refactor_faz8_contract" name="test_phase8_quality_chain_registration" time="0.000"><failure message="FileNotFoundError: [Errno 2] No such file or directory: 'C:\\bys360\\project\\scripts\\run_core_refactor_quality_chain.py'">tests\architecture\test_core_refactor_faz8_contract.py:48: in test_phase8_quality_chain_registration
    chain_text = (ROOT / "scripts" / "run_core_refactor_quality_chain.py").read_text(encoding="utf-8")
                 ^^^^^^^^^^^^^^^^^^^^^^^^^^^^^^^^^^^^^^^^^^^^^^^^^^^^^^^^^^^^^^^^^^^^^^^^^^^^^^^^^^^^^
C:\Program Files\WindowsApps\PythonSoftwareFoundation.Python.3.12_3.12.2800.0_x64__qbz5n2kfra8p0\Lib\pathlib.py:1027: in read_text
    with self.open(mode='r', encoding=encoding, errors=errors) as f:
         ^^^^^^^^^^^^^^^^^^^^^^^^^^^^^^^^^^^^^^^^^^^^^^^^^^^^^
C:\Program Files\WindowsApps\PythonSoftwareFoundation.Python.3.12_3.12.2800.0_x64__qbz5n2kfra8p0\Lib\pathlib.py:1013: in open
    return io.open(self, mode, buffering, encoding, errors, newline)
           ^^^^^^^^^^^^^^^^^^^^^^^^^^^^^^^^^^^^^^^^^^^^^^^^^^^^^^^^^
E   FileNotFoundError: [Errno 2] No such file or directory: 'C:\\bys360\\project\\scripts\\run_core_refactor_quality_chain.py'</failure></testcase><testcase classname="tests.architecture.test_core_refactor_faz9_contract" name="test_faz9_files_exist" time="0.000"><failure message="AssertionError: eksik Faz 9 dosyasi: C:\bys360\project\scripts\check_core_refactor_faz9_gate.py&#10;assert False&#10; +  where False = exists()&#10; +    where exists = WindowsPath('C:/bys360/project/scripts/check_core_refactor_faz9_gate.py').exists">tests\architecture\test_core_refactor_faz9_contract.py:42: in test_faz9_files_exist
    assert path.exists(), f"eksik Faz 9 dosyasi: {path}"
E   AssertionError: eksik Faz 9 dosyasi: C:\bys360\project\scripts\check_core_refactor_faz9_gate.py
E   assert False
E    +  where False = exists()
E    +    where exists = WindowsPath('C:/bys360/project/scripts/check_core_refactor_faz9_gate.py').exists</failure></testcase><testcase classname="tests.architecture.test_core_refactor_faz9_contract" name="test_normalize_methods_ignores_flask_auto_methods" time="0.000" /><testcase classname="tests.architecture.test_core_refactor_faz9_contract" name="test_route_conflict_detection_finds_same_rule_method_different_endpoint" time="0.000" /><testcase classname="tests.architecture.test_core_refactor_faz9_contract" name="test_quality_chain_knows_faz9" time="0.000"><failure message="FileNotFoundError: [Errno 2] No such file or directory: 'C:\\bys360\\project\\scripts\\run_core_refactor_quality_chain.py'">tests\architecture\test_core_refactor_faz9_contract.py:68: in test_quality_chain_knows_faz9
    chain = (ROOT / "scripts" / "run_core_refactor_quality_chain.py").read_text(encoding="utf-8")
            ^^^^^^^^^^^^^^^^^^^^^^^^^^^^^^^^^^^^^^^^^^^^^^^^^^^^^^^^^^^^^^^^^^^^^^^^^^^^^^^^^^^^^
C:\Program Files\WindowsApps\PythonSoftwareFoundation.Python.3.12_3.12.2800.0_x64__qbz5n2kfra8p0\Lib\pathlib.py:1027: in read_text
    with self.open(mode='r', encoding=encoding, errors=errors) as f:
         ^^^^^^^^^^^^^^^^^^^^^^^^^^^^^^^^^^^^^^^^^^^^^^^^^^^^^
C:\Program Files\WindowsApps\PythonSoftwareFoundation.Python.3.12_3.12.2800.0_x64__qbz5n2kfra8p0\Lib\pathlib.py:1013: in open
    return io.open(self, mode, buffering, encoding, errors, newline)
           ^^^^^^^^^^^^^^^^^^^^^^^^^^^^^^^^^^^^^^^^^^^^^^^^^^^^^^^^^
E   FileNotFoundError: [Errno 2] No such file or directory: 'C:\\bys360\\project\\scripts\\run_core_refactor_quality_chain.py'</failure></testcase><testcase classname="tests.architecture.test_home_phase1_contract" name="test_home_route_uses_home_context" time="0.000" /><testcase classname="tests.architecture.test_home_phase1_contract" name="test_weather_service_is_safe_and_configurable" time="0.000" /><testcase classname="tests.architecture.test_home_phase1_contract" name="test_template_has_weather_and_recommendation_surface" time="0.000" /><testcase classname="tests.architecture.test_home_phase1_contract" name="test_base_menu_points_to_home" time="0.006"><failure message="assert '&lt;span&gt;Anasayfa&lt;/span&gt;' in '\ufeff\n\n{# BYS360_BASE_CLEAN_V13: temiz, sabit ve rol bazlı ana iskelet #}\n&lt;!doctype html&gt;\n&lt;html lang=&quot;tr&quot;&gt;\n&lt;hea...pletion_v2.js\') }}?v=2&quot; defer&gt;&lt;/script&gt;\n&lt;!-- /BYS360_ANDROID_RESPONSIVE_COMPLETION_V2_JS --&gt;\n&lt;/body&gt;\n&lt;/html&gt;\n\n\n'">tests\architecture\test_home_phase1_contract.py:44: in test_base_menu_points_to_home
    assert "&lt;span&gt;Anasayfa&lt;/span&gt;" in base
E   assert '&lt;span&gt;Anasayfa&lt;/span&gt;' in '\ufeff\n\n{# BYS360_BASE_CLEAN_V13: temiz, sabit ve rol bazlı ana iskelet #}\n&lt;!doctype html&gt;\n&lt;html lang="tr"&gt;\n&lt;hea...pletion_v2.js\') }}?v=2" defer&gt;&lt;/script&gt;\n&lt;!-- /BYS360_ANDROID_RESPONSIVE_COMPLETION_V2_JS --&gt;\n&lt;/body&gt;\n&lt;/html&gt;\n\n\n'</failure></testcase><testcase classname="tests.architecture.test_home_phase1_contract" name="test_css_exists" time="0.000" /><testcase classname="tests.architecture.test_login_home_redirect_contract" name="test_login_success_redirects_to_home_not_dashboard" time="0.000" /><testcase classname="tests.architecture.test_login_home_redirect_contract" name="test_first_login_security_flows_are_preserved" time="0.000" /><testcase classname="tests.architecture.test_login_home_redirect_contract" name="test_home_route_and_template_exist" time="0.001" /><testcase classname="tests.architecture.test_login_home_redirect_contract" name="test_root_index_keeps_authenticated_user_on_home" time="0.000" /><testcase classname="tests.architecture.test_message_faz10_closure_contract" name="test_message_lifecycle_service_exists_and_exports_contract" time="0.000" /><testcase classname="tests.architecture.test_message_faz10_closure_contract" name="test_message_routes_use_lifecycle_service_bridge" time="0.000" /><testcase classname="tests.architecture.test_message_faz10_closure_contract" name="test_message_routes_no_longer_hold_direct_edit_delete_db_mutation" time="0.000" /><testcase classname="tests.architecture.test_message_faz10_closure_contract" name="test_message_live_endpoints_are_preserved" time="0.000" /><testcase classname="tests.architecture.test_message_faz10_closure_contract" name="test_message_route_is_below_refactor_line_budget" time="0.000" /><testcase classname="tests.architecture.test_message_faz1_smoke_contract" name="test_message_faz1_endpoint_wrappers_keep_live_guards" time="0.007" /><testcase classname="tests.architecture.test_message_faz1_smoke_contract" name="test_message_send_submit_contract_order_is_stable" time="0.001"><failure message="assert 'not thread or not thread.is_active' in 'def messages_send_impl(thread_id):\n    participant = _participant_for_thread(thread_id)\n\n    if not participant:\n...aj gönderilirken hata oluştu: {exc}&quot;, &quot;danger&quot;)\n\n    return _redirect_message_destination(thread_id=thread_id)\n\n\n'">tests\architecture\test_message_faz1_smoke_contract.py:67: in test_message_send_submit_contract_order_is_stable
    assert "not thread or not thread.is_active" in block
E   assert 'not thread or not thread.is_active' in 'def messages_send_impl(thread_id):\n    participant = _participant_for_thread(thread_id)\n\n    if not participant:\n...aj gönderilirken hata oluştu: {exc}", "danger")\n\n    return _redirect_message_destination(thread_id=thread_id)\n\n\n'</failure></testcase><testcase classname="tests.architecture.test_message_faz1_smoke_contract" name="test_message_send_ajax_error_contract_is_stable" time="0.001" /><testcase classname="tests.architecture.test_message_faz1_smoke_contract" name="test_message_send_commit_rollback_and_cleanup_contract" time="0.001"><failure message="AssertionError: messages_send_impl güvenli yazma sözleşmesi eksik: db.session.commit()&#10;assert 'db.session.commit()' in 'def messages_send_impl(thread_id):\n    participant = _participant_for_thread(thread_id)\n\n    if not participant:\n...aj gönderilirken hata oluştu: {exc}&quot;, &quot;danger&quot;)\n\n    return _redirect_message_destination(thread_id=thread_id)\n\n\n'">tests\architecture\test_message_faz1_smoke_contract.py:108: in test_message_send_commit_rollback_and_cleanup_contract
    assert keyword in block, f"messages_send_impl güvenli yazma sözleşmesi eksik: {keyword}"
E   AssertionError: messages_send_impl güvenli yazma sözleşmesi eksik: db.session.commit()
E   assert 'db.session.commit()' in 'def messages_send_impl(thread_id):\n    participant = _participant_for_thread(thread_id)\n\n    if not participant:\n...aj gönderilirken hata oluştu: {exc}", "danger")\n\n    return _redirect_message_destination(thread_id=thread_id)\n\n\n'</failure></testcase><testcase classname="tests.architecture.test_message_faz1_smoke_contract" name="test_message_new_direct_thread_contract_is_stable" time="0.001"><failure message="AssertionError: messages_new_impl sözleşmesi eksik: _find_or_create_direct_thread&#10;assert '_find_or_create_direct_thread' in 'def messages_new_impl():\n    users = _svc_load_all_active_compose_users()\n    recent_users = _svc_build_recent_mess...int)\n    return _render_message_new(users=users, recent_users=recent_users, recipient_user_id=selected_recipient)\n\n'">tests\architecture\test_message_faz1_smoke_contract.py:129: in test_message_new_direct_thread_contract_is_stable
    assert keyword in block, f"messages_new_impl sözleşmesi eksik: {keyword}"
E   AssertionError: messages_new_impl sözleşmesi eksik: _find_or_create_direct_thread
E   assert '_find_or_create_direct_thread' in 'def messages_new_impl():\n    users = _svc_load_all_active_compose_users()\n    recent_users = _svc_build_recent_mess...int)\n    return _render_message_new(users=users, recent_users=recent_users, recipient_user_id=selected_recipient)\n\n'</failure></testcase><testcase classname="tests.architecture.test_message_faz1_smoke_contract" name="test_message_service_file_security_contract_is_stable" time="0.000" /><testcase classname="tests.architecture.test_message_faz2_service_contract" name="test_message_service_package_exists" time="0.000" /><testcase classname="tests.architecture.test_message_faz2_service_contract" name="test_message_service_skeleton_files_exist" time="0.000" /><testcase classname="tests.architecture.test_message_faz2_service_contract" name="test_message_routes_not_coupled_to_new_service_in_faz2" time="0.004"><failure message="AssertionError: assert ['app.services.messages'] == []&#10;  &#10;  Left contains one more item: 'app.services.messages'&#10;  Use -v to get more diff">tests\architecture\test_message_faz2_service_contract.py:40: in test_message_routes_not_coupled_to_new_service_in_faz2
    assert imported == []
E   AssertionError: assert ['app.services.messages'] == []
E     
E     Left contains one more item: 'app.services.messages'
E     Use -v to get more diff</failure></testcase><testcase classname="tests.architecture.test_message_faz2_service_contract" name="test_live_contract_contains_message_endpoints" time="0.035" /><testcase classname="tests.architecture.test_message_faz2_service_contract" name="test_service_exports_are_declared" time="0.001" /><testcase classname="tests.architecture.test_message_faz3_route_service_bridge" name="test_message_routes_use_service_bridge_for_low_risk_helpers" time="0.000" /><testcase classname="tests.architecture.test_message_faz3_route_service_bridge" name="test_message_live_write_flows_remain_in_route_in_phase3" time="0.000" /><testcase classname="tests.architecture.test_message_faz3_route_service_bridge" name="test_message_serialization_payload_keeps_mobile_contract" time="0.000" /><testcase classname="tests.architecture.test_message_faz5_compose_contract" name="test_compose_service_exports_expected_helpers" time="0.000" /><testcase classname="tests.architecture.test_message_faz5_compose_contract" name="test_routes_use_compose_service_bridge" time="0.000" /><testcase classname="tests.architecture.test_message_faz5_compose_contract" name="test_compose_service_does_not_take_over_send_writes" time="0.000" /><testcase classname="tests.architecture.test_message_faz5_compose_contract" name="test_live_send_routes_remain_present" time="0.000" /><testcase classname="tests.architecture.test_message_faz6_thread_live_contract" name="test_message_faz6_thread_detail_service_exists" time="0.000" /><testcase classname="tests.architecture.test_message_faz6_thread_live_contract" name="test_message_faz6_routes_use_service_bridge" time="0.000" /><testcase classname="tests.architecture.test_message_faz6_thread_live_contract" name="test_message_faz6_exports_are_public" time="0.000" /><testcase classname="tests.architecture.test_message_faz7_typing_reaction_contract" name="test_message_faz7_service_files_exist" time="0.000" /><testcase classname="tests.architecture.test_message_faz7_typing_reaction_contract" name="test_message_faz7_route_uses_service_bridge" time="0.000" /><testcase classname="tests.architecture.test_message_faz7_typing_reaction_contract" name="test_message_faz7_exports_service_functions" time="0.000" /><testcase classname="tests.architecture.test_message_faz7_typing_reaction_contract" name="test_message_faz7_typing_contract_guards" time="0.000" /><testcase classname="tests.architecture.test_message_faz7_typing_reaction_contract" name="test_message_faz7_reaction_contract_guards" time="0.000" /><testcase classname="tests.architecture.test_message_faz8_state_bridge_contract" name="test_faz8_state_service_functions_exist" time="0.000" /><testcase classname="tests.architecture.test_message_faz8_state_bridge_contract" name="test_faz8_state_functions_exported" time="0.000" /><testcase classname="tests.architecture.test_message_faz8_state_bridge_contract" name="test_faz8_routes_use_state_services" time="0.000" /><testcase classname="tests.architecture.test_message_faz8_state_bridge_contract" name="test_faz8_critical_write_routes_still_exist" time="0.000" /><testcase classname="tests.architecture.test_message_faz9_send_bridge_contract" name="test_message_send_service_exists" time="0.000" /><testcase classname="tests.architecture.test_message_faz9_send_bridge_contract" name="test_send_service_handles_commit_rollback_and_attachment_cleanup" time="0.000" /><testcase classname="tests.architecture.test_message_faz9_send_bridge_contract" name="test_route_uses_send_service_bridge_without_losing_tokens" time="0.000" /><testcase classname="tests.architecture.test_message_faz9_send_bridge_contract" name="test_service_exports_are_public" time="0.000" /><testcase classname="tests.architecture.test_message_live_contract" name="test_message_route_file_exists" time="0.000" /><testcase classname="tests.architecture.test_message_live_contract" name="test_message_live_endpoints_keep_guards" time="0.006" /><testcase classname="tests.architecture.test_message_live_contract" name="test_message_write_impls_are_present_for_future_refactor" time="0.002" /><testcase classname="tests.architecture.test_message_live_contract" name="test_message_db_writes_do_not_skip_basic_safety_keywords" time="0.001"><failure message="AssertionError: messages_send_impl commit sözleşmesi korunmalı&#10;assert 'db.session.commit' in 'def messages_send_impl(thread_id):\n    participant = _participant_for_thread(thread_id)\n\n    if not participant:\n...aj gönderilirken hata oluştu: {exc}&quot;, &quot;danger&quot;)\n\n    return _redirect_message_destination(thread_id=thread_id)\n\n\n'">tests\architecture\test_message_live_contract.py:82: in test_message_db_writes_do_not_skip_basic_safety_keywords
    assert "db.session.commit" in block, f"{function_name} commit sözleşmesi korunmalı"
E   AssertionError: messages_send_impl commit sözleşmesi korunmalı
E   assert 'db.session.commit' in 'def messages_send_impl(thread_id):\n    participant = _participant_for_thread(thread_id)\n\n    if not participant:\n...aj gönderilirken hata oluştu: {exc}", "danger")\n\n    return _redirect_message_destination(thread_id=thread_id)\n\n\n'</failure></testcase><testcase classname="tests.architecture.test_message_live_contract" name="test_message_send_attachment_and_notification_contract" time="0.001"><failure message="assert '_save_message_attachment' in 'def messages_send_impl(thread_id):\n    participant = _participant_for_thread(thread_id)\n\n    if not participant:\n...aj gönderilirken hata oluştu: {exc}&quot;, &quot;danger&quot;)\n\n    return _redirect_message_destination(thread_id=thread_id)\n\n\n'">tests\architecture\test_message_live_contract.py:90: in test_message_send_attachment_and_notification_contract
    assert "_save_message_attachment" in block
E   assert '_save_message_attachment' in 'def messages_send_impl(thread_id):\n    participant = _participant_for_thread(thread_id)\n\n    if not participant:\n...aj gönderilirken hata oluştu: {exc}", "danger")\n\n    return _redirect_message_destination(thread_id=thread_id)\n\n\n'</failure></testcase><testcase classname="tests.architecture.test_message_live_contract" name="test_message_service_file_security_symbols_exist" time="0.000"><failure message="AssertionError: message_service dosya güvenliği sözleşmesi eksik: resolve_message_attachment_download&#10;assert 'resolve_message_attachment_download' in 'from __future__ import annotations\n\n\n\nfrom app.core.datetime_utils import utc_now\nimport mimetypes\nimport uuid\...s:\n            continue\n        seen_survey_ids.add(survey_id)\n        visible.append(survey)\n    return visible\n'">tests\architecture\test_message_live_contract.py:106: in test_message_service_file_security_symbols_exist
    assert symbol in text, f"message_service dosya güvenliği sözleşmesi eksik: {symbol}"
E   AssertionError: message_service dosya güvenliği sözleşmesi eksik: resolve_message_attachment_download
E   assert 'resolve_message_attachment_download' in 'from __future__ import annotations\n\n\n\nfrom app.core.datetime_utils import utc_now\nimport mimetypes\nimport uuid\...s:\n            continue\n        seen_survey_ids.add(survey_id)\n        visible.append(survey)\n    return visible\n'</failure></testcase><testcase classname="tests.architecture.test_mobile_api_auth_dashboard_assistant_response_p3b_v3" name="test_mobile_auth_dashboard_assistant_response_gate_p3b_v3" time="10.131" /><testcase classname="tests.architecture.test_mobile_api_auth_guard_matrix_p4a" name="test_mobile_api_auth_guard_matrix_p4a" time="1.701" /><testcase classname="tests.architecture.test_mobile_api_behavior_smoke_p2b" name="test_mobile_domain_files_exist_and_compile" time="0.009" /><testcase classname="tests.architecture.test_mobile_api_behavior_smoke_p2b" name="test_mobile_route_contract_and_domain_ownership" time="0.002" /><testcase classname="tests.architecture.test_mobile_api_behavior_smoke_p2b" name="test_mobile_routes_py_is_facade_only" time="0.001" /><testcase classname="tests.architecture.test_mobile_api_contract_p2a" name="test_mobile_api_domain_contract_is_stable" time="0.020" /><testcase classname="tests.architecture.test_mobile_api_contract_p2a" name="test_mobile_api_expected_domains_compile" time="0.053" /><testcase classname="tests.architecture.test_mobile_api_performance_response_p3e" name="test_mobile_performance_response_gate_p3e" time="0.338" /><testcase classname="tests.architecture.test_mobile_api_personnel_kpi_communication_response_p3c" name="test_mobile_personnel_kpi_communication_response_gate_p3c" time="0.341"><failure message="assert False is True">tests\architecture\test_mobile_api_personnel_kpi_communication_response_p3c.py:19: in test_mobile_personnel_kpi_communication_response_gate_p3c
    assert result["runtime_route_map_ok"] is True
E   assert False is True</failure></testcase><testcase classname="tests.architecture.test_mobile_api_personnel_kpi_communication_response_p3c_v2" name="test_mobile_personnel_kpi_communication_response_gate_p3c_v2" time="0.329" /><testcase classname="tests.architecture.test_mobile_api_release_evidence_p4e" name="test_mobile_release_evidence_gate_p4e" time="0.095"><failure message="AssertionError: {&#10;    &quot;ok&quot;: false,&#10;    &quot;package&quot;: &quot;BYS360_CLAUDE_SCORE_UPLIFT_P4E_MOBILE_RELEASE_EVIDENCE_GATE&quot;,&#10;    &quot;mobile_release_evidence_gate_ok&quot;: false,&#10;    &quot;response_suite_report_ok&quot;: false,&#10;    &quot;security_evidence_report_ok&quot;: false,&#10;    &quot;p3_gate_count&quot;: 0,&#10;    &quot;p3_gates_passed&quot;: 0,&#10;    &quot;security_gate_count&quot;: 0,&#10;    &quot;security_gates_passed&quot;: 0,&#10;    &quot;total_probe_count&quot;: 0,&#10;    &quot;feature_coverage_ok&quot;: false,&#10;    &quot;direct_contract_ok&quot;: true,&#10;    &quot;compile_ok&quot;: true,&#10;    &quot;app_factory_ok&quot;: true,&#10;    &quot;secret_gate_ok&quot;: true,&#10;    &quot;secret_gate_finding_count&quot;: 0,&#10;    &quot;pytest_ok&quot;: true,&#10;    &quot;pytest_mode&quot;: &quot;not_run&quot;,&#10;    &quot;report&quot;: &quot;C:\\bys360\\project\\reports\\architecture\\BYS360_MOBILE_RELEASE_EVIDENCE_GATE_P4E_REPORT.json&quot;&#10;  }&#10;  &#10;  &#10;assert 1 == 0&#10; +  where 1 = CompletedProcess(args=['C:\\bys360\\project\\.venv\\Scripts\\python.exe', 'C:\\bys360\\project\\scripts\\quality\\bys3...\bys360\\\\project\\\\reports\\\\architecture\\\\BYS360_MOBILE_RELEASE_EVIDENCE_GATE_P4E_REPORT.json&quot;\n}\n', stderr='').returncode">tests\architecture\test_mobile_api_release_evidence_p4e.py:21: in test_mobile_release_evidence_gate_p4e
    assert result.returncode == 0, result.stdout + "\n" + result.stderr
E   AssertionError: {
E       "ok": false,
E       "package": "BYS360_CLAUDE_SCORE_UPLIFT_P4E_MOBILE_RELEASE_EVIDENCE_GATE",
E       "mobile_release_evidence_gate_ok": false,
E       "response_suite_report_ok": false,
E       "security_evidence_report_ok": false,
E       "p3_gate_count": 0,
E       "p3_gates_passed": 0,
E       "security_gate_count": 0,
E       "security_gates_passed": 0,
E       "total_probe_count": 0,
E       "feature_coverage_ok": false,
E       "direct_contract_ok": true,
E       "compile_ok": true,
E       "app_factory_ok": true,
E       "secret_gate_ok": true,
E       "secret_gate_finding_count": 0,
E       "pytest_ok": true,
E       "pytest_mode": "not_run",
E       "report": "C:\\bys360\\project\\reports\\architecture\\BYS360_MOBILE_RELEASE_EVIDENCE_GATE_P4E_REPORT.json"
E     }
E     
E     
E   assert 1 == 0
E    +  where 1 = CompletedProcess(args=['C:\\bys360\\project\\.venv\\Scripts\\python.exe', 'C:\\bys360\\project\\scripts\\quality\\bys3...\bys360\\\\project\\\\reports\\\\architecture\\\\BYS360_MOBILE_RELEASE_EVIDENCE_GATE_P4E_REPORT.json"\n}\n', stderr='').returncode</failure></testcase><testcase classname="tests.architecture.test_mobile_api_request_level_smoke_p2c" name="test_mobile_api_request_level_smoke_contract_gate" time="0.153" /><testcase classname="tests.architecture.test_mobile_api_request_level_smoke_p2c_v3" name="test_mobile_api_request_level_smoke_contract_gate_v3" time="0.227" /><testcase classname="tests.architecture.test_mobile_api_request_scenarios_p3a" name="test_mobile_api_request_scenario_gate_p3a" time="2.885" /><testcase classname="tests.architecture.test_mobile_api_request_smoke_p2c" name="test_mobile_api_request_level_smoke_p2c_contract" time="1.711"><failure message="assert False is True">tests\architecture\test_mobile_api_request_smoke_p2c.py:19: in test_mobile_api_request_level_smoke_p2c_contract
    assert result["direct_contract_ok"] is True
E   assert False is True</failure></testcase><testcase classname="tests.architecture.test_mobile_api_response_suite_p3f" name="test_mobile_api_response_suite_p3f" time="2.861" /><testcase classname="tests.architecture.test_mobile_api_role_boundary_matrix_p4b" name="test_mobile_api_role_boundary_matrix_p4b" time="1.734"><failure message="assert False is True">tests\architecture\test_mobile_api_role_boundary_matrix_p4b.py:17: in test_mobile_api_role_boundary_matrix_p4b
    assert result["runtime_route_map_ok"] is True
E   assert False is True</failure></testcase><testcase classname="tests.architecture.test_mobile_api_role_boundary_matrix_p4b_v2" name="test_mobile_api_role_boundary_matrix_p4b_v2" time="2.050"><failure message="assert False is True">tests\architecture\test_mobile_api_role_boundary_matrix_p4b_v2.py:17: in test_mobile_api_role_boundary_matrix_p4b_v2
    assert result["runtime_route_map_ok"] is True
E   assert False is True</failure></testcase><testcase classname="tests.architecture.test_mobile_api_role_boundary_matrix_p4b_v3" name="test_mobile_api_role_boundary_matrix_p4b_v3" time="2.035" /><testcase classname="tests.architecture.test_mobile_api_security_evidence_p4d" name="test_mobile_security_evidence_gate_p4d" time="0.007"><failure message="AssertionError: {'app_factory_ok': True, 'app_factory_smoke': {'ok': True}, 'ci_commands': ['python -m pip install -r requirements-dev...urity_evidence_gate_p4d.py --root . --compile-all --app-factory --secret-gate --pytest-gate'], 'compile_ok': True, ...}&#10;assert False">tests\architecture\test_mobile_api_security_evidence_p4d.py:28: in test_mobile_security_evidence_gate_p4d
    assert report["ok"], report
E   AssertionError: {'app_factory_ok': True, 'app_factory_smoke': {'ok': True}, 'ci_commands': ['python -m pip install -r requirements-dev...urity_evidence_gate_p4d.py --root . --compile-all --app-factory --secret-gate --pytest-gate'], 'compile_ok': True, ...}
E   assert False</failure></testcase><testcase classname="tests.architecture.test_mobile_api_security_suite_p4c" name="test_mobile_security_suite_gate_p4c" time="0.006"><failure message="AssertionError: {'app_factory_ok': True, 'app_factory_smoke': {'ok': True}, 'auth_guard_matrix_ok': False, 'ci_commands': ['python -m ...ality/bys360_mobile_security_suite_gate_p4c.py --root . --compile-all --app-factory --secret-gate --pytest-gate'], ...}&#10;assert False">tests\architecture\test_mobile_api_security_suite_p4c.py:28: in test_mobile_security_suite_gate_p4c
    assert report["ok"], report
E   AssertionError: {'app_factory_ok': True, 'app_factory_smoke': {'ok': True}, 'auth_guard_matrix_ok': False, 'ci_commands': ['python -m ...ality/bys360_mobile_security_suite_gate_p4c.py --root . --compile-all --app-factory --secret-gate --pytest-gate'], ...}
E   assert False</failure></testcase><testcase classname="tests.architecture.test_mobile_api_security_suite_p4c_v2" name="test_mobile_security_suite_gate_p4c_v2" time="0.005"><failure message="AssertionError: {'app_factory_ok': True, 'app_factory_smoke': {'ok': True}, 'auth_guard_matrix_ok': False, 'ci_commands': ['python -m ...ty/bys360_mobile_security_suite_gate_p4c_v2.py --root . --compile-all --app-factory --secret-gate --pytest-gate'], ...}&#10;assert False">tests\architecture\test_mobile_api_security_suite_p4c_v2.py:28: in test_mobile_security_suite_gate_p4c_v2
    assert report["ok"], report
E   AssertionError: {'app_factory_ok': True, 'app_factory_smoke': {'ok': True}, 'auth_guard_matrix_ok': False, 'ci_commands': ['python -m ...ty/bys360_mobile_security_suite_gate_p4c_v2.py --root . --compile-all --app-factory --secret-gate --pytest-gate'], ...}
E   assert False</failure></testcase><testcase classname="tests.architecture.test_mobile_api_support_survey_notifications_response_p3d" name="test_mobile_support_survey_notifications_response_gate_p3d" time="0.474" /><testcase classname="tests.architecture.test_mobile_auth_dashboard_assistant_response_p3b" name="test_mobile_auth_dashboard_assistant_response_gate_p3b" time="4.071"><failure message="assert False is True">tests\architecture\test_mobile_auth_dashboard_assistant_response_p3b.py:12: in test_mobile_auth_dashboard_assistant_response_gate_p3b
    assert result["runtime_route_map_ok"] is True
E   assert False is True</failure></testcase><testcase classname="tests.architecture.test_mobile_auth_dashboard_assistant_response_p3b_v2" name="test_mobile_auth_dashboard_assistant_response_gate_p3b_v2" time="4.083" /><testcase classname="tests.architecture.test_portal_service_faz6_contract" name="test_portal_facade_is_small_and_compiles" time="0.005"><failure message="AssertionError: assert 563 &lt;= 140&#10; +  where 563 = _line_count(WindowsPath('C:/bys360/project/app/services/portal_service.py'))">tests\architecture\test_portal_service_faz6_contract.py:62: in test_portal_facade_is_small_and_compiles
    assert _line_count(PORTAL_SERVICE) &lt;= 140
E   AssertionError: assert 563 &lt;= 140
E    +  where 563 = _line_count(WindowsPath('C:/bys360/project/app/services/portal_service.py'))</failure></testcase><testcase classname="tests.architecture.test_portal_service_faz6_contract" name="test_editorial_parts_exist_and_compile" time="0.001"><failure message="AssertionError: Eksik portal parçası: ['recognition.py', 'editorial_banners.py', 'editorial_announcements.py', 'feed.py', 'editorial_common.py', 'groups.py', 'moderation.py', 'editorial_publishing.py', 'editorial_headlines.py', 'posts.py', 'editorial.py']&#10;assert not ['recognition.py', 'editorial_banners.py', 'editorial_announcements.py', 'feed.py', 'editorial_common.py', 'groups.py', ...]">tests\architecture\test_portal_service_faz6_contract.py:68: in test_editorial_parts_exist_and_compile
    assert not missing, f"Eksik portal parçası: {missing}"
E   AssertionError: Eksik portal parçası: ['recognition.py', 'editorial_banners.py', 'editorial_announcements.py', 'feed.py', 'editorial_common.py', 'groups.py', 'moderation.py', 'editorial_publishing.py', 'editorial_headlines.py', 'posts.py', 'editorial.py']
E   assert not ['recognition.py', 'editorial_banners.py', 'editorial_announcements.py', 'feed.py', 'editorial_common.py', 'groups.py', ...]</failure></testcase><testcase classname="tests.architecture.test_portal_service_faz6_contract" name="test_editorial_public_contract_is_preserved" time="0.000"><failure message="FileNotFoundError: [Errno 2] No such file or directory: 'C:\\bys360\\project\\app\\services\\portal_parts\\editorial_common.py'">tests\architecture\test_portal_service_faz6_contract.py:82: in test_editorial_public_contract_is_preserved
    combined |= _functions(PORTAL_PARTS / name)
                ^^^^^^^^^^^^^^^^^^^^^^^^^^^^^^^
tests\architecture\test_portal_service_faz6_contract.py:55: in _functions
    tree = ast.parse(path.read_text(encoding="utf-8"))
                     ^^^^^^^^^^^^^^^^^^^^^^^^^^^^^^^^
C:\Program Files\WindowsApps\PythonSoftwareFoundation.Python.3.12_3.12.2800.0_x64__qbz5n2kfra8p0\Lib\pathlib.py:1027: in read_text
    with self.open(mode='r', encoding=encoding, errors=errors) as f:
         ^^^^^^^^^^^^^^^^^^^^^^^^^^^^^^^^^^^^^^^^^^^^^^^^^^^^^
C:\Program Files\WindowsApps\PythonSoftwareFoundation.Python.3.12_3.12.2800.0_x64__qbz5n2kfra8p0\Lib\pathlib.py:1013: in open
    return io.open(self, mode, buffering, encoding, errors, newline)
           ^^^^^^^^^^^^^^^^^^^^^^^^^^^^^^^^^^^^^^^^^^^^^^^^^^^^^^^^^
E   FileNotFoundError: [Errno 2] No such file or directory: 'C:\\bys360\\project\\app\\services\\portal_parts\\editorial_common.py'</failure></testcase><testcase classname="tests.architecture.test_portal_service_faz6_contract" name="test_editorial_facade_stays_thin" time="0.000"><failure message="AssertionError: assert False&#10; +  where False = exists()&#10; +    where exists = WindowsPath('C:/bys360/project/app/services/portal_parts/editorial.py').exists">tests\architecture\test_portal_service_faz6_contract.py:89: in test_editorial_facade_stays_thin
    assert editorial_facade.exists()
E   AssertionError: assert False
E    +  where False = exists()
E    +    where exists = WindowsPath('C:/bys360/project/app/services/portal_parts/editorial.py').exists</failure></testcase><testcase classname="tests.architecture.test_pytest_standard_p2d" name="test_pytest_standard_files_exist" time="0.000" /><testcase classname="tests.architecture.test_pytest_standard_p2d" name="test_mobile_architecture_tests_exist" time="0.000" /><testcase classname="tests.architecture.test_settings_faz0_live_contract" name="test_settings_service_live_files_exist" time="0.000" /><testcase classname="tests.architecture.test_settings_faz0_live_contract" name="test_settings_service_public_contract_functions_exist" time="0.002" /><testcase classname="tests.architecture.test_settings_faz0_live_contract" name="test_settings_change_log_and_transaction_contract_exist" time="0.000"><failure message="AssertionError: assert 'db.session.commit' in 'from __future__ import annotations\n\n\n\nimport logging\nfrom collections import OrderedDict\nimport json\nfrom typi...hardening_contract(\n        foundation_context=foundation_context,\n        profile_context=profile_context,\n    )\n'">tests\architecture\test_settings_faz0_live_contract.py:49: in test_settings_change_log_and_transaction_contract_exist
    assert "db.session.commit" in text
E   AssertionError: assert 'db.session.commit' in 'from __future__ import annotations\n\n\n\nimport logging\nfrom collections import OrderedDict\nimport json\nfrom typi...hardening_contract(\n        foundation_context=foundation_context,\n        profile_context=profile_context,\n    )\n'</failure></testcase><testcase classname="tests.architecture.test_settings_faz0_live_contract" name="test_settings_page_post_action_contract_exists" time="0.000"><failure message="assert 'save_system_foundation' in 'from __future__ import annotations\n\n\n\nfrom app.main_handlers.account_communication_helpers import *  # noqa: F401...login_security_flow&quot;,\n    &quot;account_change_photo&quot;,\n    &quot;account_security_setup&quot;,\n    &quot;account_change_password&quot;,\n]\n'">tests\architecture\test_settings_faz0_live_contract.py:64: in test_settings_page_post_action_contract_exists
    assert token in text
E   assert 'save_system_foundation' in 'from __future__ import annotations\n\n\n\nfrom app.main_handlers.account_communication_helpers import *  # noqa: F401...login_security_flow",\n    "account_change_photo",\n    "account_security_setup",\n    "account_change_password",\n]\n'</failure></testcase><testcase classname="tests.architecture.test_settings_faz0_live_contract" name="test_settings_template_contract_exists" time="0.000" /><testcase classname="tests.architecture.test_settings_faz1_service_contract" name="test_boolean_normalization_contract" time="0.000" /><testcase classname="tests.architecture.test_settings_faz1_service_contract" name="test_sensitive_value_is_masked" time="0.000" /><testcase classname="tests.architecture.test_settings_faz1_service_contract" name="test_menu_key_normalization_contract" time="0.000" /><testcase classname="tests.architecture.test_settings_faz1_service_contract" name="test_definition_contract" time="0.000" /><testcase classname="tests.architecture.test_settings_faz1_service_contract" name="test_change_payload_masks_sensitive_value" time="0.000" /><testcase classname="tests.architecture.test_settings_faz2_service_bridge" name="test_settings_phase2_helpers_delegate_to_service_package" time="0.001"><failure message="AssertionError: assert '_settings_dumps_json' in ''&#10; +  where '' = _function_source('_serialize_state')">tests\architecture\test_settings_faz2_service_bridge.py:32: in test_settings_phase2_helpers_delegate_to_service_package
    assert delegated in _function_source(helper)
E   AssertionError: assert '_settings_dumps_json' in ''
E    +  where '' = _function_source('_serialize_state')</failure></testcase><testcase classname="tests.architecture.test_settings_faz2_service_bridge" name="test_settings_phase2_serialization_helpers_exist" time="0.000" /><testcase classname="tests.architecture.test_settings_faz2_service_bridge" name="test_settings_phase2_menu_filter_helpers_exist" time="0.000" /><testcase classname="tests.architecture.test_settings_faz2_service_bridge" name="test_settings_phase2_write_flows_are_not_moved" time="0.000" /><testcase classname="tests.architecture.test_settings_faz3_snapshot_contract" name="test_settings_snapshot_module_exists" time="0.000" /><testcase classname="tests.architecture.test_settings_faz3_snapshot_contract" name="test_settings_snapshot_module_has_no_db_side_effects" time="0.001"><failure message="assert 'SystemSetting' not in '&quot;&quot;&quot;Ayarlar ....values())\n'&#10;  &#10;  'SystemSetting' is contained here:&#10;    ]:&#10;        &quot;&quot;&quot;SystemSetting satırlarından log/snapshot için eski formatta sözlük üretir.&quot;&quot;&quot;&#10;  ?        +++++++++++++&#10;        snapshot: dict[str, Any] = {}&#10;        for definition in definitions or []:...&#10;  &#10;  ...Full output truncated (125 lines hidden), use '-vv' to show">tests\architecture\test_settings_faz3_snapshot_contract.py:26: in test_settings_snapshot_module_has_no_db_side_effects
    assert token not in text
E   assert 'SystemSetting' not in '"""Ayarlar ....values())\n'
E     
E     'SystemSetting' is contained here:
E       ]:
E           """SystemSetting satırlarından log/snapshot için eski formatta sözlük üretir."""
E     ?        +++++++++++++
E           snapshot: dict[str, Any] = {}
E           for definition in definitions or []:...
E     
E     ...Full output truncated (125 lines hidden), use '-vv' to show</failure></testcase><testcase classname="tests.architecture.test_settings_faz3_snapshot_contract" name="test_settings_service_uses_snapshot_bridge_without_removing_save_contracts" time="0.000"><failure message="AssertionError: assert 'app.services.settings.snapshots' in 'from __future__ import annotations\n\n\n\nimport logging\nfrom collections import OrderedDict\nimport json\nfrom typi...hardening_contract(\n        foundation_context=foundation_context,\n        profile_context=profile_context,\n    )\n'">tests\architecture\test_settings_faz3_snapshot_contract.py:31: in test_settings_service_uses_snapshot_bridge_without_removing_save_contracts
    assert "app.services.settings.snapshots" in text
E   AssertionError: assert 'app.services.settings.snapshots' in 'from __future__ import annotations\n\n\n\nimport logging\nfrom collections import OrderedDict\nimport json\nfrom typi...hardening_contract(\n        foundation_context=foundation_context,\n        profile_context=profile_context,\n    )\n'</failure></testcase><testcase classname="tests.architecture.test_survey_faz10_closure_contract" name="test_survey_route_contract_is_still_present" time="0.006" /><testcase classname="tests.architecture.test_survey_faz10_closure_contract" name="test_survey_service_exports_faz10_helpers" time="0.000" /><testcase classname="tests.architecture.test_survey_faz10_closure_contract" name="test_survey_route_is_below_closure_budget" time="0.000" /><testcase classname="tests.architecture.test_survey_faz1_smoke_contract" name="test_survey_faz1_expected_route_contract_is_present" time="0.007" /><testcase classname="tests.architecture.test_survey_faz1_smoke_contract" name="test_survey_faz1_routes_keep_login_required" time="0.006" /><testcase classname="tests.architecture.test_survey_faz1_smoke_contract" name="test_survey_faz1_menu_keys_are_still_separated" time="0.006" /><testcase classname="tests.architecture.test_survey_faz1_smoke_contract" name="test_survey_faz1_submit_route_keeps_form_token_guard" time="0.007" /><testcase classname="tests.architecture.test_survey_faz1_smoke_contract" name="test_survey_faz1_core_model_keywords_are_kept" time="0.000"><failure message="AssertionError: Anket çekirdek model anahtarları kaybolmuş: ['SurveyAnswer']&#10;assert not ['SurveyAnswer']">tests\architecture\test_survey_faz1_smoke_contract.py:166: in test_survey_faz1_core_model_keywords_are_kept
    assert not missing, f"Anket çekirdek model anahtarları kaybolmuş: {missing}"
E   AssertionError: Anket çekirdek model anahtarları kaybolmuş: ['SurveyAnswer']
E   assert not ['SurveyAnswer']</failure></testcase><testcase classname="tests.architecture.test_survey_faz2_service_contract" name="test_survey_faz2_service_files_exist_and_compile" time="0.012" /><testcase classname="tests.architecture.test_survey_faz2_service_contract" name="test_survey_faz2_does_not_modify_live_route_imports" time="0.002"><failure message="assert 'app.services.surveys' not in 'from __futu...sults&quot;,\n]\n'&#10;  &#10;  'app.services.surveys' is contained here:&#10;    ment&#10;    from app.services.surveys import (&#10;        build_survey_state_row as _service_build_survey_state_row,&#10;        get_assigned_surveys_for_user as _service_get_assigned_surveys_for_user,&#10;        latest_response_for_user as _service_latest_response_for_user,...&#10;  &#10;  ...Full output truncated (1055 lines hidden), use '-vv' to show">tests\architecture\test_survey_faz2_service_contract.py:32: in test_survey_faz2_does_not_modify_live_route_imports
    assert "app.services.surveys" not in text
E   assert 'app.services.surveys' not in 'from __futu...sults",\n]\n'
E     
E     'app.services.surveys' is contained here:
E       ment
E       from app.services.surveys import (
E           build_survey_state_row as _service_build_survey_state_row,
E           get_assigned_surveys_for_user as _service_get_assigned_surveys_for_user,
E           latest_response_for_user as _service_latest_response_for_user,...
E     
E     ...Full output truncated (1055 lines hidden), use '-vv' to show</failure></testcase><testcase classname="tests.architecture.test_survey_faz2_service_contract" name="test_survey_service_modules_have_no_top_level_flask_dependency" time="0.073" /><testcase classname="tests.architecture.test_survey_faz2_service_contract" name="test_question_payload_builder_is_defensive" time="0.001" /><testcase classname="tests.architecture.test_survey_faz3_route_service_bridge" name="test_survey_faz3_route_uses_service_bridge_for_low_risk_helpers" time="0.031" /><testcase classname="tests.architecture.test_survey_faz3_route_service_bridge" name="test_survey_faz3_does_not_touch_submit_safety_contract" time="0.005"><failure message="assert 'SurveyResponse(' in 'def survey_submit(survey_id):\n    survey = db.session.get(Survey, survey_id)\n    survey_ok, survey_reason = _survey...return redirect(url_for(&quot;main.survey_take&quot;, survey_id=survey.id))\n\n    return redirect(url_for(&quot;main.surveys_list&quot;))'">tests\architecture\test_survey_faz3_route_service_bridge.py:46: in test_survey_faz3_does_not_touch_submit_safety_contract
    assert "SurveyResponse(" in submit_body
E   assert 'SurveyResponse(' in 'def survey_submit(survey_id):\n    survey = db.session.get(Survey, survey_id)\n    survey_ok, survey_reason = _survey...return redirect(url_for("main.survey_take", survey_id=survey.id))\n\n    return redirect(url_for("main.surveys_list"))'</failure></testcase><testcase classname="tests.architecture.test_survey_faz3_route_service_bridge" name="test_survey_faz3_service_modules_compile" time="0.031" /><testcase classname="tests.architecture.test_survey_faz3_route_service_bridge" name="test_survey_question_payload_builder_keeps_live_validation_messages" time="0.000" /><testcase classname="tests.architecture.test_survey_faz4_read_service_contract" name="test_survey_faz4_read_helpers_are_in_repository" time="0.001" /><testcase classname="tests.architecture.test_survey_faz4_read_service_contract" name="test_survey_faz4_routes_delegate_read_helpers_to_service" time="0.000" /><testcase classname="tests.architecture.test_survey_faz4_read_service_contract" name="test_survey_faz4_repository_stays_read_only" time="0.000" /><testcase classname="tests.architecture.test_survey_faz4_read_service_contract" name="test_survey_faz4_live_write_guards_stay_in_route" time="0.001"><failure message="assert 'ensure_state_change' in 'from __future__ import annotations\n\n\n\nfrom flask import Response, current_app, flash, jsonify, redirect, request,... &quot;survey_archive&quot;,\n    &quot;survey_restore&quot;,\n    &quot;survey_bulk_action&quot;,\n    &quot;survey_delete&quot;,\n    &quot;survey_results&quot;,\n]\n'">tests\architecture\test_survey_faz4_read_service_contract.py:53: in test_survey_faz4_live_write_guards_stay_in_route
    assert "ensure_state_change" in route
E   assert 'ensure_state_change' in 'from __future__ import annotations\n\n\n\nfrom flask import Response, current_app, flash, jsonify, redirect, request,... "survey_archive",\n    "survey_restore",\n    "survey_bulk_action",\n    "survey_delete",\n    "survey_results",\n]\n'</failure></testcase><testcase classname="tests.architecture.test_survey_faz5_results_service_contract" name="test_results_service_functions_exist" time="0.003" /><testcase classname="tests.architecture.test_survey_faz5_results_service_contract" name="test_results_service_is_exported" time="0.000" /><testcase classname="tests.architecture.test_survey_faz5_results_service_contract" name="test_routes_use_results_service_bridge" time="0.000" /><testcase classname="tests.architecture.test_survey_faz5_results_service_contract" name="test_survey_results_route_is_thin" time="0.005" /><testcase classname="tests.architecture.test_survey_faz5_results_service_contract" name="test_csv_export_route_is_thin" time="0.004" /><testcase classname="tests.architecture.test_survey_faz6_target_access_contract" name="test_survey_route_delegates_target_helpers_to_service" time="0.000" /><testcase classname="tests.architecture.test_survey_faz6_target_access_contract" name="test_survey_target_autocomplete_uses_service" time="0.000" /><testcase classname="tests.architecture.test_survey_faz6_target_access_contract" name="test_survey_targets_service_exports_live_functions" time="0.000" /><testcase classname="tests.architecture.test_survey_faz6_target_access_contract" name="test_survey_faz6_does_not_move_mutating_submit_flow" time="0.001"><failure message="assert 'db.session.add(response)' in 'from __future__ import annotations\n\n\n\nfrom flask import Response, current_app, flash, jsonify, redirect, request,... &quot;survey_archive&quot;,\n    &quot;survey_restore&quot;,\n    &quot;survey_bulk_action&quot;,\n    &quot;survey_delete&quot;,\n    &quot;survey_results&quot;,\n]\n'">tests\architecture\test_survey_faz6_target_access_contract.py:41: in test_survey_faz6_does_not_move_mutating_submit_flow
    assert "db.session.add(response)" in text
E   assert 'db.session.add(response)' in 'from __future__ import annotations\n\n\n\nfrom flask import Response, current_app, flash, jsonify, redirect, request,... "survey_archive",\n    "survey_restore",\n    "survey_bulk_action",\n    "survey_delete",\n    "survey_results",\n]\n'</failure></testcase><testcase classname="tests.architecture.test_survey_faz7_submit_contract" name="test_survey_submit_keeps_live_write_flow_in_route_for_faz7" time="0.001"><failure message="assert 'db.session.add(response)' in 'from __future__ import annotations\n\n\n\nfrom flask import Response, current_app, flash, jsonify, redirect, request,... &quot;survey_archive&quot;,\n    &quot;survey_restore&quot;,\n    &quot;survey_bulk_action&quot;,\n    &quot;survey_delete&quot;,\n    &quot;survey_results&quot;,\n]\n'">tests\architecture\test_survey_faz7_submit_contract.py:16: in test_survey_submit_keeps_live_write_flow_in_route_for_faz7
    assert "db.session.add(response)" in text
E   assert 'db.session.add(response)' in 'from __future__ import annotations\n\n\n\nfrom flask import Response, current_app, flash, jsonify, redirect, request,... "survey_archive",\n    "survey_restore",\n    "survey_bulk_action",\n    "survey_delete",\n    "survey_results",\n]\n'</failure></testcase><testcase classname="tests.architecture.test_survey_faz7_submit_contract" name="test_survey_submit_token_and_duplicate_guards_stay_before_response_write" time="0.000"><failure message="ValueError: substring not found">tests\architecture\test_survey_faz7_submit_contract.py:24: in test_survey_submit_token_and_duplicate_guards_stay_before_response_write
    response = text.index("response = SurveyResponse(")
               ^^^^^^^^^^^^^^^^^^^^^^^^^^^^^^^^^^^^^^^^
E   ValueError: substring not found</failure></testcase><testcase classname="tests.architecture.test_survey_faz7_submit_contract" name="test_survey_submit_validates_required_and_invalid_values" time="0.001"><failure message="assert 'if question.is_required and not selected_option_id:' in 'from __future__ import annotations\n\n\n\nfrom flask import Response, current_app, flash, jsonify, redirect, request,... &quot;survey_archive&quot;,\n    &quot;survey_restore&quot;,\n    &quot;survey_bulk_action&quot;,\n    &quot;survey_delete&quot;,\n    &quot;survey_results&quot;,\n]\n'">tests\architecture\test_survey_faz7_submit_contract.py:42: in test_survey_submit_validates_required_and_invalid_values
    assert needle in text
E   assert 'if question.is_required and not selected_option_id:' in 'from __future__ import annotations\n\n\n\nfrom flask import Response, current_app, flash, jsonify, redirect, request,... "survey_archive",\n    "survey_restore",\n    "survey_bulk_action",\n    "survey_delete",\n    "survey_results",\n]\n'</failure></testcase><testcase classname="tests.architecture.test_survey_faz7_submit_contract" name="test_survey_submit_rolls_back_on_error_and_redirects_to_take_page" time="0.000" /><testcase classname="tests.architecture.test_survey_faz7_submit_contract" name="test_survey_faz7_contract_module_is_passive_and_importable" time="0.001"><failure message="assert 'SurveyResponse(' not in '&quot;&quot;&quot;Canlı an...hecks&quot;,\n]\n'&#10;  &#10;  'SurveyResponse(' is contained here:&#10;    esponse = SurveyResponse(&quot;,&#10;                &quot;Token doğrulanmadan SurveyResponse oluşturulmamalı.&quot;,&#10;            ),&#10;            SubmissionContractCheck(&#10;                &quot;single_choice_required&quot;,...&#10;  &#10;  ...Full output truncated (89 lines hidden), use '-vv' to show">tests\architecture\test_survey_faz7_submit_contract.py:56: in test_survey_faz7_contract_module_is_passive_and_importable
    assert "SurveyResponse(" not in text
E   assert 'SurveyResponse(' not in '"""Canlı an...hecks",\n]\n'
E     
E     'SurveyResponse(' is contained here:
E       esponse = SurveyResponse(",
E                   "Token doğrulanmadan SurveyResponse oluşturulmamalı.",
E               ),
E               SubmissionContractCheck(
E                   "single_choice_required",...
E     
E     ...Full output truncated (89 lines hidden), use '-vv' to show</failure></testcase><testcase classname="tests.architecture.test_survey_faz8_submission_bridge_contract" name="test_survey_submit_uses_submission_service_bridge" time="0.000" /><testcase classname="tests.architecture.test_survey_faz8_submission_bridge_contract" name="test_route_keeps_token_before_service_write" time="0.000" /><testcase classname="tests.architecture.test_survey_faz8_submission_bridge_contract" name="test_inline_answer_write_removed_from_route_submit" time="0.000" /><testcase classname="tests.architecture.test_survey_faz8_submission_bridge_contract" name="test_submission_service_owns_response_and_answer_write" time="0.000" /><testcase classname="tests.architecture.test_survey_faz8_submission_bridge_contract" name="test_package_exports_submission_bridge" time="0.000" /><testcase classname="tests.architecture.test_survey_faz9_state_bridge_contract" name="test_survey_state_service_exports_required_functions" time="0.000" /><testcase classname="tests.architecture.test_survey_faz9_state_bridge_contract" name="test_survey_routes_use_state_service_bridge" time="0.000" /><testcase classname="tests.architecture.test_survey_faz9_state_bridge_contract" name="test_survey_state_service_keeps_response_delete_guards" time="0.000" /><testcase classname="tests.architecture.test_survey_live_contract" name="test_survey_routes_file_exists" time="0.000" /><testcase classname="tests.architecture.test_survey_live_contract" name="test_survey_live_contract_function_names_are_present" time="0.000" /><testcase classname="tests.architecture.test_survey_live_contract" name="test_survey_live_contract_model_keywords_are_present" time="0.000"><failure message="AssertionError: Canlı anket model/yardımcı anahtarları eksik: ['SurveyAnswer']&#10;assert not ['SurveyAnswer']">tests\architecture\test_survey_live_contract.py:49: in test_survey_live_contract_model_keywords_are_present
[...]
    assert "def _leave_overlaps" in text
E   assert 'def _leave_overlaps' in '\n"""BYS360 canlı çekirdek kurumsal/personel route ailesi.\n\nFaz A: Büyük dosya bölme refactoru. Bu dosya ana HR yön...rts_routes import *  # noqa: E402,F401,F403\n\n\n__all__ = [name for name in globals() if not name.startswith("__")]\n'</failure></testcase><testcase classname="tests.test_hr_leave_attendance_real_post_static" name="test_form_tokens_are_consumed_for_mutating_hr_forms" time="0.000"><failure message="assert 'consume_form_token(&quot;hr_management&quot;, request.form.get(&quot;_form_token&quot;), scope=&quot;leave_create&quot;)' in '\n&quot;&quot;&quot;BYS360 canlı çekirdek kurumsal/personel route ailesi.\n\nFaz A: Büyük dosya bölme refactoru. Bu dosya ana HR yön...rts_routes import *  # noqa: E402,F401,F403\n\n\n__all__ = [name for name in globals() if not name.startswith(&quot;__&quot;)]\n'">tests\test_hr_leave_attendance_real_post_static.py:40: in test_form_tokens_are_consumed_for_mutating_hr_forms
    assert 'consume_form_token("hr_management", request.form.get("_form_token"), scope="leave_create")' in text
E   assert 'consume_form_token("hr_management", request.form.get("_form_token"), scope="leave_create")' in '\n"""BYS360 canlı çekirdek kurumsal/personel route ailesi.\n\nFaz A: Büyük dosya bölme refactoru. Bu dosya ana HR yön...rts_routes import *  # noqa: E402,F401,F403\n\n\n__all__ = [name for name in globals() if not name.startswith("__")]\n'</failure></testcase><testcase classname="tests.test_hr_reports_template_no_unpack_static" name="test_hr_reports_template_no_two_value_unpack_for_dict_stats" time="0.000" /><testcase classname="tests.test_institutional_dashboard_route_static" name="test_institutional_routes_do_not_redirect_org_units_to_hierarchy" time="0.000" /><testcase classname="tests.test_institutional_dashboard_route_static" name="test_hr_dashboard_endpoints_are_real_routes" time="0.000"><failure message="assert 'def hr_leave_management' in '\n&quot;&quot;&quot;BYS360 canlı çekirdek kurumsal/personel route ailesi.\n\nFaz A: Büyük dosya bölme refactoru. Bu dosya ana HR yön...rts_routes import *  # noqa: E402,F401,F403\n\n\n__all__ = [name for name in globals() if not name.startswith(&quot;__&quot;)]\n'">tests\test_institutional_dashboard_route_static.py:17: in test_hr_dashboard_endpoints_are_real_routes
    assert f"def {endpoint_name}" in text
E   assert 'def hr_leave_management' in '\n"""BYS360 canlı çekirdek kurumsal/personel route ailesi.\n\nFaz A: Büyük dosya bölme refactoru. Bu dosya ana HR yön...rts_routes import *  # noqa: E402,F401,F403\n\n\n__all__ = [name for name in globals() if not name.startswith("__")]\n'</failure></testcase><testcase classname="tests.test_institutional_dashboard_route_static" name="test_removed_module_route_families_not_loaded_here" time="0.000" /><testcase classname="tests.test_live_scope_and_security_static" name="test_removed_scope_blocks_education_isg_aliases" time="0.000" /><testcase classname="tests.test_live_scope_and_security_static" name="test_captcha_guard_uses_shared_rate_limit_store_before_memory_fallback" time="0.000" /><testcase classname="tests.test_live_scope_and_security_static" name="test_schema_guard_is_not_auto_repair_by_default" time="0.001"><failure message="assert 'auto_repair_schema and should_auto_repair_schema()' in '\n&quot;&quot;&quot;BYS360 application factory.\n\nBu dosya public ``create_app`` girişini, login user_loader sözleşmesini ve\nmevcu...n_optional_startup(app, &quot;Executive Summary routes&quot;, lambda: _register_executive_summary_module(app))\n    return app\n'">tests\test_live_scope_and_security_static.py:25: in test_schema_guard_is_not_auto_repair_by_default
    assert "auto_repair_schema and should_auto_repair_schema()" in app_source
E   assert 'auto_repair_schema and should_auto_repair_schema()' in '\n"""BYS360 application factory.\n\nBu dosya public ``create_app`` girişini, login user_loader sözleşmesini ve\nmevcu...n_optional_startup(app, "Executive Summary routes", lambda: _register_executive_summary_module(app))\n    return app\n'</failure></testcase><testcase classname="tests.test_module_maturity_scoring" name="test_module_maturity_report_has_live_core_modules" time="0.002" /><testcase classname="tests.test_module_maturity_scoring" name="test_module_maturity_uses_redis_and_http_quality_signals" time="0.002" /><testcase classname="tests.test_no_admin_org_units_duplicate_static" name="test_admin_org_units_registered_only_in_org_unit_routes" time="0.001" /><testcase classname="tests.test_no_duplicate_admin_org_units_static" name="test_institutional_routes_does_not_register_admin_org_units_fallback_twice" time="0.000" /><testcase classname="tests.test_performance_archive_visibility_contract" name="test_archive_personnel_only_contract" time="0.000" /><testcase classname="tests.test_performance_archive_visibility_contract" name="test_archive_manager_empty_scope_never_means_everyone" time="0.000" /><testcase classname="tests.test_performance_archive_visibility_contract" name="test_archive_direct_detail_access_uses_allowed_ids" time="0.000" /><testcase classname="tests.test_performance_assignment_rule_gate_static" name="test_president_stays_in_lookup_but_not_subjects" time="0.001"><failure message="AssertionError: assert 'employees = [employee for employee in query.all() if not is_president(employee)]' in 'from __future__ import annotations\n\n\n\nimport logging\nfrom app.core.datetime_utils import utc_now\nfrom datetime ...PHASE9_REMINDER_BOUND\n# Otomatik hatırlatma ve aksatan amir bildirimi phase9_reminder_policy sözleşmesini kullanır.\n'">tests\test_performance_assignment_rule_gate_static.py:11: in test_president_stays_in_lookup_but_not_subjects
    assert 'employees = [employee for employee in query.all() if not is_president(employee)]' in sync
E   AssertionError: assert 'employees = [employee for employee in query.all() if not is_president(employee)]' in 'from __future__ import annotations\n\n\n\nimport logging\nfrom app.core.datetime_utils import utc_now\nfrom datetime ...PHASE9_REMINDER_BOUND\n# Otomatik hatırlatma ve aksatan amir bildirimi phase9_reminder_policy sözleşmesini kullanır.\n'</failure></testcase><testcase classname="tests.test_performance_assignment_rule_gate_static" name="test_assignment_preflight_blocks_completed_conflicts" time="0.000" /><testcase classname="tests.test_performance_assignment_rule_gate_static" name="test_generation_route_uses_preflight_gate" time="0.000" /><testcase classname="tests.test_performance_assignment_rule_gate_static" name="test_rule_audit_route_is_imported" time="0.000" /><testcase classname="tests.test_performance_assignment_rule_gate_static" name="test_constitution_matrix_still_locked" time="0.000" /><testcase classname="tests.test_performance_chain_constitution" name="test_group_staff_rulebook_slots_are_constitutional" time="0.000" /><testcase classname="tests.test_performance_chain_constitution" name="test_coordinator_rulebook_slots_are_constitutional" time="0.000" /><testcase classname="tests.test_performance_chain_constitution" name="test_group_manager_rulebook_slots_are_constitutional" time="0.000" /><testcase classname="tests.test_performance_chain_constitution" name="test_central_rule_engine_returns_same_slots_and_flow" time="0.000" /><testcase classname="tests.test_performance_chain_constitution" name="test_flow_order_is_not_slot_order" time="0.000" /><testcase classname="tests.test_performance_chain_constitution" name="test_authoritative_snapshots_are_aligned" time="0.000" /><testcase classname="tests.test_performance_chain_constitution" name="test_no_old_reversed_chain_tokens_remain_in_critical_services" time="0.001" /><testcase classname="tests.test_performance_core_health_dalga8_static" name="test_core_health_route_is_registered_by_performance_package" time="0.001" /><testcase classname="tests.test_performance_core_health_dalga8_static" name="test_chain_constitution_values_are_locked" time="0.000" /><testcase classname="tests.test_performance_core_health_dalga8_static" name="test_visibility_and_publish_locks_are_kept" time="0.001"><failure message="assert 'LOW_SCORE_THRESHOLD = 70.0' in 'from __future__ import annotations\n\n\nimport logging\n\n&quot;&quot;&quot;BYS360 performans yayın ön kontrol anayasası.\n\nBu serv...SCORE_APPROVAL_BOUND\n# 70 altı düşük performans üst onay/yayın kilidi phase6_low_score_approval_policy ile izlenir.\n'">tests\test_performance_core_health_dalga8_static.py:33: in test_visibility_and_publish_locks_are_kept
    assert "LOW_SCORE_THRESHOLD = 70.0" in publish_py
E   assert 'LOW_SCORE_THRESHOLD = 70.0' in 'from __future__ import annotations\n\n\nimport logging\n\n"""BYS360 performans yayın ön kontrol anayasası.\n\nBu serv...SCORE_APPROVAL_BOUND\n# 70 altı düşük performans üst onay/yayın kilidi phase6_low_score_approval_policy ile izlenir.\n'</failure></testcase><testcase classname="tests.test_performance_core_health_dalga8_static" name="test_personel_analizi_language_is_kept" time="0.001" /><testcase classname="tests.test_performance_core_health_dalga8_static" name="test_core_health_template_has_expected_sections" time="0.000" /><testcase classname="tests.test_performance_form_guard" name="test_build_form_guard_state_does_not_add_level2_comment_rule_when_score_three_policy_is_locked_off" time="0.000" /><testcase classname="tests.test_performance_form_guard" name="test_build_form_actions_for_level_1_contains_complete_and_return" time="0.000" /><testcase classname="tests.test_performance_ops_center" name="test_readiness_summary_forces_critical_when_blocker_exists" time="0.000" /><testcase classname="tests.test_performance_ops_center" name="test_readiness_summary_promotes_ok_when_clean" time="0.000" /><testcase classname="tests.test_performance_ops_center" name="test_merge_signal_rows_preserves_source_and_action" time="0.000" /><testcase classname="tests.test_performance_phase5_ui_copy" name="test_team_compare_uses_ekip_kiyas_wording" time="0.001"><failure message="assert 'Ekip Kıyas' in '{% extends &quot;base.html&quot; %}\n{% block title %}Personel Analizi - BYS360{% endblock %}\n{% block page_kicker %}Performan...n&lt;/div&gt;\n&lt;script src=&quot;{{ url_for(\'static\', filename=\'js/bys360_reports_ai_pro.js\') }}&quot;&gt;&lt;/script&gt;\n{% endblock %}\n'">tests\test_performance_phase5_ui_copy.py:10: in test_team_compare_uses_ekip_kiyas_wording
    assert "Ekip Kıyas" in text
E   assert 'Ekip Kıyas' in '{% extends "base.html" %}\n{% block title %}Personel Analizi - BYS360{% endblock %}\n{% block page_kicker %}Performan...n&lt;/div&gt;\n&lt;script src="{{ url_for(\'static\', filename=\'js/bys360_reports_ai_pro.js\') }}"&gt;&lt;/script&gt;\n{% endblock %}\n'</failure></testcase><testcase classname="tests.test_performance_phase5_ui_copy" name="test_publish_screen_removes_ornek_block_text" time="0.001" /><testcase classname="tests.test_performance_phase5_ui_copy" name="test_microguide_partial_exists_and_is_used" time="0.001"><failure message="assert '{% include &quot;performance/_phase5_microguide.html&quot; %}' in '{% extends &quot;base.html&quot; %}\n{% block title %}Personel Analizi - BYS360{% endblock %}\n{% block page_kicker %}Performan...n&lt;/div&gt;\n&lt;script src=&quot;{{ url_for(\'static\', filename=\'js/bys360_reports_ai_pro.js\') }}&quot;&gt;&lt;/script&gt;\n{% endblock %}\n'">tests\test_performance_phase5_ui_copy.py:32: in test_microguide_partial_exists_and_is_used
    assert '{% include "performance/_phase5_microguide.html" %}' in text
E   assert '{% include "performance/_phase5_microguide.html" %}' in '{% extends "base.html" %}\n{% block title %}Personel Analizi - BYS360{% endblock %}\n{% block page_kicker %}Performan...n&lt;/div&gt;\n&lt;script src="{{ url_for(\'static\', filename=\'js/bys360_reports_ai_pro.js\') }}"&gt;&lt;/script&gt;\n{% endblock %}\n'</failure></testcase><testcase classname="tests.test_performance_preflight" name="test_preflight_has_blockers_true_when_blocker_rows_exist" time="0.000" /><testcase classname="tests.test_performance_preflight" name="test_preflight_has_blockers_false_for_empty_payload" time="0.000" /><testcase classname="tests.test_performance_preflight" name="test_validate_score_comment_rules_requires_comment_for_edge_scores" time="0.001"><failure message="AssertionError: assert '1 ve 5 puanlarında açıklama zorunlu.' in ['Bu puan için sistem ayarında açıklama zorunluluğu aktiftir.', '70 altı ve 90 üstü sonuçlarda genel görüş zorunlu.']">tests\test_performance_preflight.py:16: in test_validate_score_comment_rules_requires_comment_for_edge_scores
    assert "1 ve 5 puanlarında açıklama zorunlu." in issues
E   AssertionError: assert '1 ve 5 puanlarında açıklama zorunlu.' in ['Bu puan için sistem ayarında açıklama zorunluluğu aktiftir.', '70 altı ve 90 üstü sonuçlarda genel görüş zorunlu.']</failure></testcase><testcase classname="tests.test_performance_publish_guard" name="test_publish_preflight_blocks_when_ready_count_zero" time="0.000" /><testcase classname="tests.test_performance_publish_guard" name="test_scorecard_visibility_summary_counts_states" time="0.000" /><testcase classname="tests.test_performance_publish_preflight_static" name="test_publish_preflight_rules_hold_constitution" time="0.000"><failure message="assert 'LOW_SCORE_THRESHOLD = 70.0' in 'from __future__ import annotations\n\n\nimport logging\n\n&quot;&quot;&quot;BYS360 performans yayın ön kontrol anayasası.\n\nBu serv...SCORE_APPROVAL_BOUND\n# 70 altı düşük performans üst onay/yayın kilidi phase6_low_score_approval_policy ile izlenir.\n'">tests\test_performance_publish_preflight_static.py:14: in test_publish_preflight_rules_hold_constitution
    assert "LOW_SCORE_THRESHOLD = 70.0" in text
E   assert 'LOW_SCORE_THRESHOLD = 70.0' in 'from __future__ import annotations\n\n\nimport logging\n\n"""BYS360 performans yayın ön kontrol anayasası.\n\nBu serv...SCORE_APPROVAL_BOUND\n# 70 altı düşük performans üst onay/yayın kilidi phase6_low_score_approval_policy ile izlenir.\n'</failure></testcase><testcase classname="tests.test_performance_publish_preflight_static" name="test_visibility_guard_uses_strict_publish_preflight" time="0.000" /><testcase classname="tests.test_performance_publish_preflight_static" name="test_publish_guard_shows_strict_blockers" time="0.000"><failure message="assert '2026-04-18-publish-preflight-lock-v1' in 'from __future__ import annotations\n\n\nimport logging\n\nfrom typing import Any\n\nfrom app.models import Performanc...ocked,\n        &quot;viewed&quot;: viewed,\n        &quot;acknowledged&quot;: acknowledged,\n        &quot;top_reasons&quot;: top_reasons,\n    }\n'">tests\test_performance_publish_preflight_static.py:37: in test_publish_guard_shows_strict_blockers
    assert "2026-04-18-publish-preflight-lock-v1" in text
E   assert '2026-04-18-publish-preflight-lock-v1' in 'from __future__ import annotations\n\n\nimport logging\n\nfrom typing import Any\n\nfrom app.models import Performanc...ocked,\n        "viewed": viewed,\n        "acknowledged": acknowledged,\n        "top_reasons": top_reasons,\n    }\n'</failure></testcase><testcase classname="tests.test_performance_visibility_constitution_static" name="test_scorecard_visibility_is_centralized" time="0.000"><failure message="AssertionError: assert 'from app.services.performance.visibility_guard import' in 'from __future__ import annotations\n\n# Faz 2 V5: publish.policy uygulama açılışında visibility_guard import etmez.\n...d.query\n        .filter_by(is_active=True)\n        .order_by(PerformancePeriod.id.desc())\n        .first()\n    )\n'">tests\test_performance_visibility_constitution_static.py:12: in test_scorecard_visibility_is_centralized
    assert "from app.services.performance.visibility_guard import" in policy
E   AssertionError: assert 'from app.services.performance.visibility_guard import' in 'from __future__ import annotations\n\n# Faz 2 V5: publish.policy uygulama açılışında visibility_guard import etmez.\n...d.query\n        .filter_by(is_active=True)\n        .order_by(PerformancePeriod.id.desc())\n        .first()\n    )\n'</failure></testcase><testcase classname="tests.test_performance_visibility_constitution_static" name="test_own_result_never_visible_before_publish" time="0.000" /><testcase classname="tests.test_performance_visibility_constitution_static" name="test_blind_review_is_closed_and_previous_levels_are_explicit" time="0.000" /><testcase classname="tests.test_performance_visibility_constitution_static" name="test_evaluation_workspace_exposes_form_visibility_context" time="0.000" /><testcase classname="tests.test_personel_analizi_dalga7_static" name="test_personel_analizi_route_alias_and_export_name" time="0.000" /><testcase classname="tests.test_personel_analizi_dalga7_static" name="test_personel_analizi_template_and_menu_label" time="0.001" /><testcase classname="tests.test_personel_analizi_dalga7_static" name="test_personel_analizi_excel_sheet_name" time="0.000" /><testcase classname="tests.test_redis_ready_static" name="test_redis_ready_cache_and_rate_limit_contracts" time="0.001"><failure message="AssertionError: assert 'redis&gt;=' in 'Flask==3.0.3\nFlask-Login==0.6.3\nFlask-SQLAlchemy==3.1.1\nFlask-WTF==1.2.1\nFlask-Migrate==4.0.7\nSQLAlchemy==2.0.36...entry-sdk[flask]==2.20.0\nredis==5.0.8\nrq==2.3.3\nprometheus-client==0.20.0\nFlask-Limiter==3.5.0\npip-audit==2.7.0\n'">tests\test_redis_ready_static.py:22: in test_redis_ready_cache_and_rate_limit_contracts
    assert "redis&gt;=" in req
E   AssertionError: assert 'redis&gt;=' in 'Flask==3.0.3\nFlask-Login==0.6.3\nFlask-SQLAlchemy==3.1.1\nFlask-WTF==1.2.1\nFlask-Migrate==4.0.7\nSQLAlchemy==2.0.36...entry-sdk[flask]==2.20.0\nredis==5.0.8\nrq==2.3.3\nprometheus-client==0.20.0\nFlask-Limiter==3.5.0\npip-audit==2.7.0\n'</failure></testcase><testcase classname="tests.test_redis_ready_static" name="test_ci_quality_gate_exists" time="0.000"><failure message="FileNotFoundError: [Errno 2] No such file or directory: '.github\\workflows\\bys360-quality.yml'">tests\test_redis_ready_static.py:26: in test_ci_quality_gate_exists
    ci = read(".github/workflows/bys360-quality.yml")
         ^^^^^^^^^^^^^^^^^^^^^^^^^^^^^^^^^^^^^^^^^^^^
tests\test_redis_ready_static.py:7: in read
    return Path(path).read_text(encoding="utf-8")
           ^^^^^^^^^^^^^^^^^^^^^^^^^^^^^^^^^^^^^^
C:\Program Files\WindowsApps\PythonSoftwareFoundation.Python.3.12_3.12.2800.0_x64__qbz5n2kfra8p0\Lib\pathlib.py:1027: in read_text
    with self.open(mode='r', encoding=encoding, errors=errors) as f:
         ^^^^^^^^^^^^^^^^^^^^^^^^^^^^^^^^^^^^^^^^^^^^^^^^^^^^^
C:\Program Files\WindowsApps\PythonSoftwareFoundation.Python.3.12_3.12.2800.0_x64__qbz5n2kfra8p0\Lib\pathlib.py:1013: in open
    return io.open(self, mode, buffering, encoding, errors, newline)
           ^^^^^^^^^^^^^^^^^^^^^^^^^^^^^^^^^^^^^^^^^^^^^^^^^^^^^^^^^
E   FileNotFoundError: [Errno 2] No such file or directory: '.github\\workflows\\bys360-quality.yml'</failure></testcase><testcase classname="tests.test_shared_cache_store_behavior" name="test_shared_cache_file_backend_roundtrip" time="0.033" /><testcase classname="tests.test_sp_routes_smoke" name="test_sp_critical_routes_are_registered_and_not_500" time="0.003" /><testcase classname="tests.test_team_compare_publish_visibility" name="test_team_compare_rows_include_publish_visibility" time="0.000" /><testcase classname="tests.test_team_compare_service" name="test_build_rows_creates_team_compare_shape" time="0.000" /><testcase classname="tests.test_team_compare_service" name="test_apply_filters_supports_quick_and_search_filters" time="0.000" /><testcase classname="tests.test_team_compare_service" name="test_build_stats_and_unit_rankings_calculate_summary_fields" time="0.000" /><testcase classname="tests.test_team_compare_service" name="test_build_excel_workbook_returns_binary_stream" time="0.033" /></testsuite></testsuites>