<?xml version="1.0" encoding="utf-8"?><testsuites name="pytest tests"><testsuite name="pytest" errors="0" failures="0" skipped="0" tests="5" time="0.650" timestamp="2026-06-12T11:44:25.670849+03:00" hostname="HavvaGulsen"><testcase classname="tests.test_10_10_core_static_gate" name="test_schema_guard_is_check_first_not_auto_repair_default" time="0.001" /><testcase classname="tests.test_10_10_core_static_gate" name="test_removed_modules_stay_out_of_live_scope_and_menus" time="0.001" /><testcase classname="tests.security.test_final_quality_security_source_contract" name="test_security_tests_do_not_call_external_network_or_mutate_database" time="0.001" /><testcase classname="tests.security.test_final_quality_security_static_release_contract" name="test_final_quality_security_static_release_contract_presence" time="0.000" /><testcase classname="tests.security.test_final_quality_security_static_release_contract" name="test_final_quality_security_static_release_contract_passive" time="0.000" /></testsuite></testsuites>