<?xml version="1.0" encoding="utf-8"?><testsuites name="pytest tests"><testsuite name="pytest" errors="0" failures="0" skipped="0" tests="7" time="0.087" timestamp="2026-06-12T12:18:59.988150+03:00" hostname="HavvaGulsen"><testcase classname="tests.architecture.test_message_live_contract" name="test_message_route_file_exists" time="0.000" /><testcase classname="tests.architecture.test_message_live_contract" name="test_message_live_endpoints_keep_guards" time="0.007" /><testcase classname="tests.architecture.test_message_live_contract" name="test_message_write_impls_are_present_for_future_refactor" time="0.002" /><testcase classname="tests.architecture.test_message_live_contract" name="test_message_db_writes_do_not_skip_basic_safety_keywords" time="0.001" /><testcase classname="tests.architecture.test_message_live_contract" name="test_message_send_attachment_and_notification_contract" time="0.001" /><testcase classname="tests.architecture.test_message_live_contract" name="test_message_service_file_security_symbols_exist" time="0.000" /><testcase classname="tests.communication.test_communication_route_contracts" name="test_no_direct_query_get_usage_in_communication_and_services" time="0.043" /></testsuite></testsuites>