<?xml version="1.0" encoding="utf-8"?><testsuites name="pytest tests"><testsuite name="pytest" errors="0" failures="2" skipped="0" tests="5" time="0.055" timestamp="2026-06-12T09:57:06.129381+03:00" hostname="HavvaGulsen"><testcase classname="tests.test_feedback_pulse_admin_tab_static" name="test_admin_pulse_analytics_route_exists" time="0.000" /><testcase classname="tests.test_feedback_pulse_admin_tab_static" name="test_base_has_separate_pulse_analysis_menu_item" time="0.001" /><testcase classname="tests.test_feedback_pulse_admin_tab_static" name="test_feedback_core_menu_policy_contains_pulse_keys" time="0.001"><failure message="assert '&quot;feedback_manager&quot;' in 'from __future__ import annotations\n\n\nimport logging\nlogger = logging.getLogger(__name__)\n\n&quot;&quot;&quot;Ortak route destek... &quot;personel&quot;}\n# Static contract anchor: &quot;feedback_pulse&quot;\n# BYS360_A5_P2D2_FEEDBACK_PULSE_ROUTE_SUPPORT_POLICY_END\n\n'">tests\test_feedback_pulse_admin_tab_static.py:25: in test_feedback_core_menu_policy_contains_pulse_keys
    assert '"feedback_manager"' in text
E   assert '"feedback_manager"' in 'from __future__ import annotations\n\n\nimport logging\nlogger = logging.getLogger(__name__)\n\n"""Ortak route destek... "personel"}\n# Static contract anchor: "feedback_pulse"\n# BYS360_A5_P2D2_FEEDBACK_PULSE_ROUTE_SUPPORT_POLICY_END\n\n'</failure></testcase><testcase classname="tests.test_feedback_pulse_menu_visibility_static" name="test_feedback_pulse_is_core_visible_for_all_roles" time="0.001"><failure message="assert '(&quot;messages&quot;, &quot;notifications&quot;, &quot;surveys&quot;, &quot;feedback_dashboard&quot;, &quot;feedback_pulse&quot;)' in 'from __future__ import annotations\n\n\nimport logging\nlogger = logging.getLogger(__name__)\n\n&quot;&quot;&quot;Ortak route destek... &quot;personel&quot;}\n# Static contract anchor: &quot;feedback_pulse&quot;\n# BYS360_A5_P2D2_FEEDBACK_PULSE_ROUTE_SUPPORT_POLICY_END\n\n'">tests\test_feedback_pulse_menu_visibility_static.py:9: in test_feedback_pulse_is_core_visible_for_all_roles
    assert '("messages", "notifications", "surveys", "feedback_dashboard", "feedback_pulse")' in src
E   assert '("messages", "notifications", "surveys", "feedback_dashboard", "feedback_pulse")' in 'from __future__ import annotations\n\n\nimport logging\nlogger = logging.getLogger(__name__)\n\n"""Ortak route destek... "personel"}\n# Static contract anchor: "feedback_pulse"\n# BYS360_A5_P2D2_FEEDBACK_PULSE_ROUTE_SUPPORT_POLICY_END\n\n'</failure></testcase><testcase classname="tests.test_feedback_pulse_menu_visibility_static" name="test_feedback_pulse_menu_item_still_exists_in_base_and_registry" time="0.001" /></testsuite></testsuites>