<?xml version="1.0" encoding="utf-8"?><testsuites name="pytest tests"><testsuite name="pytest" errors="0" failures="5" skipped="0" tests="29" time="29.849" timestamp="2026-06-12T09:01:01.697418+03:00" hostname="HavvaGulsen"><testcase classname="tests.critical.test_claude_phase5_critical_contracts" name="test_live_settings_contract_is_covered" time="0.048" /><testcase classname="tests.critical.test_claude_phase5_critical_contracts" name="test_performance_manager_constitution_contract_is_covered" time="0.025" /><testcase classname="tests.critical.test_claude_phase5_critical_contracts" name="test_performance_visibility_and_chain_fields_remain_present" time="0.024" /><testcase classname="tests.critical.test_claude_phase5_critical_contracts" name="test_feedback_pulse_campaign_contract_is_covered" time="0.043" /><testcase classname="tests.critical.test_claude_phase5_critical_contracts" name="test_message_and_survey_contract_is_covered" time="0.047" /><testcase classname="tests.critical.test_claude_phase5_critical_contracts" name="test_ai_decision_support_contract_is_covered" time="0.041" /><testcase classname="tests.critical.test_claude_phase5_critical_contracts" name="test_security_and_mail_contracts_are_covered" time="0.014"><failure message="AssertionError: assert 'get_smtp_settings' in set()">tests\critical\test_claude_phase5_critical_contracts.py:112: in test_security_and_mail_contracts_are_covered
    assert name in mail_defs
E   AssertionError: assert 'get_smtp_settings' in set()</failure></testcase><testcase classname="tests.critical.test_claude_phase5_critical_contracts" name="test_phase5_quality_gate_exists" time="0.000"><failure message="AssertionError: assert False&#10; +  where False = exists()&#10; +    where exists = WindowsPath('C:/bys360/project/scripts/quality/check_critical_services_phase5_gate.py').exists">tests\critical\test_claude_phase5_critical_contracts.py:117: in test_phase5_quality_gate_exists
    assert gate.exists()
E   AssertionError: assert False
E    +  where False = exists()
E    +    where exists = WindowsPath('C:/bys360/project/scripts/quality/check_critical_services_phase5_gate.py').exists</failure></testcase><testcase classname="tests.critical.test_claude_phase6_sql_performance_contracts" name="test_phase6_index_catalog_covers_live_core_tables" time="0.001" /><testcase classname="tests.critical.test_claude_phase6_sql_performance_contracts" name="test_phase6_sql_generation_is_create_index_only" time="0.002" /><testcase classname="tests.critical.test_claude_phase6_sql_performance_contracts" name="test_phase6_query_guard_can_scan_without_db" time="15.504" /><testcase classname="tests.critical.test_claude_phase6_sql_performance_contracts" name="test_phase6_quality_gate_exists" time="0.001"><failure message="AssertionError: assert False&#10; +  where False = exists()&#10; +    where exists = WindowsPath('C:/bys360/project/scripts/quality/check_sql_performance_phase6_gate.py').exists">tests\critical\test_claude_phase6_sql_performance_contracts.py:60: in test_phase6_quality_gate_exists
    assert gate.exists()
E   AssertionError: assert False
E    +  where False = exists()
E    +    where exists = WindowsPath('C:/bys360/project/scripts/quality/check_sql_performance_phase6_gate.py').exists</failure></testcase><testcase classname="tests.critical.test_claude_phase7_final_gate_contracts" name="test_phase7_contract_module_is_complete" time="0.003" /><testcase classname="tests.critical.test_claude_phase7_final_gate_contracts" name="test_phase7_quality_script_exists" time="0.000"><failure message="AssertionError: assert False&#10; +  where False = exists()&#10; +    where exists = WindowsPath('scripts/quality/check_claude_phase7_final_gate.py').exists&#10; +      where WindowsPath('scripts/quality/check_claude_phase7_final_gate.py') = Path('scripts/quality/check_claude_phase7_final_gate.py')">tests\critical\test_claude_phase7_final_gate_contracts.py:24: in test_phase7_quality_script_exists
    assert Path("scripts/quality/check_claude_phase7_final_gate.py").exists()
E   AssertionError: assert False
E    +  where False = exists()
E    +    where exists = WindowsPath('scripts/quality/check_claude_phase7_final_gate.py').exists
E    +      where WindowsPath('scripts/quality/check_claude_phase7_final_gate.py') = Path('scripts/quality/check_claude_phase7_final_gate.py')</failure></testcase><testcase classname="tests.critical.test_v58_claude_roadmap_smoke" name="test_v58_assistant_context_processors_are_registered" time="11.451" /><testcase classname="tests.critical.test_v58_claude_roadmap_smoke" name="test_v58_critical_routes_never_return_500[/dashboard]" time="0.038" /><testcase classname="tests.critical.test_v58_claude_roadmap_smoke" name="test_v58_critical_routes_never_return_500[/dashboard/heavy-panels]" time="0.001" /><testcase classname="tests.critical.test_v58_claude_roadmap_smoke" name="test_v58_critical_routes_never_return_500[/settings]" time="0.001" /><testcase classname="tests.critical.test_v58_claude_roadmap_smoke" name="test_v58_critical_routes_never_return_500[/performance/feedback-pipeline]" time="0.440" /><testcase classname="tests.critical.test_v58_claude_roadmap_smoke" name="test_v58_critical_routes_never_return_500[/performance/feedback-corporate-cleanup]" time="0.522" /><testcase classname="tests.critical.test_v58_claude_roadmap_smoke" name="test_v58_critical_routes_never_return_500[/performance/process-tracking]" time="0.177" /><testcase classname="tests.critical.test_v58_claude_roadmap_smoke" name="test_v58_critical_routes_never_return_500[/performance/process-reports]" time="0.083" /><testcase classname="tests.critical.test_v58_claude_roadmap_smoke" name="test_v58_critical_routes_never_return_500[/performance/president-approvals/1/card]" time="0.007" /><testcase classname="tests.critical.test_v58_claude_roadmap_smoke" name="test_v58_critical_routes_never_return_500[/performance/feedback-aftercare]" time="0.395"><failure message="assert 500 != 500&#10; +  where 500 = &lt;WrapperTestResponse streamed [500 INTERNAL SERVER ERROR]&gt;.status_code">tests\critical\test_v58_claude_roadmap_smoke.py:47: in test_v58_critical_routes_never_return_500
    assert response.status_code != 500
E   assert 500 != 500
E    +  where 500 = &lt;WrapperTestResponse streamed [500 INTERNAL SERVER ERROR]&gt;.status_code</failure></testcase><testcase classname="tests.critical.test_v58_claude_roadmap_smoke" name="test_v58_critical_routes_never_return_500[/performance/feedback-final-gate]" time="0.026" /><testcase classname="tests.critical.test_v58_claude_roadmap_smoke" name="test_v58_smoke_route_count_contract" time="0.000" /><testcase classname="tests.critical.test_v59_4_assistant_shortcut_context" name="test_v59_4_assistant_shortcut_context_keys_are_always_available" time="0.007" /><testcase classname="tests.critical.test_v59_broad_route_smoke" name="test_static_route_list_is_broad_enough" time="0.000" /><testcase classname="tests.critical.test_v59_broad_route_smoke" name="test_v59_broad_routes_do_not_return_500" time="0.697" /></testsuite></testsuites>