<?xml version="1.0" encoding="utf-8"?><testsuites name="pytest tests"><testsuite name="pytest" errors="0" failures="0" skipped="0" tests="6" time="0.819" timestamp="2026-06-12T09:42:21.178057+03:00" hostname="HavvaGulsen"><testcase classname="tests.test_10_10_core_static_gate" name="test_releaseignore_excludes_non_release_artifacts" time="0.012" /><testcase classname="tests.test_module_maturity_scoring" name="test_module_maturity_report_has_live_core_modules" time="0.002" /><testcase classname="tests.test_module_maturity_scoring" name="test_module_maturity_uses_redis_and_http_quality_signals" time="0.001" /><testcase classname="tests.test_performance_preflight" name="test_preflight_has_blockers_true_when_blocker_rows_exist" time="0.000" /><testcase classname="tests.test_performance_preflight" name="test_preflight_has_blockers_false_for_empty_payload" time="0.000" /><testcase classname="tests.test_performance_preflight" name="test_validate_score_comment_rules_requires_comment_for_edge_scores" time="0.001" /></testsuite></testsuites>