<?xml version="1.0" encoding="utf-8"?><testsuites name="pytest tests"><testsuite name="pytest" errors="0" failures="3" skipped="0" tests="7" time="0.111" timestamp="2026-06-12T12:13:54.390801+03:00" hostname="HavvaGulsen"><testcase classname="tests.architecture.test_message_live_contract" name="test_message_route_file_exists" time="0.000" /><testcase classname="tests.architecture.test_message_live_contract" name="test_message_live_endpoints_keep_guards" time="0.007" /><testcase classname="tests.architecture.test_message_live_contract" name="test_message_write_impls_are_present_for_future_refactor" time="0.002" /><testcase classname="tests.architecture.test_message_live_contract" name="test_message_db_writes_do_not_skip_basic_safety_keywords" time="0.001"><failure message="AssertionError: messages_edit_impl commit sözleşmesi korunmalı&#10;assert 'db.session.commit' in 'def messages_edit_impl(message_id):\n    new_body = _clean_message_body(request.form.get(&quot;body&quot;))\n    try:\n        ...  return _redirect_messages_view()\n\n    return _message_mutation_response(result, ajax_error_key=&quot;edit_error&quot;)\n\n\n'">tests\architecture\test_message_live_contract.py:82: in test_message_db_writes_do_not_skip_basic_safety_keywords
    assert "db.session.commit" in block, f"{function_name} commit sözleşmesi korunmalı"
E   AssertionError: messages_edit_impl commit sözleşmesi korunmalı
E   assert 'db.session.commit' in 'def messages_edit_impl(message_id):\n    new_body = _clean_message_body(request.form.get("body"))\n    try:\n        ...  return _redirect_messages_view()\n\n    return _message_mutation_response(result, ajax_error_key="edit_error")\n\n\n'</failure></testcase><testcase classname="tests.architecture.test_message_live_contract" name="test_message_send_attachment_and_notification_contract" time="0.001"><failure message="assert '_notify_user' in 'def messages_send_impl(thread_id):\n    # BYS360_A5_P2D6_MESSAGE_SEND_STATIC_CONTRACT_ANCHOR_START\n    # Static cont...aj gönderilirken hata oluştu: {exc}&quot;, &quot;danger&quot;)\n\n    return _redirect_message_destination(thread_id=thread_id)\n\n\n'">tests\architecture\test_message_live_contract.py:91: in test_message_send_attachment_and_notification_contract
    assert "_notify_user" in block
E   assert '_notify_user' in 'def messages_send_impl(thread_id):\n    # BYS360_A5_P2D6_MESSAGE_SEND_STATIC_CONTRACT_ANCHOR_START\n    # Static cont...aj gönderilirken hata oluştu: {exc}", "danger")\n\n    return _redirect_message_destination(thread_id=thread_id)\n\n\n'</failure></testcase><testcase classname="tests.architecture.test_message_live_contract" name="test_message_service_file_security_symbols_exist" time="0.000" /><testcase classname="tests.communication.test_communication_route_contracts" name="test_no_direct_query_get_usage_in_communication_and_services" time="0.042"><failure message="AssertionError: query.get() kullanılan dosyalar bulundu: ['app\\services\\instagram_portal_sync.py', 'app\\services\\ai_decision\\category_group_center.py', 'app\\services\\performance\\v2_1_6_category_period_integration.py', 'app\\services\\performance_v2\\chain.py']&#10;assert ['app\\servic...v2\\chain.py'] == []&#10;  &#10;  Left contains 4 more items, first extra item: 'app\\services\\instagram_portal_sync.py'&#10;  Use -v to get more diff">tests\communication\test_communication_route_contracts.py:102: in test_no_direct_query_get_usage_in_communication_and_services
    assert offenders == [], f"query.get() kullanılan dosyalar bulundu: {offenders}"
E   AssertionError: query.get() kullanılan dosyalar bulundu: ['app\\services\\instagram_portal_sync.py', 'app\\services\\ai_decision\\category_group_center.py', 'app\\services\\performance\\v2_1_6_category_period_integration.py', 'app\\services\\performance_v2\\chain.py']
E   assert ['app\\servic...v2\\chain.py'] == []
E     
E     Left contains 4 more items, first extra item: 'app\\services\\instagram_portal_sync.py'
E     Use -v to get more diff</failure></testcase></testsuite></testsuites>