<?xml version="1.0" encoding="utf-8"?><testsuites name="pytest tests"><testsuite name="pytest" errors="0" failures="1" skipped="0" tests="3" time="0.045" timestamp="2026-06-12T11:31:15.631833+03:00" hostname="HavvaGulsen"><testcase classname="tests.test_performance_publish_preflight_static" name="test_publish_preflight_rules_hold_constitution" time="0.001" /><testcase classname="tests.test_performance_publish_preflight_static" name="test_visibility_guard_uses_strict_publish_preflight" time="0.000" /><testcase classname="tests.test_performance_publish_preflight_static" name="test_publish_guard_shows_strict_blockers" time="0.001"><failure message="assert '2026-04-18-publish-preflight-lock-v1' in 'from __future__ import annotations\n\n\nimport logging\n\nfrom typing import Any\n\nfrom app.models import Performanc...ocked,\n        &quot;viewed&quot;: viewed,\n        &quot;acknowledged&quot;: acknowledged,\n        &quot;top_reasons&quot;: top_reasons,\n    }\n'">tests\test_performance_publish_preflight_static.py:37: in test_publish_guard_shows_strict_blockers
    assert "2026-04-18-publish-preflight-lock-v1" in text
E   assert '2026-04-18-publish-preflight-lock-v1' in 'from __future__ import annotations\n\n\nimport logging\n\nfrom typing import Any\n\nfrom app.models import Performanc...ocked,\n        "viewed": viewed,\n        "acknowledged": acknowledged,\n        "top_reasons": top_reasons,\n    }\n'</failure></testcase></testsuite></testsuites>