<?xml version="1.0" encoding="utf-8"?><testsuites name="pytest tests"><testsuite name="pytest" errors="0" failures="3" skipped="0" tests="5" time="0.654" timestamp="2026-06-12T11:39:37.751056+03:00" hostname="HavvaGulsen"><testcase classname="tests.test_10_10_core_static_gate" name="test_schema_guard_is_check_first_not_auto_repair_default" time="0.001"><failure message="assert 'BYS_SKIP_SCHEMA_GUARD' in '\n&quot;&quot;&quot;BYS360 schema guard — orkestratör.\n\nGerçek mantık alt modüllerde; bu dosya geriye dönük uyumluluk için\ntüm pu...ir&quot;,\n    &quot;TABLE_REPAIRS&quot;,\n    &quot;SCHEMA_PATCHES&quot;,\n    &quot;repair_runtime_schema&quot;,\n    &quot;should_auto_repair_schema&quot;,\n]\n'">tests\test_10_10_core_static_gate.py:42: in test_schema_guard_is_check_first_not_auto_repair_default
    assert "BYS_SKIP_SCHEMA_GUARD" in schema_guard
E   assert 'BYS_SKIP_SCHEMA_GUARD' in '\n"""BYS360 schema guard — orkestratör.\n\nGerçek mantık alt modüllerde; bu dosya geriye dönük uyumluluk için\ntüm pu...ir",\n    "TABLE_REPAIRS",\n    "SCHEMA_PATCHES",\n    "repair_runtime_schema",\n    "should_auto_repair_schema",\n]\n'</failure></testcase><testcase classname="tests.test_10_10_core_static_gate" name="test_removed_modules_stay_out_of_live_scope_and_menus" time="0.001"><failure message="assert '/portal' in '\n&quot;&quot;&quot;Canlı kapsam karantina yardımcıları.\n\nFaz 6 ile kaldırılan modüllerin kalan endpoint/menu izleri tek yerden\nd...da tutuluyor.&quot;,\n        &quot;Fiziksel söküm ancak overlay manifest ve dry-run doğrulamasından sonra yapılmalı.&quot;,\n    )\n'">tests\test_10_10_core_static_gate.py:53: in test_removed_modules_stay_out_of_live_scope_and_menus
    assert prefix in live_scope
E   assert '/portal' in '\n"""Canlı kapsam karantina yardımcıları.\n\nFaz 6 ile kaldırılan modüllerin kalan endpoint/menu izleri tek yerden\nd...da tutuluyor.",\n        "Fiziksel söküm ancak overlay manifest ve dry-run doğrulamasından sonra yapılmalı.",\n    )\n'</failure></testcase><testcase classname="tests.security.test_final_quality_security_source_contract" name="test_security_tests_do_not_call_external_network_or_mutate_database" time="0.001"><failure message="AssertionError: assert 2 &gt;= 3&#10; +  where 2 = len([WindowsPath('C:/bys360/project/tests/security/test_final_quality_security_compliance_contract.py'), WindowsPath('C:/bys360/project/tests/security/test_final_quality_security_source_contract.py')])">tests\security\test_final_quality_security_source_contract.py:62: in test_security_tests_do_not_call_external_network_or_mutate_database
    assert len(files) &gt;= 3
E   AssertionError: assert 2 &gt;= 3
E    +  where 2 = len([WindowsPath('C:/bys360/project/tests/security/test_final_quality_security_compliance_contract.py'), WindowsPath('C:/bys360/project/tests/security/test_final_quality_security_source_contract.py')])</failure></testcase><testcase classname="tests.security.test_static_release_contract_presence" name="test_static_release_contract_presence" time="0.000" /><testcase classname="tests.security.test_static_release_contract_presence" name="test_static_release_contract_is_passive" time="0.000" /></testsuite></testsuites>