<?xml version="1.0" encoding="utf-8"?><testsuites name="pytest tests"><testsuite name="pytest" errors="0" failures="2" skipped="0" tests="5" time="0.651" timestamp="2026-06-12T11:42:02.213182+03:00" hostname="HavvaGulsen"><testcase classname="tests.test_10_10_core_static_gate" name="test_schema_guard_is_check_first_not_auto_repair_default" time="0.001"><failure message="assert 'db upgrade' in '\n&quot;&quot;&quot;BYS360 schema guard — orkestratör.\n\nGerçek mantık alt modüllerde; bu dosya geriye dönük uyumluluk için\ntüm pu...; skip env sadece a??k test/operasyon durumlar?nda okunmal?d?r.\n# BYS360_A5_P2D4_SCHEMA_GUARD_SKIP_ENV_ANCHOR_END\n\n'">tests\test_10_10_core_static_gate.py:43: in test_schema_guard_is_check_first_not_auto_repair_default
    assert "db upgrade" in schema_guard
E   assert 'db upgrade' in '\n"""BYS360 schema guard — orkestratör.\n\nGerçek mantık alt modüllerde; bu dosya geriye dönük uyumluluk için\ntüm pu...; skip env sadece a??k test/operasyon durumlar?nda okunmal?d?r.\n# BYS360_A5_P2D4_SCHEMA_GUARD_SKIP_ENV_ANCHOR_END\n\n'</failure></testcase><testcase classname="tests.test_10_10_core_static_gate" name="test_removed_modules_stay_out_of_live_scope_and_menus" time="0.001"><failure message="assert '/portal' in '\n&quot;&quot;&quot;Canlı kapsam karantina yardımcıları.\n\nFaz 6 ile kaldırılan modüllerin kalan endpoint/menu izleri tek yerden\nd...da tutuluyor.&quot;,\n        &quot;Fiziksel söküm ancak overlay manifest ve dry-run doğrulamasından sonra yapılmalı.&quot;,\n    )\n'">tests\test_10_10_core_static_gate.py:53: in test_removed_modules_stay_out_of_live_scope_and_menus
    assert prefix in live_scope
E   assert '/portal' in '\n"""Canlı kapsam karantina yardımcıları.\n\nFaz 6 ile kaldırılan modüllerin kalan endpoint/menu izleri tek yerden\nd...da tutuluyor.",\n        "Fiziksel söküm ancak overlay manifest ve dry-run doğrulamasından sonra yapılmalı.",\n    )\n'</failure></testcase><testcase classname="tests.security.test_final_quality_security_source_contract" name="test_security_tests_do_not_call_external_network_or_mutate_database" time="0.018" /><testcase classname="tests.security.test_final_quality_security_static_release_contract" name="test_final_quality_security_static_release_contract_presence" time="0.000" /><testcase classname="tests.security.test_final_quality_security_static_release_contract" name="test_final_quality_security_static_release_contract_passive" time="0.000" /></testsuite></testsuites>