<?xml version="1.0" encoding="utf-8"?><testsuites name="pytest tests"><testsuite name="pytest" errors="0" failures="1" skipped="0" tests="5" time="0.055" timestamp="2026-06-12T11:18:53.037947+03:00" hostname="HavvaGulsen"><testcase classname="tests.test_feedback_pulse_admin_tab_static" name="test_admin_pulse_analytics_route_exists" time="0.001" /><testcase classname="tests.test_feedback_pulse_admin_tab_static" name="test_base_has_separate_pulse_analysis_menu_item" time="0.001" /><testcase classname="tests.test_feedback_pulse_admin_tab_static" name="test_feedback_core_menu_policy_contains_pulse_keys" time="0.001"><failure message="assert '&quot;feedback_admin&quot;' in 'from __future__ import annotations\n\n\nimport logging\nlogger = logging.getLogger(__name__)\n\n&quot;&quot;&quot;Ortak route destek...edback_pulse&quot;)\nFEEDBACK_MANAGER_MENU_KEY = &quot;feedback_manager&quot;\n# BYS360_A5_P2D2_FEEDBACK_PULSE_CORE_MENU_KEYS_END\n\n'">tests\test_feedback_pulse_admin_tab_static.py:26: in test_feedback_core_menu_policy_contains_pulse_keys
    assert '"feedback_admin"' in text
E   assert '"feedback_admin"' in 'from __future__ import annotations\n\n\nimport logging\nlogger = logging.getLogger(__name__)\n\n"""Ortak route destek...edback_pulse")\nFEEDBACK_MANAGER_MENU_KEY = "feedback_manager"\n# BYS360_A5_P2D2_FEEDBACK_PULSE_CORE_MENU_KEYS_END\n\n'</failure></testcase><testcase classname="tests.test_feedback_pulse_menu_visibility_static" name="test_feedback_pulse_is_core_visible_for_all_roles" time="0.000" /><testcase classname="tests.test_feedback_pulse_menu_visibility_static" name="test_feedback_pulse_menu_item_still_exists_in_base_and_registry" time="0.001" /></testsuite></testsuites>